#
# A fatal error has been detected by the Java Runtime Environment:
#
#  EXCEPTION_ACCESS_VIOLATION (0xc0000005) at pc=0x0000000066bcbd0d, pid=25620, tid=19252
#
# JRE version: OpenJDK Runtime Environment Temurin-17.0.4.1+1 (17.0.4.1+1) (build 17.0.4.1+1)
# Java VM: OpenJDK 64-Bit Server VM Temurin-17.0.4.1+1 (17.0.4.1+1, mixed mode, sharing, tiered, compressed oops, compressed class ptrs, g1 gc, windows-amd64)
# Problematic frame:
# C  [gdx-box2d64.dll+0xbd0d]
#
# No core dump will be written. Minidumps are not enabled by default on client versions of Windows
#
# If you would like to submit a bug report, please visit:
#   https://github.com/adoptium/adoptium-support/issues
# The crash happened outside the Java Virtual Machine in native code.
# See problematic frame for where to report the bug.
#

---------------  S U M M A R Y ------------

Command Line: -javaagent:C:\Program Files\JetBrains\IntelliJ IDEA Community Edition 2022.2.1\lib\idea_rt.jar=10141:C:\Program Files\JetBrains\IntelliJ IDEA Community Edition 2022.2.1\bin -Dfile.encoding=UTF-8 Test

Host: Intel(R) Core(TM) i7-10510U CPU @ 1.80GHz, 8 cores, 15G,  Windows 11 , 64 bit Build 22621 (10.0.22621.1778)
Time: Fri Jun 16 11:02:39 2023 Paris, Madrid (heure duild 22621 (10.0.22621.1778) elapsed time: 159.056393 seconds (0d 0h 2m 39s)

---------------  T H R E A D  ---------------

Current thread (0x0000017ec1060ef0):  JavaThread "LWJGL Application" [_thread_in_native, id=19252, stack(0x00000067bba00000,0x00000067bbb00000)]

Stack: [0x00000067bba00000,0x00000067bbb00000],  sp=0x00000067bbafe6c0,  free space=1017k
Native frames: (J=compiled Java code, j=interpreted, Vv=VM code, C=native code)
C  [gdx-box2d64.dll+0xbd0d]

Java frames: (J=compiled Java code, j=interpreted, Vv=VM code)
j  com.badlogic.gdx.physics.box2d.World.jniCreateBody(JIFFFFFFFFZZZZZF)J+0
j  com.badlogic.gdx.physics.box2d.World.createBody(Lcom/badlogic/gdx/physics/box2d/BodyDef;)Lcom/badlogic/gdx/physics/box2d/Body;+80
j  ch.hevs.gdx2d.lib.physics.AbstractPhysicsObject.createObject(Lcom/badlogic/gdx/physics/box2d/Shape$Type;Ljava/lang/String;Lcom/badlogic/gdx/math/Vector2;FFFFFFZ)V+139
j  ch.hevs.gdx2d.lib.physics.AbstractPhysicsObject.<init>(Lcom/badlogic/gdx/physics/box2d/Shape$Type;Ljava/lang/String;Lcom/badlogic/gdx/math/Vector2;FFFFFZ)V+39
j  ch.hevs.gdx2d.components.physics.primitives.PhysicsStaticBox.<init>(Ljava/lang/String;Lcom/badlogic/gdx/math/Vector2;FF)V+16
j  Wall.<init>(Ljava/lang/String;Lcom/badlogic/gdx/math/Vector2;FF)V+17
j  Graphics.initialiseWalls()V+29
J 1555 c1 Graphics.onGraphicRender(Lch/hevs/gdx2d/lib/GdxGraphics;)V (2246 bytes) @ 0x0000017ea55b38c4 [0x0000017ea55b05a0+0x0000000000003324]
J 1553 c1 ch.hevs.gdx2d.desktop.Game2D.render()V (23 bytes) @ 0x0000017ea55ae254 [0x0000017ea55ae160+0x00000000000000f4]
j  com.badlogic.gdx.backends.lwjgl.LwjglApplication.mainLoop()V+698
j  com.badlogic.gdx.backends.lwjgl.LwjglApplication$1.run()V+27
v  ~StubRoutines::call_stub

siginfo: EXCEPTION_ACCESS_VIOLATION (0xc0000005), reading address 0x0000002600000000


Register to memory mapping:

RIP=0x0000000066bcbd0d gdx-box2d64.dll
RAX=0x0000002600000000 is an unknown value
RBX=0x0000017ec1b49e50 points into unknown readable memory: 0x0000000000000000 | 00 00 00 00 00 00 00 00
RCX=0x0000017ec1b49e20 points into unknown readable memory: 0x0000017ec1b631b0 | b0 31 b6 c1 7e 01 00 00
RDX=0x00000000000000b8 is an unknown value
RSP=0x00000067bbafe6c0 is pointing into the stack for thread: 0x0000017ec1060ef0
RBP=0x0000000000000006 is an unknown value
RSI=0x0000017ec1b49e20 points into unknown readable memory: 0x0000017ec1b631b0 | b0 31 b6 c1 7e 01 00 00
RDI=0x00000067bbafe780 is pointing into the stack for thread: 0x0000017ec1060ef0
R8 =0x0000017ec1b49e20 points into unknown readable memory: 0x0000017ec1b631b0 | b0 31 b6 c1 7e 01 00 00
R9 =0x0 is NULL
R10=0x0 is NULL
R11=0x0000000000000001 is an unknown value
R12=0x0 is NULL
R13={method} {0x0000017ec0a7b428} 'jniCreateBody' '(JIFFFFFFFFZZZZZF)J' in 'com/badlogic/gdx/physics/box2d/World'
R14=0x00000067bbafe970 is pointing into the stack for thread: 0x0000017ec1060ef0
R15=0x0000017ec1060ef0 is a thread


Registers:
RAX=0x0000002600000000, RBX=0x0000017ec1b49e50, RCX=0x0000017ec1b49e20, RDX=0x00000000000000b8
RSP=0x00000067bbafe6c0, RBP=0x0000000000000006, RSI=0x0000017ec1b49e20, RDI=0x00000067bbafe780
R8 =0x0000017ec1b49e20, R9 =0x0000000000000000, R10=0x0000000000000000, R11=0x0000000000000001
R12=0x0000000000000000, R13=0x0000017ec0a7b420, R14=0x00000067bbafe970, R15=0x0000017ec1060ef0
RIP=0x0000000066bcbd0d, EFLAGS=0x0000000000010206

Top of Stack: (sp=0x00000067bbafe6c0)
0x00000067bbafe6c0:   0000017ec0a7b420 0000017ec1060ef0
0x00000067bbafe6d0:   00007ffbf77525f8 0000017ec1530720
0x00000067bbafe6e0:   0000017e0000000b 0000017ec1b49e20
0x00000067bbafe6f0:   0000000000000110 00000067bbafe780
0x00000067bbafe700:   00000067bbafe8c8 0000000000000000
0x00000067bbafe710:   0000017ec0a7b420 0000000066be2483
0x00000067bbafe720:   00000067bbafe7c0 00000067bbafe7c0
0x00000067bbafe730:   00007ffb00000003 0000017ec0a7b420
0x00000067bbafe740:   0000000000000001 0000000000000110
0x00000067bbafe750:   0000000000001426 0000000066be8616
0x00000067bbafe760:   0000017ec1060ef0 00000067bbafe970
0x00000067bbafe770:   00000067bbafe8c8 0000017ea4d78f0b
0x00000067bbafe780:   0000000000000000 0000000040e0da74
0x00000067bbafe790:   0000000000000000 0000000000000000
0x00000067bbafe7a0:   0000010100000000 00000067bbafe901
0x00000067bbafe7b0:   0000000000000000 000000003f800000 

Instructions: (pc=0x0000000066bcbd0d)
0x0000000066bcbc0d:   22 83 fe 0d 7e dd 48 8d 15 26 9f 04 00 48 8d 0d
0x0000000066bcbc1d:   86 9f 04 00 41 b8 49 00 00 00 e8 54 84 02 00 eb
0x0000000066bcbc2d:   c2 66 90 c6 05 09 a4 05 00 01 48 83 c4 28 5b 5e
0x0000000066bcbc3d:   5f 5d c3 48 8d 7b 11 c6 43 10 00 b2 6f 40 f6 c7
0x0000000066bcbc4d:   02 0f 84 41 ff ff ff 31 c9 48 83 c7 02 83 ea 02
0x0000000066bcbc5d:   66 89 4f fe 40 f6 c7 04 0f 84 34 ff ff ff c7 07
0x0000000066bcbc6d:   00 00 00 00 83 ea 04 48 83 c7 04 e9 22 ff ff ff
0x0000000066bcbc7d:   90 66 90 57 56 53 48 83 ec 20 8b 41 08 31 f6 31
0x0000000066bcbc8d:   db 48 89 cf 85 c0 7e 19 48 8b 07 83 c3 01 48 8b
0x0000000066bcbc9d:   4c 30 08 48 83 c6 10 e8 47 09 00 00 39 5f 08 7f
0x0000000066bcbcad:   e7 48 8b 0f 48 83 c4 20 5b 5e 5f e9 33 09 00 00
0x0000000066bcbcbd:   90 66 90 41 55 41 54 55 57 56 53 48 83 ec 28 48
0x0000000066bcbccd:   63 da 48 89 ce 83 fb 00 0f 84 46 01 00 00 0f 8e
0x0000000066bcbcdd:   22 01 00 00 81 fb 80 02 00 00 0f 8f 03 01 00 00
0x0000000066bcbced:   48 8d 05 6c a3 05 00 0f b6 1c 18 80 fb 0d 0f b6
0x0000000066bcbcfd:   eb 77 21 48 8d 1c de 48 8b 43 10 48 85 c0 74 3a
0x0000000066bcbd0d:   48 8b 10 48 89 53 10 48 83 c4 28 5b 5e 5f 5d 41
0x0000000066bcbd1d:   5c 41 5d c3 48 8d 15 18 9e 04 00 48 8d 0d 99 9e
0x0000000066bcbd2d:   04 00 48 8d 1c de 41 b8 70 00 00 00 e8 42 83 02
0x0000000066bcbd3d:   00 48 8b 43 10 48 85 c0 75 c6 8b 46 08 3b 46 0c
0x0000000066bcbd4d:   48 63 f8 0f 84 fc 00 00 00 48 c1 e7 04 48 03 3e
0x0000000066bcbd5d:   b9 00 40 00 00 e8 79 08 00 00 49 89 c0 48 89 47
0x0000000066bcbd6d:   08 48 8d 05 8b 72 03 00 8b 2c a8 b8 00 40 00 00
0x0000000066bcbd7d:   99 f7 fd 89 2f 41 89 c4 41 89 c5 4c 89 c0 44 0f
0x0000000066bcbd8d:   af e5 41 81 fc 00 40 00 00 0f 8f 94 00 00 00 41
0x0000000066bcbd9d:   8d 4d ff 31 d2 4c 63 d5 49 89 c0 85 c9 7f 07 eb
0x0000000066bcbdad:   13 66 90 4d 89 c8 83 c2 01 4f 8d 0c 10 39 ca 4d
0x0000000066bcbdbd:   89 08 75 ef 41 29 ec 4d 63 e4 4a c7 04 20 00 00
0x0000000066bcbdcd:   00 00 48 8b 10 48 89 53 10 83 46 08 01 48 83 c4
0x0000000066bcbddd:   28 5b 5e 5f 5d 41 5c 41 5d c3 66 0f 1f 84 00 00
0x0000000066bcbded:   00 00 00 89 d9 48 83 c4 28 5b 5e 5f 5d 41 5c 41
0x0000000066bcbdfd:   5d e9 dd 07 00 00 48 8d 15 36 9d 04 00 48 8d 0d 


Stack slot to memory mapping:
stack at sp + 0 slots: {method} {0x0000017ec0a7b428} 'jniCreateBody' '(JIFFFFFFFFZZZZZF)J' in 'com/badlogic/gdx/physics/box2d/World'
stack at sp + 1 slots: 0x0000017ec1060ef0 is a thread
stack at sp + 2 slots: 0x00007ffbf77525f8 jvm.dll
stack at sp + 3 slots: 0x0000017ec1530720 points into unknown readable memory: 0x4a280013edf00001 | 01 00 f0 ed 13 00 28 4a
stack at sp + 4 slots: 0x0000017e0000000b is an unknown value
stack at sp + 5 slots: 0x0000017ec1b49e20 points into unknown readable memory: 0x0000017ec1b631b0 | b0 31 b6 c1 7e 01 00 00
stack at sp + 6 slots: 0x0000000000000110 is an unknown value
stack at sp + 7 slots: 0x00000067bbafe780 is pointing into the stack for thread: 0x0000017ec1060ef0


---------------  P R O C E S S  ---------------

Threads class SMR info:
_java_thread_list=0x0000017ecd69a2d0, length=16, elements={
0x0000017ec012fe90, 0x0000017ec01311e0, 0x0000017ec0143410, 0x0000017ec0147ee0,
0x0000017ec0148ea0, 0x0000017ec014aa10, 0x0000017ec014cac0, 0x0000017ec0151490,
0x0000017ec0155370, 0x0000017ec0117950, 0x0000017ec0e1be50, 0x0000017ec0de70b0,
0x0000017ec1060ef0, 0x0000017e9d28d460, 0x0000017ecd5f3fd0, 0x0000017ecd4b35e0
}

Java Threads: ( => current thread )
  0x0000017ec012fe90 JavaThread "Reference Handler" daemon [_thread_blocked, id=3316, stack(0x00000067bab00000,0x00000067bac00000)]
  0x0000017ec01311e0 JavaThread "Finalizer" daemon [_thread_blocked, id=23632, stack(0x00000067bac00000,0x00000067bad00000)]
  0x0000017ec0143410 JavaThread "Signal Dispatcher" daemon [_thread_blocked, id=25952, stack(0x00000067bad00000,0x00000067bae00000)]
  0x0000017ec0147ee0 JavaThread "Attach Listener" daemon [_thread_blocked, id=18144, stack(0x00000067bae00000,0x00000067baf00000)]
  0x0000017ec0148ea0 JavaThread "Service Thread" daemon [_thread_blocked, id=16660, stack(0x00000067baf00000,0x00000067bb000000)]
  0x0000017ec014aa10 JavaThread "Monitor Deflation Thread" daemon [_thread_blocked, id=27456, stack(0x00000067bb000000,0x00000067bb100000)]
  0x0000017ec014cac0 JavaThread "C2 CompilerThread0" daemon [_thread_blocked, id=15344, stack(0x00000067bb100000,0x00000067bb200000)]
  0x0000017ec0151490 JavaThread "C1 CompilerThread0" daemon [_thread_blocked, id=23340, stack(0x00000067bb200000,0x00000067bb300000)]
  0x0000017ec0155370 JavaThread "Sweeper thread" daemon [_thread_blocked, id=20580, stack(0x00000067bb300000,0x00000067bb400000)]
  0x0000017ec0117950 JavaThread "Common-Cleaner" daemon [_thread_blocked, id=7008, stack(0x00000067bb400000,0x00000067bb500000)]
  0x0000017ec0e1be50 JavaThread "Monitor Ctrl-Break" daemon [_thread_in_native, id=2656, stack(0x00000067bb500000,0x00000067bb600000)]
  0x0000017ec0de70b0 JavaThread "Notification Thread" daemon [_thread_blocked, id=22752, stack(0x00000067bb600000,0x00000067bb700000)]
=>0x0000017ec1060ef0 JavaThread "LWJGL Application" [_thread_in_native, id=19252, stack(0x00000067bba00000,0x00000067bbb00000)]
  0x0000017e9d28d460 JavaThread "DestroyJavaVM" [_thread_blocked, id=26320, stack(0x00000067ba400000,0x00000067ba500000)]
  0x0000017ecd5f3fd0 JavaThread "LWJGL Timer" daemon [_thread_blocked, id=18124, stack(0x00000067bc800000,0x00000067bc900000)]
  0x0000017ecd4b35e0 JavaThread "Timer" daemon [_thread_blocked, id=1944, stack(0x00000067bc900000,0x00000067bca00000)]

Other Threads:
  0x0000017ec012b850 VMThread "VM Thread" [stack: 0x00000067baa00000,0x00000067bab00000] [id=21896]
  0x0000017e9d30fa00 WatcherThread [stack: 0x00000067bb700000,0x00000067bb800000] [id=16640]
  0x0000017e9d2f6c30 GCTaskThread "GC Thread#0" [stack: 0x00000067ba500000,0x00000067ba600000] [id=6028]
  0x0000017ecd570120 GCTaskThread "GC Thread#1" [stack: 0x00000067bc100000,0x00000067bc200000] [id=11808]
  0x0000017ecd3f4820 GCTaskThread "GC Thread#2" [stack: 0x00000067bc200000,0x00000067bc300000] [id=18872]
  0x0000017ecd3dd160 GCTaskThread "GC Thread#3" [stack: 0x00000067bc300000,0x00000067bc400000] [id=26744]
  0x0000017ecd596aa0 GCTaskThread "GC Thread#4" [stack: 0x00000067bc400000,0x00000067bc500000] [id=14904]
  0x0000017ecd57a900 GCTaskThread "GC Thread#5" [stack: 0x00000067bc500000,0x00000067bc600000] [id=9540]
  0x0000017ecd5d5fe0 GCTaskThread "GC Thread#6" [stack: 0x00000067bc600000,0x00000067bc700000] [id=1732]
  0x0000017ecd5d6290 GCTaskThread "GC Thread#7" [stack: 0x00000067bc700000,0x00000067bc800000] [id=22008]
  0x0000017e9d307960 ConcurrentGCThread "G1 Main Marker" [stack: 0x00000067ba600000,0x00000067ba700000] [id=6956]
  0x0000017e9d309b20 ConcurrentGCThread "G1 Conc#0" [stack: 0x00000067ba700000,0x00000067ba800000] [id=20700]
  0x0000017ebffe7500 ConcurrentGCThread "G1 Refine#0" [stack: 0x00000067ba800000,0x00000067ba900000] [id=19968]
  0x0000017e9d35e4e0 ConcurrentGCThread "G1 Service" [stack: 0x00000067ba900000,0x00000067baa00000] [id=16160]

Threads with active compile tasks:

VM state: not at safepoint (normal execution)

VM Mutex/Monitor currently owned by a thread: None

Heap address: 0x0000000703600000, size: 4042 MB, Compressed Oops mode: Zero based, Oop shift amount: 3

CDS archive(s) mapped at: [0x0000000800000000-0x0000000800bc0000-0x0000000800bc0000), size 12320768, SharedBaseAddress: 0x0000000800000000, ArchiveRelocationMode: 0.
Compressed class space mapped at: 0x0000000800c00000-0x0000000840c00000, reserved size: 1073741824
Narrow klass base: 0x0000000800000000, Narrow klass shift: 0, Narrow klass range: 0x100000000

GC Precious Log:
 CPUs: 8 total, 8 available
 Memory: 16166M
 Large Page Support: Disabled
 NUMA Support: Disabled
 Compressed Oops: Enabled (Zero based)
 Heap Region Size: 2M
 Heap Min Capacity: 8M
 Heap Initial Capacity: 254M
 Heap Max Capacity: 4042M
 Pre-touch: Disabled
 Parallel Workers: 8
 Concurrent Workers: 2
 Concurrent Refinement Workers: 8
 Periodic GC: Disabled

Heap:
 garbage-first heap   total 260096K, used 121372K [0x0000000703600000, 0x0000000800000000)
  region size 2048K, 60 young (122880K), 1 survivors (2048K)
 Metaspace       used 9856K, committed 9984K, reserved 1064960K
  class space    used 951K, committed 1024K, reserved 1048576K

Heap Regions: E=young(eden), S=young(survivor), O=old, HS=humongous(starts), HC=humongous(continues), CS=collection set, F=free, OA=open archive, CA=closed archive, TAMS=top-at-mark-start (previous, next)
|   0|0x0000000703600000, 0x0000000703800000, 0x0000000703800000|100%| O|  |TAMS 0x0000000703600000, 0x0000000703600000| Untracked 
|   1|0x0000000703800000, 0x0000000703800000, 0x0000000703a00000|  0%| F|  |TAMS 0x0000000703800000, 0x0000000703800000| Untracked 
|   2|0x0000000703a00000, 0x0000000703a00000, 0x0000000703c00000|  0%| F|  |TAMS 0x0000000703a00000, 0x0000000703a00000| Untracked 
|   3|0x0000000703c00000, 0x0000000703c00000, 0x0000000703e00000|  0%| F|  |TAMS 0x0000000703c00000, 0x0000000703c00000| Untracked 
|   4|0x0000000703e00000, 0x0000000703fb2200, 0x0000000704000000| 84%| O|  |TAMS 0x0000000703e00000, 0x0000000703e00000| Untracked 
|   5|0x0000000704000000, 0x0000000704000000, 0x0000000704200000|  0%| F|  |TAMS 0x0000000704000000, 0x0000000704000000| Untracked 
|   6|0x0000000704200000, 0x0000000704200000, 0x0000000704400000|  0%| F|  |TAMS 0x0000000704200000, 0x0000000704200000| Untracked 
|   7|0x0000000704400000, 0x0000000704400000, 0x0000000704600000|  0%| F|  |TAMS 0x0000000704400000, 0x0000000704400000| Untracked 
|   8|0x0000000704600000, 0x0000000704600000, 0x0000000704800000|  0%| F|  |TAMS 0x0000000704600000, 0x0000000704600000| Untracked 
|   9|0x0000000704800000, 0x0000000704800000, 0x0000000704a00000|  0%| F|  |TAMS 0x0000000704800000, 0x0000000704800000| Untracked 
|  10|0x0000000704a00000, 0x0000000704a00000, 0x0000000704c00000|  0%| F|  |TAMS 0x0000000704a00000, 0x0000000704a00000| Untracked 
|  11|0x0000000704c00000, 0x0000000704c00000, 0x0000000704e00000|  0%| F|  |TAMS 0x0000000704c00000, 0x0000000704c00000| Untracked 
|  12|0x0000000704e00000, 0x0000000704e00000, 0x0000000705000000|  0%| F|  |TAMS 0x0000000704e00000, 0x0000000704e00000| Untracked 
|  13|0x0000000705000000, 0x0000000705000000, 0x0000000705200000|  0%| F|  |TAMS 0x0000000705000000, 0x0000000705000000| Untracked 
|  14|0x0000000705200000, 0x0000000705200000, 0x0000000705400000|  0%| F|  |TAMS 0x0000000705200000, 0x0000000705200000| Untracked 
|  15|0x0000000705400000, 0x0000000705400000, 0x0000000705600000|  0%| F|  |TAMS 0x0000000705400000, 0x0000000705400000| Untracked 
|  16|0x0000000705600000, 0x0000000705600000, 0x0000000705800000|  0%| F|  |TAMS 0x0000000705600000, 0x0000000705600000| Untracked 
|  17|0x0000000705800000, 0x0000000705800000, 0x0000000705a00000|  0%| F|  |TAMS 0x0000000705800000, 0x0000000705800000| Untracked 
|  18|0x0000000705a00000, 0x0000000705a00000, 0x0000000705c00000|  0%| F|  |TAMS 0x0000000705a00000, 0x0000000705a00000| Untracked 
|  19|0x0000000705c00000, 0x0000000705c00000, 0x0000000705e00000|  0%| F|  |TAMS 0x0000000705c00000, 0x0000000705c00000| Untracked 
|  20|0x0000000705e00000, 0x0000000705e00000, 0x0000000706000000|  0%| F|  |TAMS 0x0000000705e00000, 0x0000000705e00000| Untracked 
|  21|0x0000000706000000, 0x0000000706000000, 0x0000000706200000|  0%| F|  |TAMS 0x0000000706000000, 0x0000000706000000| Untracked 
|  22|0x0000000706200000, 0x0000000706200000, 0x0000000706400000|  0%| F|  |TAMS 0x0000000706200000, 0x0000000706200000| Untracked 
|  23|0x0000000706400000, 0x0000000706400000, 0x0000000706600000|  0%| F|  |TAMS 0x0000000706400000, 0x0000000706400000| Untracked 
|  24|0x0000000706600000, 0x0000000706600000, 0x0000000706800000|  0%| F|  |TAMS 0x0000000706600000, 0x0000000706600000| Untracked 
|  25|0x0000000706800000, 0x0000000706800000, 0x0000000706a00000|  0%| F|  |TAMS 0x0000000706800000, 0x0000000706800000| Untracked 
|  26|0x0000000706a00000, 0x0000000706a00000, 0x0000000706c00000|  0%| F|  |TAMS 0x0000000706a00000, 0x0000000706a00000| Untracked 
|  27|0x0000000706c00000, 0x0000000706c00000, 0x0000000706e00000|  0%| F|  |TAMS 0x0000000706c00000, 0x0000000706c00000| Untracked 
|  28|0x0000000706e00000, 0x0000000706e00000, 0x0000000707000000|  0%| F|  |TAMS 0x0000000706e00000, 0x0000000706e00000| Untracked 
|  29|0x0000000707000000, 0x0000000707000000, 0x0000000707200000|  0%| F|  |TAMS 0x0000000707000000, 0x0000000707000000| Untracked 
|  30|0x0000000707200000, 0x0000000707200000, 0x0000000707400000|  0%| F|  |TAMS 0x0000000707200000, 0x0000000707200000| Untracked 
|  31|0x0000000707400000, 0x0000000707400000, 0x0000000707600000|  0%| F|  |TAMS 0x0000000707400000, 0x0000000707400000| Untracked 
|  32|0x0000000707600000, 0x0000000707600000, 0x0000000707800000|  0%| F|  |TAMS 0x0000000707600000, 0x0000000707600000| Untracked 
|  33|0x0000000707800000, 0x0000000707800000, 0x0000000707a00000|  0%| F|  |TAMS 0x0000000707800000, 0x0000000707800000| Untracked 
|  34|0x0000000707a00000, 0x0000000707a00000, 0x0000000707c00000|  0%| F|  |TAMS 0x0000000707a00000, 0x0000000707a00000| Untracked 
|  35|0x0000000707c00000, 0x0000000707c00000, 0x0000000707e00000|  0%| F|  |TAMS 0x0000000707c00000, 0x0000000707c00000| Untracked 
|  36|0x0000000707e00000, 0x0000000707e00000, 0x0000000708000000|  0%| F|  |TAMS 0x0000000707e00000, 0x0000000707e00000| Untracked 
|  37|0x0000000708000000, 0x0000000708000000, 0x0000000708200000|  0%| F|  |TAMS 0x0000000708000000, 0x0000000708000000| Untracked 
|  38|0x0000000708200000, 0x0000000708200000, 0x0000000708400000|  0%| F|  |TAMS 0x0000000708200000, 0x0000000708200000| Untracked 
|  39|0x0000000708400000, 0x0000000708400000, 0x0000000708600000|  0%| F|  |TAMS 0x0000000708400000, 0x0000000708400000| Untracked 
|  40|0x0000000708600000, 0x0000000708600000, 0x0000000708800000|  0%| F|  |TAMS 0x0000000708600000, 0x0000000708600000| Untracked 
|  41|0x0000000708800000, 0x0000000708800000, 0x0000000708a00000|  0%| F|  |TAMS 0x0000000708800000, 0x0000000708800000| Untracked 
|  42|0x0000000708a00000, 0x0000000708a00000, 0x0000000708c00000|  0%| F|  |TAMS 0x0000000708a00000, 0x0000000708a00000| Untracked 
|  43|0x0000000708c00000, 0x0000000708c00000, 0x0000000708e00000|  0%| F|  |TAMS 0x0000000708c00000, 0x0000000708c00000| Untracked 
|  44|0x0000000708e00000, 0x0000000708e00000, 0x0000000709000000|  0%| F|  |TAMS 0x0000000708e00000, 0x0000000708e00000| Untracked 
|  45|0x0000000709000000, 0x0000000709000000, 0x0000000709200000|  0%| F|  |TAMS 0x0000000709000000, 0x0000000709000000| Untracked 
|  46|0x0000000709200000, 0x0000000709200000, 0x0000000709400000|  0%| F|  |TAMS 0x0000000709200000, 0x0000000709200000| Untracked 
|  47|0x0000000709400000, 0x0000000709400000, 0x0000000709600000|  0%| F|  |TAMS 0x0000000709400000, 0x0000000709400000| Untracked 
|  48|0x0000000709600000, 0x0000000709600000, 0x0000000709800000|  0%| F|  |TAMS 0x0000000709600000, 0x0000000709600000| Untracked 
|  49|0x0000000709800000, 0x0000000709800000, 0x0000000709a00000|  0%| F|  |TAMS 0x0000000709800000, 0x0000000709800000| Untracked 
|  50|0x0000000709a00000, 0x0000000709a00000, 0x0000000709c00000|  0%| F|  |TAMS 0x0000000709a00000, 0x0000000709a00000| Untracked 
|  51|0x0000000709c00000, 0x0000000709c00000, 0x0000000709e00000|  0%| F|  |TAMS 0x0000000709c00000, 0x0000000709c00000| Untracked 
|  52|0x0000000709e00000, 0x0000000709e00000, 0x000000070a000000|  0%| F|  |TAMS 0x0000000709e00000, 0x0000000709e00000| Untracked 
|  53|0x000000070a000000, 0x000000070a000000, 0x000000070a200000|  0%| F|  |TAMS 0x000000070a000000, 0x000000070a000000| Untracked 
|  54|0x000000070a200000, 0x000000070a200000, 0x000000070a400000|  0%| F|  |TAMS 0x000000070a200000, 0x000000070a200000| Untracked 
|  55|0x000000070a400000, 0x000000070a400000, 0x000000070a600000|  0%| F|  |TAMS 0x000000070a400000, 0x000000070a400000| Untracked 
|  56|0x000000070a600000, 0x000000070a600000, 0x000000070a800000|  0%| F|  |TAMS 0x000000070a600000, 0x000000070a600000| Untracked 
|  57|0x000000070a800000, 0x000000070a800000, 0x000000070aa00000|  0%| F|  |TAMS 0x000000070a800000, 0x000000070a800000| Untracked 
|  58|0x000000070aa00000, 0x000000070aa00000, 0x000000070ac00000|  0%| F|  |TAMS 0x000000070aa00000, 0x000000070aa00000| Untracked 
|  59|0x000000070ac00000, 0x000000070ac00000, 0x000000070ae00000|  0%| F|  |TAMS 0x000000070ac00000, 0x000000070ac00000| Untracked 
|  60|0x000000070ae00000, 0x000000070ae00000, 0x000000070b000000|  0%| F|  |TAMS 0x000000070ae00000, 0x000000070ae00000| Untracked 
|  61|0x000000070b000000, 0x000000070b000000, 0x000000070b200000|  0%| F|  |TAMS 0x000000070b000000, 0x000000070b000000| Untracked 
|  62|0x000000070b200000, 0x000000070b200000, 0x000000070b400000|  0%| F|  |TAMS 0x000000070b200000, 0x000000070b200000| Untracked 
|  63|0x000000070b400000, 0x000000070b400000, 0x000000070b600000|  0%| F|  |TAMS 0x000000070b400000, 0x000000070b400000| Untracked 
|  64|0x000000070b600000, 0x000000070b600000, 0x000000070b800000|  0%| F|  |TAMS 0x000000070b600000, 0x000000070b600000| Untracked 
|  65|0x000000070b800000, 0x000000070b800000, 0x000000070ba00000|  0%| F|  |TAMS 0x000000070b800000, 0x000000070b800000| Untracked 
|  66|0x000000070ba00000, 0x000000070ba00000, 0x000000070bc00000|  0%| F|  |TAMS 0x000000070ba00000, 0x000000070ba00000| Untracked 
|  67|0x000000070bc00000, 0x000000070be00000, 0x000000070be00000|100%| E|  |TAMS 0x000000070bc00000, 0x000000070bc00000| Complete 
|  68|0x000000070be00000, 0x000000070c000000, 0x000000070c000000|100%| E|CS|TAMS 0x000000070be00000, 0x000000070be00000| Complete 
|  69|0x000000070c000000, 0x000000070c200000, 0x000000070c200000|100%| E|CS|TAMS 0x000000070c000000, 0x000000070c000000| Complete 
|  70|0x000000070c200000, 0x000000070c400000, 0x000000070c400000|100%| E|CS|TAMS 0x000000070c200000, 0x000000070c200000| Complete 
|  71|0x000000070c400000, 0x000000070c600000, 0x000000070c600000|100%| E|CS|TAMS 0x000000070c400000, 0x000000070c400000| Complete 
|  72|0x000000070c600000, 0x000000070c800000, 0x000000070c800000|100%| E|CS|TAMS 0x000000070c600000, 0x000000070c600000| Complete 
|  73|0x000000070c800000, 0x000000070ca00000, 0x000000070ca00000|100%| E|CS|TAMS 0x000000070c800000, 0x000000070c800000| Complete 
|  74|0x000000070ca00000, 0x000000070cc00000, 0x000000070cc00000|100%| E|CS|TAMS 0x000000070ca00000, 0x000000070ca00000| Complete 
|  75|0x000000070cc00000, 0x000000070ce00000, 0x000000070ce00000|100%| E|CS|TAMS 0x000000070cc00000, 0x000000070cc00000| Complete 
|  76|0x000000070ce00000, 0x000000070d000000, 0x000000070d000000|100%| E|CS|TAMS 0x000000070ce00000, 0x000000070ce00000| Complete 
|  77|0x000000070d000000, 0x000000070d200000, 0x000000070d200000|100%| E|CS|TAMS 0x000000070d000000, 0x000000070d000000| Complete 
|  78|0x000000070d200000, 0x000000070d400000, 0x000000070d400000|100%| E|CS|TAMS 0x000000070d200000, 0x000000070d200000| Complete 
|  79|0x000000070d400000, 0x000000070d600000, 0x000000070d600000|100%| E|CS|TAMS 0x000000070d400000, 0x000000070d400000| Complete 
|  80|0x000000070d600000, 0x000000070d800000, 0x000000070d800000|100%| E|CS|TAMS 0x000000070d600000, 0x000000070d600000| Complete 
|  81|0x000000070d800000, 0x000000070da00000, 0x000000070da00000|100%| E|CS|TAMS 0x000000070d800000, 0x000000070d800000| Complete 
|  82|0x000000070da00000, 0x000000070dc00000, 0x000000070dc00000|100%| E|CS|TAMS 0x000000070da00000, 0x000000070da00000| Complete 
|  83|0x000000070dc00000, 0x000000070de00000, 0x000000070de00000|100%| E|CS|TAMS 0x000000070dc00000, 0x000000070dc00000| Complete 
|  84|0x000000070de00000, 0x000000070e000000, 0x000000070e000000|100%| E|CS|TAMS 0x000000070de00000, 0x000000070de00000| Complete 
|  85|0x000000070e000000, 0x000000070e200000, 0x000000070e200000|100%| E|CS|TAMS 0x000000070e000000, 0x000000070e000000| Complete 
|  86|0x000000070e200000, 0x000000070e400000, 0x000000070e400000|100%| E|CS|TAMS 0x000000070e200000, 0x000000070e200000| Complete 
|  87|0x000000070e400000, 0x000000070e600000, 0x000000070e600000|100%| E|CS|TAMS 0x000000070e400000, 0x000000070e400000| Complete 
|  88|0x000000070e600000, 0x000000070e800000, 0x000000070e800000|100%| E|CS|TAMS 0x000000070e600000, 0x000000070e600000| Complete 
|  89|0x000000070e800000, 0x000000070ea00000, 0x000000070ea00000|100%| E|CS|TAMS 0x000000070e800000, 0x000000070e800000| Complete 
|  90|0x000000070ea00000, 0x000000070ec00000, 0x000000070ec00000|100%| E|CS|TAMS 0x000000070ea00000, 0x000000070ea00000| Complete 
|  91|0x000000070ec00000, 0x000000070ee00000, 0x000000070ee00000|100%| E|CS|TAMS 0x000000070ec00000, 0x000000070ec00000| Complete 
|  92|0x000000070ee00000, 0x000000070f000000, 0x000000070f000000|100%| E|CS|TAMS 0x000000070ee00000, 0x000000070ee00000| Complete 
|  93|0x000000070f000000, 0x000000070f200000, 0x000000070f200000|100%| E|CS|TAMS 0x000000070f000000, 0x000000070f000000| Complete 
|  94|0x000000070f200000, 0x000000070f400000, 0x000000070f400000|100%| E|CS|TAMS 0x000000070f200000, 0x000000070f200000| Complete 
|  95|0x000000070f400000, 0x000000070f600000, 0x000000070f600000|100%| E|CS|TAMS 0x000000070f400000, 0x000000070f400000| Complete 
|  96|0x000000070f600000, 0x000000070f800000, 0x000000070f800000|100%| E|CS|TAMS 0x000000070f600000, 0x000000070f600000| Complete 
|  97|0x000000070f800000, 0x000000070fa00000, 0x000000070fa00000|100%| E|CS|TAMS 0x000000070f800000, 0x000000070f800000| Complete 
|  98|0x000000070fa00000, 0x000000070fc00000, 0x000000070fc00000|100%| E|CS|TAMS 0x000000070fa00000, 0x000000070fa00000| Complete 
|  99|0x000000070fc00000, 0x000000070fe00000, 0x000000070fe00000|100%| E|CS|TAMS 0x000000070fc00000, 0x000000070fc00000| Complete 
| 100|0x000000070fe00000, 0x0000000710000000, 0x0000000710000000|100%| E|CS|TAMS 0x000000070fe00000, 0x000000070fe00000| Complete 
| 101|0x0000000710000000, 0x0000000710200000, 0x0000000710200000|100%| E|CS|TAMS 0x0000000710000000, 0x0000000710000000| Complete 
| 102|0x0000000710200000, 0x0000000710400000, 0x0000000710400000|100%| E|CS|TAMS 0x0000000710200000, 0x0000000710200000| Complete 
| 103|0x0000000710400000, 0x0000000710600000, 0x0000000710600000|100%| E|CS|TAMS 0x0000000710400000, 0x0000000710400000| Complete 
| 104|0x0000000710600000, 0x0000000710800000, 0x0000000710800000|100%| E|CS|TAMS 0x0000000710600000, 0x0000000710600000| Complete 
| 105|0x0000000710800000, 0x0000000710a00000, 0x0000000710a00000|100%| E|CS|TAMS 0x0000000710800000, 0x0000000710800000| Complete 
| 106|0x0000000710a00000, 0x0000000710c00000, 0x0000000710c00000|100%| E|CS|TAMS 0x0000000710a00000, 0x0000000710a00000| Complete 
| 107|0x0000000710c00000, 0x0000000710e00000, 0x0000000710e00000|100%| E|CS|TAMS 0x0000000710c00000, 0x0000000710c00000| Complete 
| 108|0x0000000710e00000, 0x0000000711000000, 0x0000000711000000|100%| E|CS|TAMS 0x0000000710e00000, 0x0000000710e00000| Complete 
| 109|0x0000000711000000, 0x0000000711200000, 0x0000000711200000|100%| E|CS|TAMS 0x0000000711000000, 0x0000000711000000| Complete 
| 110|0x0000000711200000, 0x00000007112d4f28, 0x0000000711400000| 41%| S|CS|TAMS 0x0000000711200000, 0x0000000711200000| Complete 
| 111|0x0000000711400000, 0x0000000711600000, 0x0000000711600000|100%| E|CS|TAMS 0x0000000711400000, 0x0000000711400000| Complete 
| 112|0x0000000711600000, 0x0000000711800000, 0x0000000711800000|100%| E|CS|TAMS 0x0000000711600000, 0x0000000711600000| Complete 
| 113|0x0000000711800000, 0x0000000711a00000, 0x0000000711a00000|100%| E|CS|TAMS 0x0000000711800000, 0x0000000711800000| Complete 
| 114|0x0000000711a00000, 0x0000000711c00000, 0x0000000711c00000|100%| E|CS|TAMS 0x0000000711a00000, 0x0000000711a00000| Complete 
| 115|0x0000000711c00000, 0x0000000711e00000, 0x0000000711e00000|100%| E|CS|TAMS 0x0000000711c00000, 0x0000000711c00000| Complete 
| 116|0x0000000711e00000, 0x0000000712000000, 0x0000000712000000|100%| E|CS|TAMS 0x0000000711e00000, 0x0000000711e00000| Complete 
| 117|0x0000000712000000, 0x0000000712200000, 0x0000000712200000|100%| E|CS|TAMS 0x0000000712000000, 0x0000000712000000| Complete 
| 118|0x0000000712200000, 0x0000000712400000, 0x0000000712400000|100%| E|CS|TAMS 0x0000000712200000, 0x0000000712200000| Complete 
| 119|0x0000000712400000, 0x0000000712600000, 0x0000000712600000|100%| E|CS|TAMS 0x0000000712400000, 0x0000000712400000| Complete 
| 120|0x0000000712600000, 0x0000000712800000, 0x0000000712800000|100%| E|CS|TAMS 0x0000000712600000, 0x0000000712600000| Complete 
| 121|0x0000000712800000, 0x0000000712a00000, 0x0000000712a00000|100%| E|CS|TAMS 0x0000000712800000, 0x0000000712800000| Complete 
| 122|0x0000000712a00000, 0x0000000712c00000, 0x0000000712c00000|100%| E|  |TAMS 0x0000000712a00000, 0x0000000712a00000| Complete 
| 123|0x0000000712c00000, 0x0000000712e00000, 0x0000000712e00000|100%| E|CS|TAMS 0x0000000712c00000, 0x0000000712c00000| Complete 
| 124|0x0000000712e00000, 0x0000000713000000, 0x0000000713000000|100%| E|CS|TAMS 0x0000000712e00000, 0x0000000712e00000| Complete 
| 125|0x0000000713000000, 0x0000000713200000, 0x0000000713200000|100%| E|CS|TAMS 0x0000000713000000, 0x0000000713000000| Complete 
| 126|0x0000000713200000, 0x0000000713400000, 0x0000000713400000|100%| E|CS|TAMS 0x0000000713200000, 0x0000000713200000| Complete 

Card table byte_map: [0x0000017eb4890000,0x0000017eb5080000] _byte_map_base: 0x0000017eb1075000

Marking Bits (Prev, Next): (CMBitMap*) 0x0000017e9d2f7240, (CMBitMap*) 0x0000017e9d2f7280
 Prev Bits: [0x0000017eb5870000, 0x0000017eb9798000)
 Next Bits: [0x0000017eb97a0000, 0x0000017ebd6c8000)

Polling page: 0x0000017e9ca60000

Metaspace:

Usage:
  Non-class:      8.70 MB used.
      Class:    951.98 KB used.
       Both:      9.63 MB used.

Virtual space:
  Non-class space:       16.00 MB reserved,       8.75 MB ( 55%) committed,  2 nodes.
      Class space:        1.00 GB reserved,       1.00 MB ( <1%) committed,  1 nodes.
             Both:        1.02 GB reserved,       9.75 MB ( <1%) committed. 

Chunk freelists:
   Non-Class:  1.83 MB
       Class:  3.02 MB
        Both:  4.84 MB

MaxMetaspaceSize: unlimited
CompressedClassSpaceSize: 1.00 GB
Initial GC threshold: 21.00 MB
Current GC threshold: 21.00 MB
CDS: on
MetaspaceReclaimPolicy: balanced
 - commit_granule_bytes: 65536.
 - commit_granule_words: 8192.
 - virtual_space_node_default_size: 1048576.
 - enlarge_chunks_in_place: 1.
 - new_chunks_are_fully_committed: 0.
 - uncommit_free_chunks: 1.
 - use_allocation_guard: 0.
 - handle_deallocations: 1.


Internal statistics:

num_allocs_failed_limit: 0.
num_arena_births: 26.
num_arena_deaths: 0.
num_vsnodes_births: 3.
num_vsnodes_deaths: 0.
num_space_committed: 154.
num_space_uncommitted: 0.
num_chunks_returned_to_freelist: 0.
num_chunks_taken_from_freelist: 278.
num_chunk_merges: 0.
num_chunk_splits: 229.
num_chunks_enlarged: 209.
num_purges: 0.
num_inconsistent_stats: 0.

CodeHeap 'non-profiled nmethods': size=120000Kb used=1020Kb max_used=1020Kb free=118979Kb
 bounds [0x0000017eac840000, 0x0000017eacab0000, 0x0000017eb3d70000]
CodeHeap 'profiled nmethods': size=120000Kb used=3455Kb max_used=3455Kb free=116544Kb
 bounds [0x0000017ea5310000, 0x0000017ea5670000, 0x0000017eac840000]
CodeHeap 'non-nmethods': size=5760Kb used=1314Kb max_used=1360Kb free=4445Kb
 bounds [0x0000017ea4d70000, 0x0000017ea4fe0000, 0x0000017ea5310000]
 total_blobs=2610 nmethods=1954 adapters=569
 compilation: enabled
              stopped_count=0, restarted_count=0
 full_count=0

Compilation events (20 events):
Event: 145.089 Thread 0x0000017ec014cac0 1945   !   4       org.lwjgl.input.Mouse::poll (215 bytes)
Event: 145.205 Thread 0x0000017ec014cac0 nmethod 1945 0x0000017eac93a690 code [0x0000017eac93a900, 0x0000017eac93c1f8]
Event: 145.209 Thread 0x0000017ec014cac0 1947   !   4       org.lwjgl.opengl.Display::isCloseRequested (38 bytes)
Event: 145.213 Thread 0x0000017ec014cac0 nmethod 1947 0x0000017eac93d590 code [0x0000017eac93d720, 0x0000017eac93d8f8]
Event: 145.275 Thread 0x0000017ec014cac0 1948       4       com.badlogic.gdx.graphics.g2d.SpriteBatch::draw (18 bytes)
Event: 145.294 Thread 0x0000017ec014cac0 nmethod 1948 0x0000017eac93d990 code [0x0000017eac93db40, 0x0000017eac93dee8]
Event: 145.295 Thread 0x0000017ec014cac0 1949       4       org.lwjgl.opengl.Display::sync (5 bytes)
Event: 145.318 Thread 0x0000017ec014cac0 nmethod 1949 0x0000017eac93e310 code [0x0000017eac93e4e0, 0x0000017eac93ebc8]
Event: 148.154 Thread 0x0000017ec014cac0 1950       4       com.badlogic.gdx.backends.lwjgl.LwjglFileHandle::file (61 bytes)
Event: 148.178 Thread 0x0000017ec014cac0 nmethod 1950 0x0000017eac93f090 code [0x0000017eac93f220, 0x0000017eac93f2f8]
Event: 158.649 Thread 0x0000017ec0151490 1951       3       java.nio.IntBuffer::position (6 bytes)
Event: 158.676 Thread 0x0000017ec0151490 nmethod 1951 0x0000017ea566e690 code [0x0000017ea566e840, 0x0000017ea566e9e8]
Event: 158.683 Thread 0x0000017ec0151490 1952       3       java.nio.IntBuffer::<init> (14 bytes)
Event: 158.685 Thread 0x0000017ec0151490 nmethod 1952 0x0000017ea566ea90 code [0x0000017ea566ec40, 0x0000017ea566ed88]
Event: 158.685 Thread 0x0000017ec0151490 1953       3       java.nio.IntBuffer::<init> (24 bytes)
Event: 158.687 Thread 0x0000017ec0151490 nmethod 1953 0x0000017ea566ee90 code [0x0000017ea566f040, 0x0000017ea566f1e8]
Event: 158.687 Thread 0x0000017ec0151490 1954       3       java.nio.IntBuffer::limit (6 bytes)
Event: 158.688 Thread 0x0000017ec0151490 nmethod 1954 0x0000017ea566f290 code [0x0000017ea566f440, 0x0000017ea566f5e8]
Event: 158.984 Thread 0x0000017ec0151490 1955       3       java.nio.DirectByteBuffer::asIntBuffer (179 bytes)
Event: 158.988 Thread 0x0000017ec0151490 nmethod 1955 0x0000017ea566f690 code [0x0000017ea566f860, 0x0000017ea566fc38]

GC Heap History (4 events):
Event: 1.461 GC heap before
{Heap before GC invocations=0 (full 0):
 garbage-first heap   total 260096K, used 20480K [0x0000000703600000, 0x0000000800000000)
  region size 2048K, 11 young (22528K), 0 survivors (0K)
 Metaspace       used 8138K, committed 8320K, reserved 1064960K
  class space    used 732K, committed 832K, reserved 1048576K
}
Event: 1.474 GC heap after
{Heap after GC invocations=1 (full 0):
 garbage-first heap   total 260096K, used 4288K [0x0000000703600000, 0x0000000800000000)
  region size 2048K, 2 young (4096K), 2 survivors (4096K)
 Metaspace       used 8138K, committed 8320K, reserved 1064960K
  class space    used 732K, committed 832K, reserved 1048576K
}
Event: 75.358 GC heap before
{Heap before GC invocations=1 (full 0):
 garbage-first heap   total 260096K, used 37056K [0x0000000703600000, 0x0000000800000000)
  region size 2048K, 16 young (32768K), 2 survivors (4096K)
 Metaspace       used 9826K, committed 9984K, reserved 1064960K
  class space    used 951K, committed 1024K, reserved 1048576K
}
Event: 75.363 GC heap after
{Heap after GC invocations=2 (full 0):
 garbage-first heap   total 260096K, used 4636K [0x0000000703600000, 0x0000000800000000)
  region size 2048K, 1 young (2048K), 1 survivors (2048K)
 Metaspace       used 9826K, committed 9984K, reserved 1064960K
  class space    used 951K, committed 1024K, reserved 1048576K
}

Deoptimization events (20 events):
Event: 41.252 Thread 0x0000017ec1060ef0 Uncommon trap: trap_request=0xffffffbe fr.pc=0x0000017eac91d06c relative=0x000000000000076c
Event: 41.252 Thread 0x0000017ec1060ef0 Uncommon trap: reason=profile_predicate action=maybe_recompile pc=0x0000017eac91d06c method=scala.collection.ArrayOps$.foreach$extension(Ljava/lang/Object;Lscala/Function1;)V @ 24 c2
Event: 41.252 Thread 0x0000017ec1060ef0 DEOPT PACKING pc=0x0000017eac91d06c sp=0x00000067bbafeaf0
Event: 41.252 Thread 0x0000017ec1060ef0 DEOPT UNPACKING pc=0x0000017ea4dc23a3 sp=0x00000067bbafea58 mode 2
Event: 41.252 Thread 0x0000017ec1060ef0 Uncommon trap: trap_request=0xffffffbe fr.pc=0x0000017eac91d06c relative=0x000000000000076c
Event: 41.252 Thread 0x0000017ec1060ef0 Uncommon trap: reason=profile_predicate action=maybe_recompile pc=0x0000017eac91d06c method=scala.collection.ArrayOps$.foreach$extension(Ljava/lang/Object;Lscala/Function1;)V @ 24 c2
Event: 41.252 Thread 0x0000017ec1060ef0 DEOPT PACKING pc=0x0000017eac91d06c sp=0x00000067bbafeaf0
Event: 41.252 Thread 0x0000017ec1060ef0 DEOPT UNPACKING pc=0x0000017ea4dc23a3 sp=0x00000067bbafea58 mode 2
Event: 50.768 Thread 0x0000017ec1060ef0 Uncommon trap: trap_request=0xffffff45 fr.pc=0x0000017eac913c00 relative=0x00000000000026e0
Event: 50.768 Thread 0x0000017ec1060ef0 Uncommon trap: reason=unstable_if action=reinterpret pc=0x0000017eac913c00 method=Roap.updateLine()Z @ 15 c2
Event: 50.768 Thread 0x0000017ec1060ef0 DEOPT PACKING pc=0x0000017eac913c00 sp=0x00000067bbafea60
Event: 50.768 Thread 0x0000017ec1060ef0 DEOPT UNPACKING pc=0x0000017ea4dc23a3 sp=0x00000067bbafe988 mode 2
Event: 75.363 Thread 0x0000017ec01311e0 Uncommon trap: trap_request=0xffffff45 fr.pc=0x0000017eac891570 relative=0x0000000000000070
Event: 75.363 Thread 0x0000017ec01311e0 Uncommon trap: reason=unstable_if action=reinterpret pc=0x0000017eac891570 method=org.lwjgl.opengl.GLContext.getCapabilitiesImpl()Lorg/lwjgl/opengl/ContextCapabilities; @ 11 c2
Event: 75.363 Thread 0x0000017ec01311e0 DEOPT PACKING pc=0x0000017eac891570 sp=0x00000067bacff2b0
Event: 75.363 Thread 0x0000017ec01311e0 DEOPT UNPACKING pc=0x0000017ea4dc23a3 sp=0x00000067bacff1e0 mode 2
Event: 158.987 Thread 0x0000017ec1060ef0 Uncommon trap: trap_request=0xffffffde fr.pc=0x0000017eac8cda64 relative=0x0000000000000144
Event: 158.989 Thread 0x0000017ec1060ef0 Uncommon trap: reason=class_check action=maybe_recompile pc=0x0000017eac8cda64 method=com.badlogic.gdx.utils.ObjectMap.get(Ljava/lang/Object;)Ljava/lang/Object; @ 1 c2
Event: 158.990 Thread 0x0000017ec1060ef0 DEOPT PACKING pc=0x0000017eac8cda64 sp=0x00000067bbafe850
Event: 158.990 Thread 0x0000017ec1060ef0 DEOPT UNPACKING pc=0x0000017ea4dc23a3 sp=0x00000067bbafe800 mode 2

Classes unloaded (0 events):
No events

Classes redefined (0 events):
No events

Internal exceptions (7 events):
Event: 0.096 Thread 0x0000017ec0e1be50 Exception <a 'java/lang/NoSuchMethodError'{0x0000000713198950}: 'java.lang.Object java.lang.invoke.DirectMethodHandle$Holder.invokeStaticInit(java.lang.Object)'> (0x0000000713198950) 
thrown [s\src\hotspot\share\interpreter\linkResolver.cpp, line 759]
Event: 0.103 Thread 0x0000017ec0e1be50 Exception <a 'java/lang/NoSuchMethodError'{0x00000007131a6700}: 'void java.lang.invoke.DirectMethodHandle$Holder.invokeStatic(java.lang.Object, java.lang.Object)'> (0x00000007131a6700) 
thrown [s\src\hotspot\share\interpreter\linkResolver.cpp, line 759]
Event: 0.175 Thread 0x0000017e9d28d460 Exception <a 'java/lang/NoSuchMethodError'{0x0000000712c8bcc0}: 'java.lang.Object java.lang.invoke.DirectMethodHandle$Holder.invokeStaticInit(java.lang.Object, int, int, int, int)'> (0x0000000712c8bcc0) 
thrown [s\src\hotspot\share\interpreter\linkResolver.cpp, line 759]
Event: 0.215 Thread 0x0000017e9d28d460 Exception <a 'java/lang/NoSuchMethodError'{0x0000000712cd4d50}: 'java.lang.Object java.lang.invoke.DirectMethodHandle$Holder.invokeStaticInit(java.lang.Object, java.lang.Object, int, int, int, int)'> (0x0000000712cd4d50) 
thrown [s\src\hotspot\share\interpreter\linkResolver.cpp, line 759]
Event: 0.239 Thread 0x0000017e9d28d460 Exception <a 'java/lang/NoSuchMethodError'{0x0000000712d574c0}: 'java.lang.Object java.lang.invoke.DirectMethodHandle$Holder.invokeInterface(java.lang.Object, java.lang.Object)'> (0x0000000712d574c0) 
thrown [s\src\hotspot\share\interpreter\linkResolver.cpp, line 759]
Event: 0.240 Thread 0x0000017e9d28d460 Exception <a 'java/lang/IncompatibleClassChangeError'{0x0000000712d5ade0}: Found class java.lang.Object, but interface was expected> (0x0000000712d5ade0) 
thrown [s\src\hotspot\share\interpreter\linkResolver.cpp, line 826]
Event: 1.422 Thread 0x0000017ec1060ef0 Exception <a 'java/lang/NoSuchMethodError'{0x0000000711ea3c70}: 'java.lang.Object java.lang.invoke.Invokers$Holder.invokeExact_MT(java.lang.Object, java.lang.Object, java.lang.Object, java.lang.Object, java.lang.Object, java.lang.Object)'> (0x0000000711ea3c70) 
thrown [s\src\hotspot\share\interpreter\linkResolver.cpp, line 759]

VM Operations (20 events):
Event: 54.526 Executing VM operation: Cleanup
Event: 54.526 Executing VM operation: Cleanup done
Event: 55.527 Executing VM operation: Cleanup
Event: 55.527 Executing VM operation: Cleanup done
Event: 59.529 Executing VM operation: Cleanup
Event: 59.529 Executing VM operation: Cleanup done
Event: 71.535 Executing VM operation: Cleanup
Event: 71.536 Executing VM operation: Cleanup done
Event: 73.537 Executing VM operation: Cleanup
Event: 73.537 Executing VM operation: Cleanup done
Event: 75.358 Executing VM operation: G1CollectForAllocation
Event: 75.363 Executing VM operation: G1CollectForAllocation done
Event: 77.363 Executing VM operation: Cleanup
Event: 77.363 Executing VM operation: Cleanup done
Event: 112.382 Executing VM operation: Cleanup
Event: 112.386 Executing VM operation: Cleanup done
Event: 148.408 Executing VM operation: Cleanup
Event: 148.411 Executing VM operation: Cleanup done
Event: 158.420 Executing VM operation: Cleanup
Event: 158.424 Executing VM operation: Cleanup done

Events (20 events):
Event: 13.488 loading class jdk/internal/reflect/ByteVectorFactory
Event: 13.488 loading class jdk/internal/reflect/ByteVectorFactory done
Event: 13.488 loading class jdk/internal/reflect/ByteVectorImpl
Event: 13.488 loading class jdk/internal/reflect/ByteVector
Event: 13.488 loading class jdk/internal/reflect/ByteVector done
Event: 13.488 loading class jdk/internal/reflect/ByteVectorImpl done
Event: 13.488 loading class jdk/internal/reflect/ClassFileAssembler
Event: 13.488 loading class jdk/internal/reflect/ClassFileAssembler done
Event: 13.488 loading class jdk/internal/reflect/UTF8
Event: 13.489 loading class jdk/internal/reflect/UTF8 done
Event: 13.489 loading class jdk/internal/reflect/Label
Event: 13.489 loading class jdk/internal/reflect/Label done
Event: 13.489 loading class jdk/internal/reflect/Label$PatchInfo
Event: 13.489 loading class jdk/internal/reflect/Label$PatchInfo done
Event: 13.489 loading class jdk/internal/reflect/MethodAccessorGenerator$1
Event: 13.489 loading class jdk/internal/reflect/MethodAccessorGenerator$1 done
Event: 13.489 loading class jdk/internal/reflect/ClassDefiner
Event: 13.490 loading class jdk/internal/reflect/ClassDefiner done
Event: 13.490 loading class jdk/internal/reflect/ClassDefiner$1
Event: 13.490 loading class jdk/internal/reflect/ClassDefiner$1 done


Dynamic libraries:
0x00007ff7891b0000 - 0x00007ff7891be000 	C:\Users\Ribeiro\.jdks\temurin-17.0.4.1\bin\java.exe
0x00007ffc3dc30000 - 0x00007ffc3de44000 	C:\WINDOWS\SYSTEM32\ntdll.dll
0x00007ffc3cf20000 - 0x00007ffc3cfe2000 	C:\WINDOWS\System32\KERNEL32.DLL
0x00007ffc3b400000 - 0x00007ffc3b7a3000 	C:\WINDOWS\System32\KERNELBASE.dll
0x00007ffc3b030000 - 0x00007ffc3b141000 	C:\WINDOWS\System32\ucrtbase.dll
0x00007ffc37fc0000 - 0x00007ffc37fd8000 	C:\Users\Ribeiro\.jdks\temurin-17.0.4.1\bin\jli.dll
0x00007ffc28080000 - 0x00007ffc28099000 	C:\Users\Ribeiro\.jdks\temurin-17.0.4.1\bin\VCRUNTIME140.dll
0x00007ffc3c4f0000 - 0x00007ffc3c69b000 	C:\WINDOWS\System32\USER32.dll
0x00007ffc3b9e0000 - 0x00007ffc3ba06000 	C:\WINDOWS\System32\win32u.dll
0x00007ffc15e00000 - 0x00007ffc1608e000 	C:\WINDOWS\WinSxS\amd64_microsoft.windows.common-controls_6595b64144ccf1df_6.0.22621.1635_none_270f70857386168e\COMCTL32.dll
0x00007ffc3d680000 - 0x00007ffc3d727000 	C:\WINDOWS\System32\msvcrt.dll
0x00007ffc3d4a0000 - 0x00007ffc3d4c9000 	C:\WINDOWS\System32\GDI32.dll
0x00007ffc3b150000 - 0x00007ffc3b269000 	C:\WINDOWS\System32\gdi32full.dll
0x00007ffc3b270000 - 0x00007ffc3b30a000 	C:\WINDOWS\System32\msvcp_win.dll
0x00007ffc3dbb0000 - 0x00007ffc3dbe1000 	C:\WINDOWS\System32\IMM32.DLL
0x00007ffc287f0000 - 0x00007ffc287fc000 	C:\Users\Ribeiro\.jdks\temurin-17.0.4.1\bin\vcruntime140_1.dll
0x00007ffc248c0000 - 0x00007ffc24951000 	C:\Users\Ribeiro\.jdks\temurin-17.0.4.1\bin\msvcp140.dll
0x00007ffbf6df0000 - 0x00007ffbf7a36000 	C:\Users\Ribeiro\.jdks\temurin-17.0.4.1\bin\server\jvm.dll
0x00007ffc3d4e0000 - 0x00007ffc3d58e000 	C:\WINDOWS\System32\ADVAPI32.dll
0x00007ffc3bc60000 - 0x00007ffc3bd04000 	C:\WINDOWS\System32\sechost.dll
0x00007ffc3d2b0000 - 0x00007ffc3d3c7000 	C:\WINDOWS\System32\RPCRT4.dll
0x00007ffc3bc50000 - 0x00007ffc3bc58000 	C:\WINDOWS\System32\PSAPI.DLL
0x00007ffc17020000 - 0x00007ffc17029000 	C:\WINDOWS\SYSTEM32\WSOCK32.dll
0x00007ffc329c0000 - 0x00007ffc329f4000 	C:\WINDOWS\SYSTEM32\WINMM.dll
0x00007ffc3c6a0000 - 0x00007ffc3c711000 	C:\WINDOWS\System32\WS2_32.dll
0x00007ffc1f520000 - 0x00007ffc1f52a000 	C:\WINDOWS\SYSTEM32\VERSION.dll
0x00007ffc3a040000 - 0x00007ffc3a058000 	C:\WINDOWS\SYSTEM32\kernel.appcore.dll
0x00007ffc285e0000 - 0x00007ffc285ea000 	C:\Users\Ribeiro\.jdks\temurin-17.0.4.1\bin\jimage.dll
0x00007ffc32e90000 - 0x00007ffc330be000 	C:\WINDOWS\SYSTEM32\DBGHELP.DLL
0x00007ffc3bda0000 - 0x00007ffc3c129000 	C:\WINDOWS\System32\combase.dll
0x00007ffc3c3b0000 - 0x00007ffc3c487000 	C:\WINDOWS\System32\OLEAUT32.dll
0x00007ffc15960000 - 0x00007ffc15992000 	C:\WINDOWS\SYSTEM32\dbgcore.DLL
0x00007ffc3b380000 - 0x00007ffc3b3fb000 	C:\WINDOWS\System32\bcryptPrimitives.dll
0x00007ffc37fe0000 - 0x00007ffc37fee000 	C:\Users\Ribeiro\.jdks\temurin-17.0.4.1\bin\instrument.dll
0x00007ffc258c0000 - 0x00007ffc258e5000 	C:\Users\Ribeiro\.jdks\temurin-17.0.4.1\bin\java.dll
0x00007ffc21510000 - 0x00007ffc215e6000 	C:\Users\Ribeiro\.jdks\temurin-17.0.4.1\bin\jsvml.dll
0x00007ffc3c720000 - 0x00007ffc3cf1a000 	C:\WINDOWS\System32\SHELL32.dll
0x00007ffc38fe0000 - 0x00007ffc398ae000 	C:\WINDOWS\SYSTEM32\windows.storage.dll
0x00007ffc38ea0000 - 0x00007ffc38fde000 	C:\WINDOWS\SYSTEM32\wintypes.dll
0x00007ffc3d190000 - 0x00007ffc3d281000 	C:\WINDOWS\System32\SHCORE.dll
0x00007ffc3c490000 - 0x00007ffc3c4ee000 	C:\WINDOWS\System32\shlwapi.dll
0x00007ffc3af60000 - 0x00007ffc3af81000 	C:\WINDOWS\SYSTEM32\profapi.dll
0x00007ffc257b0000 - 0x00007ffc257c8000 	C:\Users\Ribeiro\.jdks\temurin-17.0.4.1\bin\zip.dll
0x00007ffc27640000 - 0x00007ffc27659000 	C:\Users\Ribeiro\.jdks\temurin-17.0.4.1\bin\net.dll
0x00007ffc325a0000 - 0x00007ffc326d7000 	C:\WINDOWS\SYSTEM32\WINHTTP.dll
0x00007ffc3a4a0000 - 0x00007ffc3a509000 	C:\WINDOWS\system32\mswsock.dll
0x00007ffc25880000 - 0x00007ffc25895000 	C:\Users\Ribeiro\.jdks\temurin-17.0.4.1\bin\nio.dll
0x00007ffc24ef0000 - 0x00007ffc24f0a000 	C:\Program Files\JetBrains\IntelliJ IDEA Community Edition 2022.2.1\bin\breakgen64.dll
0x0000000065580000 - 0x0000000065616000 	C:\Users\Ribeiro\AppData\Local\Temp\libgdxRibeiro\12dfaa03\gdx64.dll
0x00007ffc3a830000 - 0x00007ffc3a84b000 	C:\WINDOWS\SYSTEM32\CRYPTSP.dll
0x00007ffc39fb0000 - 0x00007ffc39fe5000 	C:\WINDOWS\system32\rsaenh.dll
0x00007ffc3a540000 - 0x00007ffc3a568000 	C:\WINDOWS\SYSTEM32\USERENV.dll
0x00007ffc3aa00000 - 0x00007ffc3aa28000 	C:\WINDOWS\SYSTEM32\bcrypt.dll
0x00007ffc3a7a0000 - 0x00007ffc3a7ac000 	C:\WINDOWS\SYSTEM32\CRYPTBASE.dll
0x00007ffc39b50000 - 0x00007ffc39b7d000 	C:\WINDOWS\SYSTEM32\IPHLPAPI.DLL
0x00007ffc3d4d0000 - 0x00007ffc3d4d9000 	C:\WINDOWS\System32\NSI.dll
0x00007ffc2e6a0000 - 0x00007ffc2e6b9000 	C:\WINDOWS\SYSTEM32\dhcpcsvc6.DLL
0x00007ffc2e460000 - 0x00007ffc2e47f000 	C:\WINDOWS\SYSTEM32\dhcpcsvc.DLL
0x00007ffc39b80000 - 0x00007ffc39c73000 	C:\WINDOWS\SYSTEM32\DNSAPI.dll
0x00007ffc291e0000 - 0x00007ffc291f0000 	C:\Users\Ribeiro\.jdks\temurin-17.0.4.1\bin\verify.dll
0x0000000180000000 - 0x0000000180053000 	C:\Users\Ribeiro\AppData\Local\Temp\libgdxRibeiro\dc0f0009\lwjgl64.dll
0x00007ffc217f0000 - 0x00007ffc218f0000 	C:\WINDOWS\SYSTEM32\OPENGL32.dll
0x00007ffc275f0000 - 0x00007ffc2761d000 	C:\WINDOWS\SYSTEM32\GLU32.dll
0x00007ffc38570000 - 0x00007ffc385a8000 	C:\WINDOWS\SYSTEM32\dxcore.dll
0x0000017ec02e0000 - 0x0000017ec0344000 	C:\Users\Ribeiro\AppData\Local\Temp\libgdxRibeiro\dc0f0009\OpenAL64.dll
0x00007ffc3cff0000 - 0x00007ffc3d18c000 	C:\WINDOWS\System32\ole32.dll
0x00007ffc38490000 - 0x00007ffc3853b000 	C:\WINDOWS\system32\uxtheme.dll
0x00007ffc3c300000 - 0x00007ffc3c3b0000 	C:\WINDOWS\System32\clbcatq.dll
0x00007ffbfcce0000 - 0x00007ffbfcd82000 	C:\WINDOWS\SYSTEM32\dsound.dll
0x00007ffc3a940000 - 0x00007ffc3a98d000 	C:\WINDOWS\SYSTEM32\powrprof.dll
0x00007ffbfcc20000 - 0x00007ffbfccd1000 	C:\WINDOWS\SYSTEM32\ResampleDmo.DLL
0x00007ffc1c620000 - 0x00007ffc1c649000 	C:\WINDOWS\SYSTEM32\winmmbase.dll
0x00007ffc1c250000 - 0x00007ffc1c25b000 	C:\WINDOWS\SYSTEM32\msdmo.dll
0x00007ffc3a900000 - 0x00007ffc3a913000 	C:\WINDOWS\SYSTEM32\UMPDC.dll
0x00007ffc26590000 - 0x00007ffc2662d000 	C:\WINDOWS\System32\MMDevApi.dll
0x00007ffc3acf0000 - 0x00007ffc3ad1c000 	C:\WINDOWS\System32\DEVOBJ.dll
0x00007ffc3ad20000 - 0x00007ffc3ad6e000 	C:\WINDOWS\SYSTEM32\cfgmgr32.dll
0x00007ffc25c40000 - 0x00007ffc25e2c000 	C:\WINDOWS\SYSTEM32\AUDIOSES.DLL
0x00007ffc38900000 - 0x00007ffc38915000 	C:\WINDOWS\SYSTEM32\resourcepolicyclient.dll
0x00007ffc2eb10000 - 0x00007ffc2ebcc000 	C:\WINDOWS\SYSTEM32\mscms.dll
0x00007ffc241e0000 - 0x00007ffc2422e000 	C:\Windows\System32\Windows.Internal.Graphics.Display.DisplayColorManagement.dll
0x00007ffc3bb10000 - 0x00007ffc3bc37000 	C:\WINDOWS\System32\MSCTF.dll
0x00007ffc31fd0000 - 0x00007ffc32018000 	C:\WINDOWS\SYSTEM32\directxdatabasehelper.dll
0x00007ffc2e550000 - 0x00007ffc2e684000 	C:\Windows\System32\AppXDeploymentClient.dll
0x00007ffb80ab0000 - 0x00007ffb81aca000 	C:\WINDOWS\System32\DriverStore\FileRepository\iigd_dch.inf_amd64_e396b69e113d1cc5\ig9icd64.dll
0x00007ffc386c0000 - 0x00007ffc386eb000 	C:\WINDOWS\system32\dwmapi.dll
0x00007ffc385b0000 - 0x00007ffc386a6000 	C:\WINDOWS\system32\dxgi.dll
0x00007ffbe3f70000 - 0x00007ffbe425e000 	C:\WINDOWS\System32\DriverStore\FileRepository\iigd_dch.inf_amd64_e396b69e113d1cc5\igdml64.dll
0x00007ffc2c840000 - 0x00007ffc2cc08000 	C:\WINDOWS\System32\DriverStore\FileRepository\iigd_dch.inf_amd64_e396b69e113d1cc5\igdgmm64.dll
0x00007ffc29250000 - 0x00007ffc2c836000 	C:\WINDOWS\System32\DriverStore\FileRepository\iigd_dch.inf_amd64_e396b69e113d1cc5\igc64.dll
0x00007ffc27e70000 - 0x00007ffc27f9d000 	C:\WINDOWS\SYSTEM32\textinputframework.dll
0x00007ffc37c30000 - 0x00007ffc37d63000 	C:\WINDOWS\SYSTEM32\CoreMessaging.dll
0x00007ffc318b0000 - 0x00007ffc31c1c000 	C:\WINDOWS\SYSTEM32\CoreUIComponents.dll
0x00007ffc0c6d0000 - 0x00007ffc0c739000 	C:\WINDOWS\system32\Oleacc.dll
0x00007ffc30660000 - 0x00007ffc306a9000 	C:\WINDOWS\SYSTEM32\icm32.dll
0x0000000066bc0000 - 0x0000000066c7b000 	C:\Users\Ribeiro\AppData\Local\Temp\libgdxRibeiro\54593449\gdx-box2d64.dll
0x000000006a740000 - 0x000000006a7f1000 	C:\Users\Ribeiro\AppData\Local\Temp\libgdxRibeiro\a04a55a\gdx-freetype64.dll
0x0000000068900000 - 0x0000000068a54000 	C:\Users\Ribeiro\AppData\Local\Temp\libgdxRibeiro\db0e5263\gdx-controllers-desktop64.dll
0x00007ffbff370000 - 0x00007ffbff3b6000 	C:\WINDOWS\SYSTEM32\DINPUT8.dll
0x00007ffc253f0000 - 0x00007ffc255f1000 	C:\WINDOWS\SYSTEM32\inputhost.dll
0x00007ffc398b0000 - 0x00007ffc398be000 	C:\WINDOWS\SYSTEM32\HID.DLL
0x00007ffc3d730000 - 0x00007ffc3dba4000 	C:\WINDOWS\System32\SETUPAPI.DLL
0x00007ffc3b310000 - 0x00007ffc3b37b000 	C:\WINDOWS\System32\WINTRUST.dll
0x00007ffc3b7b0000 - 0x00007ffc3b917000 	C:\WINDOWS\System32\CRYPT32.dll
0x00007ffc3a880000 - 0x00007ffc3a892000 	C:\WINDOWS\SYSTEM32\MSASN1.dll

dbghelp: loaded successfully - version: 4.0.5 - missing functions: none
symbol engine: initialized successfully - sym options: 0x614 - pdb path: .;C:\Users\Ribeiro\.jdks\temurin-17.0.4.1\bin;C:\WINDOWS\SYSTEM32;C:\WINDOWS\WinSxS\amd64_microsoft.windows.common-controls_6595b64144ccf1df_6.0.22621.1635_none_270f70857386168e;C:\Users\Ribeiro\.jdks\temurin-17.0.4.1\bin\server;C:\Program Files\JetBrains\IntelliJ IDEA Community Edition 2022.2.1\bin;C:\Users\Ribeiro\AppData\Local\Temp\libgdxRibeiro\12dfaa03;C:\Users\Ribeiro\AppData\Local\Temp\libgdxRibeiro\dc0f0009;C:\WINDOWS\System32\DriverStore\FileRepository\iigd_dch.inf_amd64_e396b69e113d1cc5;C:\Users\Ribeiro\AppData\Local\Temp\libgdxRibeiro\54593449;C:\Users\Ribeiro\AppData\Local\Temp\libgdxRibeiro\a04a55a;C:\Users\Ribeiro\AppData\Local\Temp\libgdxRibeiro\db0e5263

VM Arguments:
jvm_args: -javaagent:C:\Program Files\JetBrains\IntelliJ IDEA Community Edition 2022.2.1\lib\idea_rt.jar=10141:C:\Program Files\JetBrains\IntelliJ IDEA Community Edition 2022.2.1\bin -Dfile.encoding=UTF-8 
java_command: Test
java_class_path (initial): C:\Users\Ribeiro\IdeaProjects\gdx2d-helloDesktop\out\production\BubbleTrouble;C:\Users\Ribeiro\IdeaProjects\gdx2d-helloDesktop\libs\gdx2d-desktop-1.2.2.jar;C:\Users\Ribeiro\IdeaProjects\gdx2d-helloDesktop\libs\gdx2d-desktop-1.2.2-sources.jar;C:\Users\Ribeiro\.ivy2\cache\org.scala-lang\scala-library\jars\scala-library-2.13.9.jar;C:\Users\Ribeiro\.ivy2\cache\org.scala-lang\scala-reflect\jars\scala-reflect-2.13.9.jar
Launcher Type: SUN_STANDARD

[Global flags]
     intx CICompilerCount                          = 4                                         {product} {ergonomic}
     uint ConcGCThreads                            = 2                                         {product} {ergonomic}
     uint G1ConcRefinementThreads                  = 8                                         {product} {ergonomic}
   size_t G1HeapRegionSize                         = 2097152                                   {product} {ergonomic}
    uintx GCDrainStackTargetSize                   = 64                                        {product} {ergonomic}
   size_t InitialHeapSize                          = 266338304                                 {product} {ergonomic}
   size_t MarkStackSize                            = 4194304                                   {product} {ergonomic}
   size_t MaxHeapSize                              = 4238344192                                {product} {ergonomic}
   size_t MaxNewSize                               = 2541748224                                {product} {ergonomic}
   size_t MinHeapDeltaBytes                        = 2097152                                   {product} {ergonomic}
   size_t MinHeapSize                              = 8388608                                   {product} {ergonomic}
    uintx NonNMethodCodeHeapSize                   = 5839372                                {pd product} {ergonomic}
    uintx NonProfiledCodeHeapSize                  = 122909434                              {pd product} {ergonomic}
    uintx ProfiledCodeHeapSize                     = 122909434                              {pd product} {ergonomic}
    uintx ReservedCodeCacheSize                    = 251658240                              {pd product} {ergonomic}
     bool SegmentedCodeCache                       = true                                      {product} {ergonomic}
   size_t SoftMaxHeapSize                          = 4238344192                             {manageable} {ergonomic}
     bool UseCompressedClassPointers               = true                           {product lp64_product} {ergonomic}
     bool UseCompressedOops                        = true                           {product lp64_product} {ergonomic}
     bool UseG1GC                                  = true                                      {product} {ergonomic}
     bool UseLargePagesIndividualAllocation        = false                                  {pd product} {ergonomic}

Logging:
Log output configuration:
 #0: stdout all=warning uptime,level,tags
 #1: stderr all=off uptime,level,tags

Environment Variables:
PATH=C:\Program Files (x86)\VMware\VMware Player\bin\;C:\Program Files (x86)\Common Files\Oracle\Java\javapath;C:\WINDOWS\system32;C:\WINDOWS;C:\WINDOWS\System32\Wbem;C:\WINDOWS\System32\WindowsPowerShell\v1.0\;C:\WINDOWS\System32\OpenSSH\;C:\Program Files (x86)\Pulse Secure\VC142.CRT\X64\;C:\Program Files (x86)\Pulse Secure\VC142.CRT\X86\;C:\Program Files (x86)\Common Files\Pulse Secure\TNC Client Plugin\;C:\Program Files\dotnet\;C:\Program Files\Common Files\Autodesk Shared\;C:\Program Files\Microsoft SQL Server\120\Tools\Binn\;C:\Program Files\Git\cmd;C:\Program Files (x86)\PowerShell\7\;C:\Program Files\Docker\Docker\resources\bin;C:\Program Files\WireGuard\;C:\Program Files\MySQL\MySQL Shell 8.0\bin\;C:\Users\Ribeiro\AppData\Local\Microsoft\WindowsApps;C:\Users\Ribeiro\AppData\Local\GitHubDesktop\bin;C:\eda\MentorGraphics\ModelSim\win32;C:\Users\Ribeiro\AppData\Local\Programs\Microsoft VS Code\bin;C:\Users\Ribeiro\AppData\Local\Programs\Python\Python39;C:\Program Files (x86)\Nmap
USERNAME=Ribeiro
OS=Windows_NT
PROCESSOR_IDENTIFIER=Intel64 Family 6 Model 142 Stepping 12, GenuineIntel
TMP=C:\Users\Ribeiro\AppData\Local\Temp
TEMP=C:\Users\Ribeiro\AppData\Local\Temp



---------------  S Y S T E M  ---------------

OS:
 Windows 11 , 64 bit Build 22621 (10.0.22621.1778)
OS uptime: 0 days 19:57 hours
Hyper-V role detected

CPU: total 8 (initial active 8) (4 cores per cpu, 2 threads per core) family 6 model 142 stepping 12 microcode 0xea, cx8, cmov, fxsr, ht, mmx, 3dnowpref, sse, sse2, sse3, ssse3, sse4.1, sse4.2, popcnt, lzcnt, tsc, tscinvbit, avx, avx2, aes, erms, clmul, bmi1, bmi2, adx, fma, vzeroupper, clflush, clflushopt, hv

Memory: 4k page, system-wide physical 16166M (105M free)
TotalPageFile size 36786M (AvailPageFile size 3893M)
current process WorkingSet (physical memory assigned to process): 3M, peak: 6884M
current process commit charge ("private bytes"): 18243M, peak: 18249M

vm_info: OpenJDK 64-Bit Server VM (17.0.4.1+1) for windows-amd64 JRE (17.0.4.1+1), built on Aug 17 2022 07:42:43 by "temurin" with MS VC++ 16.7 (VS2019)

END.
