#
# A fatal error has been detected by the Java Runtime Environment:
#
#  EXCEPTION_ACCESS_VIOLATION (0xc0000005) at pc=0x0000000066bcbd0d, pid=11436, tid=24816
#
# JRE version: OpenJDK Runtime Environment Temurin-17.0.4.1+1 (17.0.4.1+1) (build 17.0.4.1+1)
# Java VM: OpenJDK 64-Bit Server VM Temurin-17.0.4.1+1 (17.0.4.1+1, mixed mode, sharing, tiered, compressed oops, compressed class ptrs, g1 gc, windows-amd64)
# Problematic frame:
# C  [gdx-box2d64.dll+0xbd0d]
#
# No core dump will be written. Minidumps are not enabled by default on client versions of Windows
#
# If you would like to submit a bug report, please visit:
#   https://github.com/adoptium/adoptium-support/issues
# The crash happened outside the Java Virtual Machine in native code.
# See problematic frame for where to report the bug.
#

---------------  S U M M A R Y ------------

Command Line: -javaagent:C:\Program Files\JetBrains\IntelliJ IDEA Community Edition 2022.2.1\lib\idea_rt.jar=44122:C:\Program Files\JetBrains\IntelliJ IDEA Community Edition 2022.2.1\bin -Dfile.encoding=UTF-8 Test

Host: Intel(R) Core(TM) i7-10510U CPU @ 1.80GHz, 8 cores, 15G,  Windows 11 , 64 bit Build 22621 (10.0.22621.1778)
Time: Thu Jun 15 12:59:26 2023 Paris, Madrid (heure duild 22621 (10.0.22621.1778) elapsed time: 15.463382 seconds (0d 0h 0m 15s)

---------------  T H R E A D  ---------------

Current thread (0x00000270ff4da340):  JavaThread "LWJGL Application" [_thread_in_native, id=24816, stack(0x0000007a4bd00000,0x0000007a4be00000)]

Stack: [0x0000007a4bd00000,0x0000007a4be00000],  sp=0x0000007a4bdfe790,  free space=1017k
Native frames: (J=compiled Java code, j=interpreted, Vv=VM code, C=native code)
C  [gdx-box2d64.dll+0xbd0d]

Java frames: (J=compiled Java code, j=interpreted, Vv=VM code)
j  com.badlogic.gdx.physics.box2d.World.jniCreateBody(JIFFFFFFFFZZZZZF)J+0
j  com.badlogic.gdx.physics.box2d.World.createBody(Lcom/badlogic/gdx/physics/box2d/BodyDef;)Lcom/badlogic/gdx/physics/box2d/Body;+80
j  ch.hevs.gdx2d.lib.physics.AbstractPhysicsObject.createObject(Lcom/badlogic/gdx/physics/box2d/Shape$Type;Ljava/lang/String;Lcom/badlogic/gdx/math/Vector2;FFFFFFZ)V+139
j  ch.hevs.gdx2d.lib.physics.AbstractPhysicsObject.<init>(Lcom/badlogic/gdx/physics/box2d/Shape$Type;Ljava/lang/String;Lcom/badlogic/gdx/math/Vector2;FFFFFZ)V+39
j  ch.hevs.gdx2d.components.physics.primitives.PhysicsCircle.<init>(Ljava/lang/String;Lcom/badlogic/gdx/math/Vector2;F)V+15
j  Ball.<init>(Ljava/lang/String;Lcom/badlogic/gdx/math/Vector2;I)V+20
J 1377 c1 Graphics.$anonfun$onGraphicRender$5(LGraphics;LBall;LRoap;)Ljava/lang/Object; (394 bytes) @ 0x00000270e3827624 [0x00000270e3825940+0x0000000000001ce4]
J 1376 c1 Graphics$$Lambda$42+0x0000000800ce3ea8.apply(Ljava/lang/Object;)Ljava/lang/Object; (16 bytes) @ 0x00000270e38250bc [0x00000270e3824f40+0x000000000000017c]
J 1379 c1 scala.collection.ArrayOps$.foreach$extension(Ljava/lang/Object;Lscala/Function1;)V (383 bytes) @ 0x00000270e3821614 [0x00000270e3821280+0x0000000000000394]
J 1564 c1 Graphics.$anonfun$onGraphicRender$4(LGraphics;Lch/hevs/gdx2d/lib/GdxGraphics;LBall;)V (99 bytes) @ 0x00000270e3897b9c [0x00000270e3896d80+0x0000000000000e1c]
J 1562 c1 Graphics$$Lambda$40+0x0000000800cdfb20.apply(Ljava/lang/Object;)Ljava/lang/Object; (16 bytes) @ 0x00000270e38964fc [0x00000270e3896340+0x00000000000001bc]
J 1254 c1 scala.collection.IterableOnceOps.foreach(Lscala/Function1;)V (36 bytes) @ 0x00000270e37f6714 [0x00000270e37f6380+0x0000000000000394]
J 1546 c1 Graphics.onGraphicRender(Lch/hevs/gdx2d/lib/GdxGraphics;)V (1535 bytes) @ 0x00000270e3884a0c [0x00000270e387c4e0+0x000000000000852c]
J 1544 c1 ch.hevs.gdx2d.desktop.Game2D.render()V (23 bytes) @ 0x00000270e387a954 [0x00000270e387a860+0x00000000000000f4]
j  com.badlogic.gdx.backends.lwjgl.LwjglApplication.mainLoop()V+698
j  com.badlogic.gdx.backends.lwjgl.LwjglApplication$1.run()V+27
v  ~StubRoutines::call_stub

siginfo: EXCEPTION_ACCESS_VIOLATION (0xc0000005), reading address 0x0000002600000002


Register to memory mapping:

RIP=0x0000000066bcbd0d gdx-box2d64.dll
RAX=0x0000002600000002 is an unknown value
RBX=0x0000027080039e50 points into unknown readable memory: 0x0000000000000000 | 00 00 00 00 00 00 00 00
RCX=0x0000027080039e20 points into unknown readable memory: 0x00000270800531b0 | b0 31 05 80 70 02 00 00
RDX=0x00000000000000b8 is an unknown value
RSP=0x0000007a4bdfe790 is pointing into the stack for thread: 0x00000270ff4da340
RBP=0x0000000000000006 is an unknown value
RSI=0x0000027080039e20 points into unknown readable memory: 0x00000270800531b0 | b0 31 05 80 70 02 00 00
RDI=0x0000007a4bdfe850 is pointing into the stack for thread: 0x00000270ff4da340
R8 =0x0000027080039e20 points into unknown readable memory: 0x00000270800531b0 | b0 31 05 80 70 02 00 00
R9 =0x0000000000000002 is an unknown value
R10=0x0 is NULL
R11=0x0000000000000001 is an unknown value
R12=0x0 is NULL
R13={method} {0x00000270fee75268} 'jniCreateBody' '(JIFFFFFFFFZZZZZF)J' in 'com/badlogic/gdx/physics/box2d/World'
R14=0x0000007a4bdfea48 is pointing into the stack for thread: 0x00000270ff4da340
R15=0x00000270ff4da340 is a thread


Registers:
RAX=0x0000002600000002, RBX=0x0000027080039e50, RCX=0x0000027080039e20, RDX=0x00000000000000b8
RSP=0x0000007a4bdfe790, RBP=0x0000000000000006, RSI=0x0000027080039e20, RDI=0x0000007a4bdfe850
R8 =0x0000027080039e20, R9 =0x0000000000000002, R10=0x0000000000000000, R11=0x0000000000000001
R12=0x0000000000000000, R13=0x00000270fee75260, R14=0x0000007a4bdfea48, R15=0x00000270ff4da340
RIP=0x0000000066bcbd0d, EFLAGS=0x0000000000010202

Top of Stack: (sp=0x0000007a4bdfe790)
0x0000007a4bdfe790:   00000270fee75260 00000270ff4da340
0x0000007a4bdfe7a0:   00007ffadaf325f8 00000270ffa98ce0
0x0000007a4bdfe7b0:   000002700000000b 0000027080039e20
0x0000007a4bdfe7c0:   0000000000000110 0000007a4bdfe850
0x0000007a4bdfe7d0:   0000007a4bdfe9a0 0000000000000000
0x0000007a4bdfe7e0:   00000270fee75260 0000000066be2483
0x0000007a4bdfe7f0:   0000007a4bdfe890 0000007a4bdfe890
0x0000007a4bdfe800:   0000000000000003 00000270fee75260
0x0000007a4bdfe810:   0000000000000001 0000000000000110
0x0000007a4bdfe820:   00000000000001a0 0000000066be8616
0x0000007a4bdfe830:   00000270ff4da340 0000007a4bdfea48
0x0000007a4bdfe840:   0000007a4bdfe9a0 00000270e3048f0b
0x0000007a4bdfe850:   4077777800000002 000000004106570a
0x0000007a4bdfe860:   0000000000000000 0000000000000000
0x0000007a4bdfe870:   0000010100000000 0000007a4bdfea01
0x0000007a4bdfe880:   0000000000000000 000000003f800000 

Instructions: (pc=0x0000000066bcbd0d)
0x0000000066bcbc0d:   22 83 fe 0d 7e dd 48 8d 15 26 9f 04 00 48 8d 0d
0x0000000066bcbc1d:   86 9f 04 00 41 b8 49 00 00 00 e8 54 84 02 00 eb
0x0000000066bcbc2d:   c2 66 90 c6 05 09 a4 05 00 01 48 83 c4 28 5b 5e
0x0000000066bcbc3d:   5f 5d c3 48 8d 7b 11 c6 43 10 00 b2 6f 40 f6 c7
0x0000000066bcbc4d:   02 0f 84 41 ff ff ff 31 c9 48 83 c7 02 83 ea 02
0x0000000066bcbc5d:   66 89 4f fe 40 f6 c7 04 0f 84 34 ff ff ff c7 07
0x0000000066bcbc6d:   00 00 00 00 83 ea 04 48 83 c7 04 e9 22 ff ff ff
0x0000000066bcbc7d:   90 66 90 57 56 53 48 83 ec 20 8b 41 08 31 f6 31
0x0000000066bcbc8d:   db 48 89 cf 85 c0 7e 19 48 8b 07 83 c3 01 48 8b
0x0000000066bcbc9d:   4c 30 08 48 83 c6 10 e8 47 09 00 00 39 5f 08 7f
0x0000000066bcbcad:   e7 48 8b 0f 48 83 c4 20 5b 5e 5f e9 33 09 00 00
0x0000000066bcbcbd:   90 66 90 41 55 41 54 55 57 56 53 48 83 ec 28 48
0x0000000066bcbccd:   63 da 48 89 ce 83 fb 00 0f 84 46 01 00 00 0f 8e
0x0000000066bcbcdd:   22 01 00 00 81 fb 80 02 00 00 0f 8f 03 01 00 00
0x0000000066bcbced:   48 8d 05 6c a3 05 00 0f b6 1c 18 80 fb 0d 0f b6
0x0000000066bcbcfd:   eb 77 21 48 8d 1c de 48 8b 43 10 48 85 c0 74 3a
0x0000000066bcbd0d:   48 8b 10 48 89 53 10 48 83 c4 28 5b 5e 5f 5d 41
0x0000000066bcbd1d:   5c 41 5d c3 48 8d 15 18 9e 04 00 48 8d 0d 99 9e
0x0000000066bcbd2d:   04 00 48 8d 1c de 41 b8 70 00 00 00 e8 42 83 02
0x0000000066bcbd3d:   00 48 8b 43 10 48 85 c0 75 c6 8b 46 08 3b 46 0c
0x0000000066bcbd4d:   48 63 f8 0f 84 fc 00 00 00 48 c1 e7 04 48 03 3e
0x0000000066bcbd5d:   b9 00 40 00 00 e8 79 08 00 00 49 89 c0 48 89 47
0x0000000066bcbd6d:   08 48 8d 05 8b 72 03 00 8b 2c a8 b8 00 40 00 00
0x0000000066bcbd7d:   99 f7 fd 89 2f 41 89 c4 41 89 c5 4c 89 c0 44 0f
0x0000000066bcbd8d:   af e5 41 81 fc 00 40 00 00 0f 8f 94 00 00 00 41
0x0000000066bcbd9d:   8d 4d ff 31 d2 4c 63 d5 49 89 c0 85 c9 7f 07 eb
0x0000000066bcbdad:   13 66 90 4d 89 c8 83 c2 01 4f 8d 0c 10 39 ca 4d
0x0000000066bcbdbd:   89 08 75 ef 41 29 ec 4d 63 e4 4a c7 04 20 00 00
0x0000000066bcbdcd:   00 00 48 8b 10 48 89 53 10 83 46 08 01 48 83 c4
0x0000000066bcbddd:   28 5b 5e 5f 5d 41 5c 41 5d c3 66 0f 1f 84 00 00
0x0000000066bcbded:   00 00 00 89 d9 48 83 c4 28 5b 5e 5f 5d 41 5c 41
0x0000000066bcbdfd:   5d e9 dd 07 00 00 48 8d 15 36 9d 04 00 48 8d 0d 


Stack slot to memory mapping:
stack at sp + 0 slots: {method} {0x00000270fee75268} 'jniCreateBody' '(JIFFFFFFFFZZZZZF)J' in 'com/badlogic/gdx/physics/box2d/World'
stack at sp + 1 slots: 0x00000270ff4da340 is a thread
stack at sp + 2 slots: 0x00007ffadaf325f8 jvm.dll
stack at sp + 3 slots: 0x00000270ffa98ce0 points into unknown readable memory: 0x4a28001332bf0001 | 01 00 bf 32 13 00 28 4a
stack at sp + 4 slots: 0x000002700000000b is an unknown value
stack at sp + 5 slots: 0x0000027080039e20 points into unknown readable memory: 0x00000270800531b0 | b0 31 05 80 70 02 00 00
stack at sp + 6 slots: 0x0000000000000110 is an unknown value
stack at sp + 7 slots: 0x0000007a4bdfe850 is pointing into the stack for thread: 0x00000270ff4da340


---------------  P R O C E S S  ---------------

Threads class SMR info:
_java_thread_list=0x000002708503de10, length=16, elements={
0x00000270fe41eae0, 0x00000270ff002680, 0x00000270ff015d00, 0x00000270ff0186d0,
0x00000270ff018f90, 0x00000270ff019850, 0x00000270ff01a4f0, 0x00000270ff01e3a0,
0x00000270ff027cc0, 0x00000270fe4088c0, 0x00000270ff24bad0, 0x00000270ff24bfa0,
0x00000270ff4da340, 0x00000270db55fed0, 0x00000270850163d0, 0x0000027084f9f7e0
}

Java Threads: ( => current thread )
  0x00000270fe41eae0 JavaThread "Reference Handler" daemon [_thread_blocked, id=11508, stack(0x0000007a4b000000,0x0000007a4b100000)]
  0x00000270ff002680 JavaThread "Finalizer" daemon [_thread_blocked, id=21088, stack(0x0000007a4b100000,0x0000007a4b200000)]
  0x00000270ff015d00 JavaThread "Signal Dispatcher" daemon [_thread_blocked, id=5512, stack(0x0000007a4b200000,0x0000007a4b300000)]
  0x00000270ff0186d0 JavaThread "Attach Listener" daemon [_thread_blocked, id=23884, stack(0x0000007a4b300000,0x0000007a4b400000)]
  0x00000270ff018f90 JavaThread "Service Thread" daemon [_thread_blocked, id=23560, stack(0x0000007a4b400000,0x0000007a4b500000)]
  0x00000270ff019850 JavaThread "Monitor Deflation Thread" daemon [_thread_blocked, id=28644, stack(0x0000007a4b500000,0x0000007a4b600000)]
  0x00000270ff01a4f0 JavaThread "C2 CompilerThread0" daemon [_thread_blocked, id=12120, stack(0x0000007a4b600000,0x0000007a4b700000)]
  0x00000270ff01e3a0 JavaThread "C1 CompilerThread0" daemon [_thread_blocked, id=25144, stack(0x0000007a4b700000,0x0000007a4b800000)]
  0x00000270ff027cc0 JavaThread "Sweeper thread" daemon [_thread_blocked, id=28392, stack(0x0000007a4b800000,0x0000007a4b900000)]
  0x00000270fe4088c0 JavaThread "Common-Cleaner" daemon [_thread_blocked, id=19272, stack(0x0000007a4b900000,0x0000007a4ba00000)]
  0x00000270ff24bad0 JavaThread "Monitor Ctrl-Break" daemon [_thread_in_native, id=5396, stack(0x0000007a4ba00000,0x0000007a4bb00000)]
  0x00000270ff24bfa0 JavaThread "Notification Thread" daemon [_thread_blocked, id=4208, stack(0x0000007a4bb00000,0x0000007a4bc00000)]
=>0x00000270ff4da340 JavaThread "LWJGL Application" [_thread_in_native, id=24816, stack(0x0000007a4bd00000,0x0000007a4be00000)]
  0x00000270db55fed0 JavaThread "DestroyJavaVM" [_thread_blocked, id=15548, stack(0x0000007a4a900000,0x0000007a4aa00000)]
  0x00000270850163d0 JavaThread "LWJGL Timer" daemon [_thread_blocked, id=10212, stack(0x0000007a4cd00000,0x0000007a4ce00000)]
  0x0000027084f9f7e0 JavaThread "Timer" daemon [_thread_blocked, id=29400, stack(0x0000007a4ce00000,0x0000007a4cf00000)]

Other Threads:
  0x00000270fe41d150 VMThread "VM Thread" [stack: 0x0000007a4af00000,0x0000007a4b000000] [id=9852]
  0x00000270db5609f0 WatcherThread [stack: 0x0000007a4bc00000,0x0000007a4bd00000] [id=7336]
  0x00000270db5c8680 GCTaskThread "GC Thread#0" [stack: 0x0000007a4aa00000,0x0000007a4ab00000] [id=21232]
  0x0000027084f3dbf0 GCTaskThread "GC Thread#1" [stack: 0x0000007a4c600000,0x0000007a4c700000] [id=15724]
  0x0000027084f3cbd0 GCTaskThread "GC Thread#2" [stack: 0x0000007a4c700000,0x0000007a4c800000] [id=23988]
  0x0000027084f3d690 GCTaskThread "GC Thread#3" [stack: 0x0000007a4c800000,0x0000007a4c900000] [id=10808]
  0x0000027084f3e150 GCTaskThread "GC Thread#4" [stack: 0x0000007a4c900000,0x0000007a4ca00000] [id=25020]
  0x0000027084f3dea0 GCTaskThread "GC Thread#5" [stack: 0x0000007a4ca00000,0x0000007a4cb00000] [id=14636]
  0x0000027084f3e6b0 GCTaskThread "GC Thread#6" [stack: 0x0000007a4cb00000,0x0000007a4cc00000] [id=28764]
  0x0000027084f3e400 GCTaskThread "GC Thread#7" [stack: 0x0000007a4cc00000,0x0000007a4cd00000] [id=4784]
  0x00000270db617010 ConcurrentGCThread "G1 Main Marker" [stack: 0x0000007a4ab00000,0x0000007a4ac00000] [id=26564]
  0x00000270db61afa0 ConcurrentGCThread "G1 Conc#0" [stack: 0x0000007a4ac00000,0x0000007a4ad00000] [id=4468]
  0x00000270fe2d4840 ConcurrentGCThread "G1 Refine#0" [stack: 0x0000007a4ad00000,0x0000007a4ae00000] [id=8172]
  0x00000270fe2d5010 ConcurrentGCThread "G1 Service" [stack: 0x0000007a4ae00000,0x0000007a4af00000] [id=12020]

Threads with active compile tasks:

VM state: not at safepoint (normal execution)

VM Mutex/Monitor currently owned by a thread: None

Heap address: 0x0000000703600000, size: 4042 MB, Compressed Oops mode: Zero based, Oop shift amount: 3

CDS archive(s) mapped at: [0x0000000800000000-0x0000000800bc0000-0x0000000800bc0000), size 12320768, SharedBaseAddress: 0x0000000800000000, ArchiveRelocationMode: 0.
Compressed class space mapped at: 0x0000000800c00000-0x0000000840c00000, reserved size: 1073741824
Narrow klass base: 0x0000000800000000, Narrow klass shift: 0, Narrow klass range: 0x100000000

GC Precious Log:
 CPUs: 8 total, 8 available
 Memory: 16166M
 Large Page Support: Disabled
 NUMA Support: Disabled
 Compressed Oops: Enabled (Zero based)
 Heap Region Size: 2M
 Heap Min Capacity: 8M
 Heap Initial Capacity: 254M
 Heap Max Capacity: 4042M
 Pre-touch: Disabled
 Parallel Workers: 8
 Concurrent Workers: 2
 Concurrent Refinement Workers: 8
 Periodic GC: Disabled

Heap:
 garbage-first heap   total 260096K, used 16382K [0x0000000703600000, 0x0000000800000000)
  region size 2048K, 7 young (14336K), 2 survivors (4096K)
 Metaspace       used 9631K, committed 9792K, reserved 1064960K
  class space    used 944K, committed 1024K, reserved 1048576K

Heap Regions: E=young(eden), S=young(survivor), O=old, HS=humongous(starts), HC=humongous(continues), CS=collection set, F=free, OA=open archive, CA=closed archive, TAMS=top-at-mark-start (previous, next)
|   0|0x0000000703600000, 0x0000000703800000, 0x0000000703800000|100%|HS|  |TAMS 0x0000000703600000, 0x0000000703600000| Complete 
|   1|0x0000000703800000, 0x0000000703a00000, 0x0000000703a00000|100%|HC|  |TAMS 0x0000000703800000, 0x0000000703800000| Complete 
|   2|0x0000000703a00000, 0x0000000703c00000, 0x0000000703c00000|100%|HC|  |TAMS 0x0000000703a00000, 0x0000000703a00000| Complete 
|   3|0x0000000703c00000, 0x0000000703c00000, 0x0000000703e00000|  0%| F|  |TAMS 0x0000000703c00000, 0x0000000703c00000| Untracked 
|   4|0x0000000703e00000, 0x0000000703e00000, 0x0000000704000000|  0%| F|  |TAMS 0x0000000703e00000, 0x0000000703e00000| Untracked 
|   5|0x0000000704000000, 0x0000000704000000, 0x0000000704200000|  0%| F|  |TAMS 0x0000000704000000, 0x0000000704000000| Untracked 
|   6|0x0000000704200000, 0x0000000704200000, 0x0000000704400000|  0%| F|  |TAMS 0x0000000704200000, 0x0000000704200000| Untracked 
|   7|0x0000000704400000, 0x0000000704400000, 0x0000000704600000|  0%| F|  |TAMS 0x0000000704400000, 0x0000000704400000| Untracked 
|   8|0x0000000704600000, 0x0000000704600000, 0x0000000704800000|  0%| F|  |TAMS 0x0000000704600000, 0x0000000704600000| Untracked 
|   9|0x0000000704800000, 0x0000000704800000, 0x0000000704a00000|  0%| F|  |TAMS 0x0000000704800000, 0x0000000704800000| Untracked 
|  10|0x0000000704a00000, 0x0000000704a00000, 0x0000000704c00000|  0%| F|  |TAMS 0x0000000704a00000, 0x0000000704a00000| Untracked 
|  11|0x0000000704c00000, 0x0000000704c00000, 0x0000000704e00000|  0%| F|  |TAMS 0x0000000704c00000, 0x0000000704c00000| Untracked 
|  12|0x0000000704e00000, 0x0000000704e00000, 0x0000000705000000|  0%| F|  |TAMS 0x0000000704e00000, 0x0000000704e00000| Untracked 
|  13|0x0000000705000000, 0x0000000705000000, 0x0000000705200000|  0%| F|  |TAMS 0x0000000705000000, 0x0000000705000000| Untracked 
|  14|0x0000000705200000, 0x0000000705200000, 0x0000000705400000|  0%| F|  |TAMS 0x0000000705200000, 0x0000000705200000| Untracked 
|  15|0x0000000705400000, 0x0000000705400000, 0x0000000705600000|  0%| F|  |TAMS 0x0000000705400000, 0x0000000705400000| Untracked 
|  16|0x0000000705600000, 0x0000000705600000, 0x0000000705800000|  0%| F|  |TAMS 0x0000000705600000, 0x0000000705600000| Untracked 
|  17|0x0000000705800000, 0x0000000705800000, 0x0000000705a00000|  0%| F|  |TAMS 0x0000000705800000, 0x0000000705800000| Untracked 
|  18|0x0000000705a00000, 0x0000000705a00000, 0x0000000705c00000|  0%| F|  |TAMS 0x0000000705a00000, 0x0000000705a00000| Untracked 
|  19|0x0000000705c00000, 0x0000000705c00000, 0x0000000705e00000|  0%| F|  |TAMS 0x0000000705c00000, 0x0000000705c00000| Untracked 
|  20|0x0000000705e00000, 0x0000000705e00000, 0x0000000706000000|  0%| F|  |TAMS 0x0000000705e00000, 0x0000000705e00000| Untracked 
|  21|0x0000000706000000, 0x0000000706000000, 0x0000000706200000|  0%| F|  |TAMS 0x0000000706000000, 0x0000000706000000| Untracked 
|  22|0x0000000706200000, 0x0000000706200000, 0x0000000706400000|  0%| F|  |TAMS 0x0000000706200000, 0x0000000706200000| Untracked 
|  23|0x0000000706400000, 0x0000000706400000, 0x0000000706600000|  0%| F|  |TAMS 0x0000000706400000, 0x0000000706400000| Untracked 
|  24|0x0000000706600000, 0x0000000706600000, 0x0000000706800000|  0%| F|  |TAMS 0x0000000706600000, 0x0000000706600000| Untracked 
|  25|0x0000000706800000, 0x0000000706800000, 0x0000000706a00000|  0%| F|  |TAMS 0x0000000706800000, 0x0000000706800000| Untracked 
|  26|0x0000000706a00000, 0x0000000706a00000, 0x0000000706c00000|  0%| F|  |TAMS 0x0000000706a00000, 0x0000000706a00000| Untracked 
|  27|0x0000000706c00000, 0x0000000706c00000, 0x0000000706e00000|  0%| F|  |TAMS 0x0000000706c00000, 0x0000000706c00000| Untracked 
|  28|0x0000000706e00000, 0x0000000706e00000, 0x0000000707000000|  0%| F|  |TAMS 0x0000000706e00000, 0x0000000706e00000| Untracked 
|  29|0x0000000707000000, 0x0000000707000000, 0x0000000707200000|  0%| F|  |TAMS 0x0000000707000000, 0x0000000707000000| Untracked 
|  30|0x0000000707200000, 0x0000000707200000, 0x0000000707400000|  0%| F|  |TAMS 0x0000000707200000, 0x0000000707200000| Untracked 
|  31|0x0000000707400000, 0x0000000707400000, 0x0000000707600000|  0%| F|  |TAMS 0x0000000707400000, 0x0000000707400000| Untracked 
|  32|0x0000000707600000, 0x0000000707600000, 0x0000000707800000|  0%| F|  |TAMS 0x0000000707600000, 0x0000000707600000| Untracked 
|  33|0x0000000707800000, 0x0000000707800000, 0x0000000707a00000|  0%| F|  |TAMS 0x0000000707800000, 0x0000000707800000| Untracked 
|  34|0x0000000707a00000, 0x0000000707a00000, 0x0000000707c00000|  0%| F|  |TAMS 0x0000000707a00000, 0x0000000707a00000| Untracked 
|  35|0x0000000707c00000, 0x0000000707c00000, 0x0000000707e00000|  0%| F|  |TAMS 0x0000000707c00000, 0x0000000707c00000| Untracked 
|  36|0x0000000707e00000, 0x0000000707e00000, 0x0000000708000000|  0%| F|  |TAMS 0x0000000707e00000, 0x0000000707e00000| Untracked 
|  37|0x0000000708000000, 0x0000000708000000, 0x0000000708200000|  0%| F|  |TAMS 0x0000000708000000, 0x0000000708000000| Untracked 
|  38|0x0000000708200000, 0x0000000708200000, 0x0000000708400000|  0%| F|  |TAMS 0x0000000708200000, 0x0000000708200000| Untracked 
|  39|0x0000000708400000, 0x0000000708400000, 0x0000000708600000|  0%| F|  |TAMS 0x0000000708400000, 0x0000000708400000| Untracked 
|  40|0x0000000708600000, 0x0000000708600000, 0x0000000708800000|  0%| F|  |TAMS 0x0000000708600000, 0x0000000708600000| Untracked 
|  41|0x0000000708800000, 0x0000000708800000, 0x0000000708a00000|  0%| F|  |TAMS 0x0000000708800000, 0x0000000708800000| Untracked 
|  42|0x0000000708a00000, 0x0000000708a00000, 0x0000000708c00000|  0%| F|  |TAMS 0x0000000708a00000, 0x0000000708a00000| Untracked 
|  43|0x0000000708c00000, 0x0000000708c00000, 0x0000000708e00000|  0%| F|  |TAMS 0x0000000708c00000, 0x0000000708c00000| Untracked 
|  44|0x0000000708e00000, 0x0000000708e00000, 0x0000000709000000|  0%| F|  |TAMS 0x0000000708e00000, 0x0000000708e00000| Untracked 
|  45|0x0000000709000000, 0x0000000709000000, 0x0000000709200000|  0%| F|  |TAMS 0x0000000709000000, 0x0000000709000000| Untracked 
|  46|0x0000000709200000, 0x0000000709200000, 0x0000000709400000|  0%| F|  |TAMS 0x0000000709200000, 0x0000000709200000| Untracked 
|  47|0x0000000709400000, 0x0000000709400000, 0x0000000709600000|  0%| F|  |TAMS 0x0000000709400000, 0x0000000709400000| Untracked 
|  48|0x0000000709600000, 0x0000000709600000, 0x0000000709800000|  0%| F|  |TAMS 0x0000000709600000, 0x0000000709600000| Untracked 
|  49|0x0000000709800000, 0x0000000709800000, 0x0000000709a00000|  0%| F|  |TAMS 0x0000000709800000, 0x0000000709800000| Untracked 
|  50|0x0000000709a00000, 0x0000000709a00000, 0x0000000709c00000|  0%| F|  |TAMS 0x0000000709a00000, 0x0000000709a00000| Untracked 
|  51|0x0000000709c00000, 0x0000000709c00000, 0x0000000709e00000|  0%| F|  |TAMS 0x0000000709c00000, 0x0000000709c00000| Untracked 
|  52|0x0000000709e00000, 0x0000000709e00000, 0x000000070a000000|  0%| F|  |TAMS 0x0000000709e00000, 0x0000000709e00000| Untracked 
|  53|0x000000070a000000, 0x000000070a000000, 0x000000070a200000|  0%| F|  |TAMS 0x000000070a000000, 0x000000070a000000| Untracked 
|  54|0x000000070a200000, 0x000000070a200000, 0x000000070a400000|  0%| F|  |TAMS 0x000000070a200000, 0x000000070a200000| Untracked 
|  55|0x000000070a400000, 0x000000070a400000, 0x000000070a600000|  0%| F|  |TAMS 0x000000070a400000, 0x000000070a400000| Untracked 
|  56|0x000000070a600000, 0x000000070a600000, 0x000000070a800000|  0%| F|  |TAMS 0x000000070a600000, 0x000000070a600000| Untracked 
|  57|0x000000070a800000, 0x000000070a800000, 0x000000070aa00000|  0%| F|  |TAMS 0x000000070a800000, 0x000000070a800000| Untracked 
|  58|0x000000070aa00000, 0x000000070aa00000, 0x000000070ac00000|  0%| F|  |TAMS 0x000000070aa00000, 0x000000070aa00000| Untracked 
|  59|0x000000070ac00000, 0x000000070ac00000, 0x000000070ae00000|  0%| F|  |TAMS 0x000000070ac00000, 0x000000070ac00000| Untracked 
|  60|0x000000070ae00000, 0x000000070ae00000, 0x000000070b000000|  0%| F|  |TAMS 0x000000070ae00000, 0x000000070ae00000| Untracked 
|  61|0x000000070b000000, 0x000000070b000000, 0x000000070b200000|  0%| F|  |TAMS 0x000000070b000000, 0x000000070b000000| Untracked 
|  62|0x000000070b200000, 0x000000070b200000, 0x000000070b400000|  0%| F|  |TAMS 0x000000070b200000, 0x000000070b200000| Untracked 
|  63|0x000000070b400000, 0x000000070b400000, 0x000000070b600000|  0%| F|  |TAMS 0x000000070b400000, 0x000000070b400000| Untracked 
|  64|0x000000070b600000, 0x000000070b600000, 0x000000070b800000|  0%| F|  |TAMS 0x000000070b600000, 0x000000070b600000| Untracked 
|  65|0x000000070b800000, 0x000000070b800000, 0x000000070ba00000|  0%| F|  |TAMS 0x000000070b800000, 0x000000070b800000| Untracked 
|  66|0x000000070ba00000, 0x000000070ba00000, 0x000000070bc00000|  0%| F|  |TAMS 0x000000070ba00000, 0x000000070ba00000| Untracked 
|  67|0x000000070bc00000, 0x000000070bc00000, 0x000000070be00000|  0%| F|  |TAMS 0x000000070bc00000, 0x000000070bc00000| Untracked 
|  68|0x000000070be00000, 0x000000070be00000, 0x000000070c000000|  0%| F|  |TAMS 0x000000070be00000, 0x000000070be00000| Untracked 
|  69|0x000000070c000000, 0x000000070c000000, 0x000000070c200000|  0%| F|  |TAMS 0x000000070c000000, 0x000000070c000000| Untracked 
|  70|0x000000070c200000, 0x000000070c200000, 0x000000070c400000|  0%| F|  |TAMS 0x000000070c200000, 0x000000070c200000| Untracked 
|  71|0x000000070c400000, 0x000000070c400000, 0x000000070c600000|  0%| F|  |TAMS 0x000000070c400000, 0x000000070c400000| Untracked 
|  72|0x000000070c600000, 0x000000070c600000, 0x000000070c800000|  0%| F|  |TAMS 0x000000070c600000, 0x000000070c600000| Untracked 
|  73|0x000000070c800000, 0x000000070c800000, 0x000000070ca00000|  0%| F|  |TAMS 0x000000070c800000, 0x000000070c800000| Untracked 
|  74|0x000000070ca00000, 0x000000070ca00000, 0x000000070cc00000|  0%| F|  |TAMS 0x000000070ca00000, 0x000000070ca00000| Untracked 
|  75|0x000000070cc00000, 0x000000070cc00000, 0x000000070ce00000|  0%| F|  |TAMS 0x000000070cc00000, 0x000000070cc00000| Untracked 
|  76|0x000000070ce00000, 0x000000070ce00000, 0x000000070d000000|  0%| F|  |TAMS 0x000000070ce00000, 0x000000070ce00000| Untracked 
|  77|0x000000070d000000, 0x000000070d000000, 0x000000070d200000|  0%| F|  |TAMS 0x000000070d000000, 0x000000070d000000| Untracked 
|  78|0x000000070d200000, 0x000000070d200000, 0x000000070d400000|  0%| F|  |TAMS 0x000000070d200000, 0x000000070d200000| Untracked 
|  79|0x000000070d400000, 0x000000070d400000, 0x000000070d600000|  0%| F|  |TAMS 0x000000070d400000, 0x000000070d400000| Untracked 
|  80|0x000000070d600000, 0x000000070d600000, 0x000000070d800000|  0%| F|  |TAMS 0x000000070d600000, 0x000000070d600000| Untracked 
|  81|0x000000070d800000, 0x000000070d800000, 0x000000070da00000|  0%| F|  |TAMS 0x000000070d800000, 0x000000070d800000| Untracked 
|  82|0x000000070da00000, 0x000000070da00000, 0x000000070dc00000|  0%| F|  |TAMS 0x000000070da00000, 0x000000070da00000| Untracked 
|  83|0x000000070dc00000, 0x000000070dc00000, 0x000000070de00000|  0%| F|  |TAMS 0x000000070dc00000, 0x000000070dc00000| Untracked 
|  84|0x000000070de00000, 0x000000070de00000, 0x000000070e000000|  0%| F|  |TAMS 0x000000070de00000, 0x000000070de00000| Untracked 
|  85|0x000000070e000000, 0x000000070e000000, 0x000000070e200000|  0%| F|  |TAMS 0x000000070e000000, 0x000000070e000000| Untracked 
|  86|0x000000070e200000, 0x000000070e200000, 0x000000070e400000|  0%| F|  |TAMS 0x000000070e200000, 0x000000070e200000| Untracked 
|  87|0x000000070e400000, 0x000000070e400000, 0x000000070e600000|  0%| F|  |TAMS 0x000000070e400000, 0x000000070e400000| Untracked 
|  88|0x000000070e600000, 0x000000070e600000, 0x000000070e800000|  0%| F|  |TAMS 0x000000070e600000, 0x000000070e600000| Untracked 
|  89|0x000000070e800000, 0x000000070e800000, 0x000000070ea00000|  0%| F|  |TAMS 0x000000070e800000, 0x000000070e800000| Untracked 
|  90|0x000000070ea00000, 0x000000070ea00000, 0x000000070ec00000|  0%| F|  |TAMS 0x000000070ea00000, 0x000000070ea00000| Untracked 
|  91|0x000000070ec00000, 0x000000070ec00000, 0x000000070ee00000|  0%| F|  |TAMS 0x000000070ec00000, 0x000000070ec00000| Untracked 
|  92|0x000000070ee00000, 0x000000070ee00000, 0x000000070f000000|  0%| F|  |TAMS 0x000000070ee00000, 0x000000070ee00000| Untracked 
|  93|0x000000070f000000, 0x000000070f000000, 0x000000070f200000|  0%| F|  |TAMS 0x000000070f000000, 0x000000070f000000| Untracked 
|  94|0x000000070f200000, 0x000000070f200000, 0x000000070f400000|  0%| F|  |TAMS 0x000000070f200000, 0x000000070f200000| Untracked 
|  95|0x000000070f400000, 0x000000070f400000, 0x000000070f600000|  0%| F|  |TAMS 0x000000070f400000, 0x000000070f400000| Untracked 
|  96|0x000000070f600000, 0x000000070f600000, 0x000000070f800000|  0%| F|  |TAMS 0x000000070f600000, 0x000000070f600000| Untracked 
|  97|0x000000070f800000, 0x000000070f800000, 0x000000070fa00000|  0%| F|  |TAMS 0x000000070f800000, 0x000000070f800000| Untracked 
|  98|0x000000070fa00000, 0x000000070fa00000, 0x000000070fc00000|  0%| F|  |TAMS 0x000000070fa00000, 0x000000070fa00000| Untracked 
|  99|0x000000070fc00000, 0x000000070fc00000, 0x000000070fe00000|  0%| F|  |TAMS 0x000000070fc00000, 0x000000070fc00000| Untracked 
| 100|0x000000070fe00000, 0x000000070fe00000, 0x0000000710000000|  0%| F|  |TAMS 0x000000070fe00000, 0x000000070fe00000| Untracked 
| 101|0x0000000710000000, 0x0000000710000000, 0x0000000710200000|  0%| F|  |TAMS 0x0000000710000000, 0x0000000710000000| Untracked 
| 102|0x0000000710200000, 0x0000000710200000, 0x0000000710400000|  0%| F|  |TAMS 0x0000000710200000, 0x0000000710200000| Untracked 
| 103|0x0000000710400000, 0x0000000710400000, 0x0000000710600000|  0%| F|  |TAMS 0x0000000710400000, 0x0000000710400000| Untracked 
| 104|0x0000000710600000, 0x0000000710600000, 0x0000000710800000|  0%| F|  |TAMS 0x0000000710600000, 0x0000000710600000| Untracked 
| 105|0x0000000710800000, 0x0000000710800000, 0x0000000710a00000|  0%| F|  |TAMS 0x0000000710800000, 0x0000000710800000| Untracked 
| 106|0x0000000710a00000, 0x0000000710a00000, 0x0000000710c00000|  0%| F|  |TAMS 0x0000000710a00000, 0x0000000710a00000| Untracked 
| 107|0x0000000710c00000, 0x0000000710c00000, 0x0000000710e00000|  0%| F|  |TAMS 0x0000000710c00000, 0x0000000710c00000| Untracked 
| 108|0x0000000710e00000, 0x0000000710e00000, 0x0000000711000000|  0%| F|  |TAMS 0x0000000710e00000, 0x0000000710e00000| Untracked 
| 109|0x0000000711000000, 0x0000000711000000, 0x0000000711200000|  0%| F|  |TAMS 0x0000000711000000, 0x0000000711000000| Untracked 
| 110|0x0000000711200000, 0x0000000711200000, 0x0000000711400000|  0%| F|  |TAMS 0x0000000711200000, 0x0000000711200000| Untracked 
| 111|0x0000000711400000, 0x0000000711400000, 0x0000000711600000|  0%| F|  |TAMS 0x0000000711400000, 0x0000000711400000| Untracked 
| 112|0x0000000711600000, 0x0000000711600000, 0x0000000711800000|  0%| F|  |TAMS 0x0000000711600000, 0x0000000711600000| Untracked 
| 113|0x0000000711800000, 0x0000000711800000, 0x0000000711a00000|  0%| F|  |TAMS 0x0000000711800000, 0x0000000711800000| Untracked 
| 114|0x0000000711a00000, 0x0000000711bff920, 0x0000000711c00000| 99%| S|CS|TAMS 0x0000000711a00000, 0x0000000711a00000| Complete 
| 115|0x0000000711c00000, 0x0000000711e00000, 0x0000000711e00000|100%| S|CS|TAMS 0x0000000711c00000, 0x0000000711c00000| Complete 
| 116|0x0000000711e00000, 0x0000000711e00000, 0x0000000712000000|  0%| F|  |TAMS 0x0000000711e00000, 0x0000000711e00000| Untracked 
| 117|0x0000000712000000, 0x0000000712000000, 0x0000000712200000|  0%| F|  |TAMS 0x0000000712000000, 0x0000000712000000| Untracked 
| 118|0x0000000712200000, 0x0000000712200000, 0x0000000712400000|  0%| F|  |TAMS 0x0000000712200000, 0x0000000712200000| Untracked 
| 119|0x0000000712400000, 0x0000000712400000, 0x0000000712600000|  0%| F|  |TAMS 0x0000000712400000, 0x0000000712400000| Untracked 
| 120|0x0000000712600000, 0x0000000712600000, 0x0000000712800000|  0%| F|  |TAMS 0x0000000712600000, 0x0000000712600000| Untracked 
| 121|0x0000000712800000, 0x0000000712800000, 0x0000000712a00000|  0%| F|  |TAMS 0x0000000712800000, 0x0000000712800000| Untracked 
| 122|0x0000000712a00000, 0x0000000712a63a08, 0x0000000712c00000| 19%| E|  |TAMS 0x0000000712a00000, 0x0000000712a00000| Complete 
| 123|0x0000000712c00000, 0x0000000712e00000, 0x0000000712e00000|100%| E|CS|TAMS 0x0000000712c00000, 0x0000000712c00000| Complete 
| 124|0x0000000712e00000, 0x0000000713000000, 0x0000000713000000|100%| E|CS|TAMS 0x0000000712e00000, 0x0000000712e00000| Complete 
| 125|0x0000000713000000, 0x0000000713200000, 0x0000000713200000|100%| E|  |TAMS 0x0000000713000000, 0x0000000713000000| Complete 
| 126|0x0000000713200000, 0x0000000713400000, 0x0000000713400000|100%| E|CS|TAMS 0x0000000713200000, 0x0000000713200000| Complete 

Card table byte_map: [0x00000270f2b60000,0x00000270f3350000] _byte_map_base: 0x00000270ef345000

Marking Bits (Prev, Next): (CMBitMap*) 0x00000270db5c8ba0, (CMBitMap*) 0x00000270db5c8be0
 Prev Bits: [0x00000270f3b40000, 0x00000270f7a68000)
 Next Bits: [0x00000270f7a70000, 0x00000270fb998000)

Polling page: 0x00000270d9520000

Metaspace:

Usage:
  Non-class:      8.48 MB used.
      Class:    944.90 KB used.
       Both:      9.41 MB used.

Virtual space:
  Non-class space:       16.00 MB reserved,       8.56 MB ( 54%) committed,  2 nodes.
      Class space:        1.00 GB reserved,       1.00 MB ( <1%) committed,  1 nodes.
             Both:        1.02 GB reserved,       9.56 MB ( <1%) committed. 

Chunk freelists:
   Non-Class:  1.97 MB
       Class:  3.03 MB
        Both:  5.00 MB

MaxMetaspaceSize: unlimited
CompressedClassSpaceSize: 1.00 GB
Initial GC threshold: 21.00 MB
Current GC threshold: 21.00 MB
CDS: on
MetaspaceReclaimPolicy: balanced
 - commit_granule_bytes: 65536.
 - commit_granule_words: 8192.
 - virtual_space_node_default_size: 1048576.
 - enlarge_chunks_in_place: 1.
 - new_chunks_are_fully_committed: 0.
 - uncommit_free_chunks: 1.
 - use_allocation_guard: 0.
 - handle_deallocations: 1.


Internal statistics:

num_allocs_failed_limit: 0.
num_arena_births: 26.
num_arena_deaths: 0.
num_vsnodes_births: 3.
num_vsnodes_deaths: 0.
num_space_committed: 151.
num_space_uncommitted: 0.
num_chunks_returned_to_freelist: 0.
num_chunks_taken_from_freelist: 269.
num_chunk_merges: 0.
num_chunk_splits: 222.
num_chunks_enlarged: 205.
num_purges: 0.
num_inconsistent_stats: 0.

CodeHeap 'non-profiled nmethods': size=120000Kb used=590Kb max_used=590Kb free=119409Kb
 bounds [0x00000270eab10000, 0x00000270ead80000, 0x00000270f2040000]
CodeHeap 'profiled nmethods': size=120000Kb used=2868Kb max_used=2868Kb free=117131Kb
 bounds [0x00000270e35e0000, 0x00000270e38b0000, 0x00000270eab10000]
CodeHeap 'non-nmethods': size=5760Kb used=1316Kb max_used=1352Kb free=4443Kb
 bounds [0x00000270e3040000, 0x00000270e32b0000, 0x00000270e35e0000]
 total_blobs=2269 nmethods=1613 adapters=569
 compilation: enabled
              stopped_count=0, restarted_count=0
 full_count=0

Compilation events (20 events):
Event: 13.348 Thread 0x00000270ff01a4f0 1603       4       com.badlogic.gdx.utils.Array$ArrayIterator::next (66 bytes)
Event: 13.349 Thread 0x00000270ff01a4f0 nmethod 1603 0x00000270eaba0990 code [0x00000270eaba0b20, 0x00000270eaba0c38]
Event: 13.498 Thread 0x00000270ff01e3a0 1604       3       jdk.internal.reflect.ClassFileAssembler::emitByte (11 bytes)
Event: 13.498 Thread 0x00000270ff01e3a0 nmethod 1604 0x00000270e38ab310 code [0x00000270e38ab4c0, 0x00000270e38ab648]
Event: 13.498 Thread 0x00000270ff01e3a0 1605       3       jdk.internal.reflect.ByteVectorImpl::add (38 bytes)
Event: 13.498 Thread 0x00000270ff01e3a0 nmethod 1605 0x00000270e38ab790 code [0x00000270e38ab940, 0x00000270e38abb28]
Event: 13.531 Thread 0x00000270ff01e3a0 1606       3       scala.collection.IndexedSeqView$IndexedSeqViewIterator::<init> (25 bytes)
Event: 13.531 Thread 0x00000270ff01e3a0 nmethod 1606 0x00000270e38abc90 code [0x00000270e38abe40, 0x00000270e38ac298]
Event: 13.531 Thread 0x00000270ff01e3a0 1607       3       scala.collection.mutable.ArrayBufferView::length (8 bytes)
Event: 13.532 Thread 0x00000270ff01e3a0 nmethod 1607 0x00000270e38ac490 code [0x00000270e38ac620, 0x00000270e38ac8b8]
Event: 13.829 Thread 0x00000270ff01a4f0 1608   !   4       java.nio.DirectByteBuffer::put (37 bytes)
Event: 13.831 Thread 0x00000270ff01a4f0 nmethod 1608 0x00000270eaba0d90 code [0x00000270eaba0f00, 0x00000270eaba0ff8]
Event: 14.147 Thread 0x00000270ff01a4f0 1610       4       com.badlogic.gdx.utils.Pools::get (37 bytes)
Event: 14.151 Thread 0x00000270ff01a4f0 nmethod 1610 0x00000270eaba1510 code [0x00000270eaba16a0, 0x00000270eaba1868]
Event: 14.664 Thread 0x00000270ff01a4f0 1611       4       java.nio.CharBuffer::position (6 bytes)
Event: 14.665 Thread 0x00000270ff01a4f0 nmethod 1611 0x00000270eaba1a90 code [0x00000270eaba1c00, 0x00000270eaba1cd8]
Event: 14.831 Thread 0x00000270ff01e3a0 1612  s    3       java.util.Vector::removeAllElements (43 bytes)
Event: 14.831 Thread 0x00000270ff01e3a0 nmethod 1612 0x00000270e38ac990 code [0x00000270e38acb40, 0x00000270e38acf78]
Event: 15.381 Thread 0x00000270ff01a4f0 1613       4       com.badlogic.gdx.graphics.g2d.BitmapFontCache::addToCache (323 bytes)
Event: 15.394 Thread 0x00000270ff01a4f0 nmethod 1613 0x00000270eaba1e10 code [0x00000270eaba2040, 0x00000270eaba2e38]

GC Heap History (2 events):
Event: 1.473 GC heap before
{Heap before GC invocations=0 (full 0):
 garbage-first heap   total 260096K, used 22528K [0x0000000703600000, 0x0000000800000000)
  region size 2048K, 11 young (22528K), 0 survivors (0K)
 Metaspace       used 8158K, committed 8320K, reserved 1064960K
  class space    used 752K, committed 832K, reserved 1048576K
}
Event: 1.480 GC heap after
{Heap after GC invocations=1 (full 0):
 garbage-first heap   total 260096K, used 4094K [0x0000000703600000, 0x0000000800000000)
  region size 2048K, 2 young (4096K), 2 survivors (4096K)
 Metaspace       used 8158K, committed 8320K, reserved 1064960K
  class space    used 752K, committed 832K, reserved 1048576K
}

Deoptimization events (20 events):
Event: 1.256 Thread 0x00000270ff4da340 DEOPT PACKING pc=0x00000270e3632fbe sp=0x0000007a4bdfe0c0
Event: 1.256 Thread 0x00000270ff4da340 DEOPT UNPACKING pc=0x00000270e3092b43 sp=0x0000007a4bdfd538 mode 0
Event: 2.400 Thread 0x00000270ff4da340 DEOPT PACKING pc=0x00000270e374c2d6 sp=0x0000007a4bdfa4f0
Event: 2.400 Thread 0x00000270ff4da340 DEOPT UNPACKING pc=0x00000270e3092b43 sp=0x0000007a4bdf9978 mode 0
Event: 3.386 Thread 0x00000270ff4da340 Uncommon trap: trap_request=0xffffff45 fr.pc=0x00000270eab68890 relative=0x0000000000000090
Event: 3.386 Thread 0x00000270ff4da340 Uncommon trap: reason=unstable_if action=reinterpret pc=0x00000270eab68890 method=java.lang.Math.round(F)I @ 36 c2
Event: 3.386 Thread 0x00000270ff4da340 DEOPT PACKING pc=0x00000270eab68890 sp=0x0000007a4bdfee00
Event: 3.386 Thread 0x00000270ff4da340 DEOPT UNPACKING pc=0x00000270e30923a3 sp=0x0000007a4bdfed78 mode 2
Event: 5.224 Thread 0x00000270ff4da340 Uncommon trap: trap_request=0xffffff45 fr.pc=0x00000270eab750ac relative=0x000000000000044c
Event: 5.224 Thread 0x00000270ff4da340 Uncommon trap: reason=unstable_if action=reinterpret pc=0x00000270eab750ac method=com.badlogic.gdx.graphics.glutils.ShapeRenderer.check(Lcom/badlogic/gdx/graphics/glutils/ShapeRenderer$ShapeType;Lcom/badlogic/gdx/graphics/glutils/ShapeRenderer$ShapeType;I
Event: 5.224 Thread 0x00000270ff4da340 DEOPT PACKING pc=0x00000270eab750ac sp=0x0000007a4bdfef50
Event: 5.224 Thread 0x00000270ff4da340 DEOPT UNPACKING pc=0x00000270e30923a3 sp=0x0000007a4bdfedf0 mode 2
Event: 5.224 Thread 0x00000270ff4da340 Uncommon trap: trap_request=0xffffff45 fr.pc=0x00000270eab745e0 relative=0x0000000000000580
Event: 5.224 Thread 0x00000270ff4da340 Uncommon trap: reason=unstable_if action=reinterpret pc=0x00000270eab745e0 method=com.badlogic.gdx.graphics.glutils.ShapeRenderer.check(Lcom/badlogic/gdx/graphics/glutils/ShapeRenderer$ShapeType;Lcom/badlogic/gdx/graphics/glutils/ShapeRenderer$ShapeType;I
Event: 5.224 Thread 0x00000270ff4da340 DEOPT PACKING pc=0x00000270eab745e0 sp=0x0000007a4bdfeea0
Event: 5.224 Thread 0x00000270ff4da340 DEOPT UNPACKING pc=0x00000270e30923a3 sp=0x0000007a4bdfedf0 mode 2
Event: 8.604 Thread 0x00000270ff4da340 Uncommon trap: trap_request=0xffffff45 fr.pc=0x00000270eab6ded0 relative=0x00000000000001b0
Event: 8.604 Thread 0x00000270ff4da340 Uncommon trap: reason=unstable_if action=reinterpret pc=0x00000270eab6ded0 method=com.badlogic.gdx.utils.Array.add(Ljava/lang/Object;)V @ 11 c2
Event: 8.604 Thread 0x00000270ff4da340 DEOPT PACKING pc=0x00000270eab6ded0 sp=0x0000007a4bdff020
Event: 8.604 Thread 0x00000270ff4da340 DEOPT UNPACKING pc=0x00000270e30923a3 sp=0x0000007a4bdfefe0 mode 2

Classes unloaded (0 events):
No events

Classes redefined (0 events):
No events

Internal exceptions (7 events):
Event: 0.123 Thread 0x00000270ff24bad0 Exception <a 'java/lang/NoSuchMethodError'{0x00000007131988e8}: 'java.lang.Object java.lang.invoke.DirectMethodHandle$Holder.invokeStaticInit(java.lang.Object)'> (0x00000007131988e8) 
thrown [s\src\hotspot\share\interpreter\linkResolver.cpp, line 759]
Event: 0.133 Thread 0x00000270ff24bad0 Exception <a 'java/lang/NoSuchMethodError'{0x00000007131a6698}: 'void java.lang.invoke.DirectMethodHandle$Holder.invokeStatic(java.lang.Object, java.lang.Object)'> (0x00000007131a6698) 
thrown [s\src\hotspot\share\interpreter\linkResolver.cpp, line 759]
Event: 0.209 Thread 0x00000270db55fed0 Exception <a 'java/lang/NoSuchMethodError'{0x0000000712c7d450}: 'java.lang.Object java.lang.invoke.DirectMethodHandle$Holder.invokeStaticInit(java.lang.Object, int, int, int, int)'> (0x0000000712c7d450) 
thrown [s\src\hotspot\share\interpreter\linkResolver.cpp, line 759]
Event: 0.257 Thread 0x00000270db55fed0 Exception <a 'java/lang/NoSuchMethodError'{0x0000000712cbeb40}: 'java.lang.Object java.lang.invoke.DirectMethodHandle$Holder.invokeStaticInit(java.lang.Object, java.lang.Object, int, int, int, int)'> (0x0000000712cbeb40) 
thrown [s\src\hotspot\share\interpreter\linkResolver.cpp, line 759]
Event: 0.283 Thread 0x00000270db55fed0 Exception <a 'java/lang/NoSuchMethodError'{0x0000000712d41410}: 'java.lang.Object java.lang.invoke.DirectMethodHandle$Holder.invokeInterface(java.lang.Object, java.lang.Object)'> (0x0000000712d41410) 
thrown [s\src\hotspot\share\interpreter\linkResolver.cpp, line 759]
Event: 0.283 Thread 0x00000270db55fed0 Exception <a 'java/lang/IncompatibleClassChangeError'{0x0000000712d44d30}: Found class java.lang.Object, but interface was expected> (0x0000000712d44d30) 
thrown [s\src\hotspot\share\interpreter\linkResolver.cpp, line 826]
Event: 1.444 Thread 0x00000270ff4da340 Exception <a 'java/lang/NoSuchMethodError'{0x0000000711e8caa8}: 'java.lang.Object java.lang.invoke.Invokers$Holder.invokeExact_MT(java.lang.Object, java.lang.Object, java.lang.Object, java.lang.Object, java.lang.Object, java.lang.Object)'> (0x0000000711e8caa8) 
thrown [s\src\hotspot\share\interpreter\linkResolver.cpp, line 759]

VM Operations (20 events):
Event: 3.504 Executing VM operation: Cleanup
Event: 3.504 Executing VM operation: Cleanup done
Event: 4.504 Executing VM operation: Cleanup
Event: 4.504 Executing VM operation: Cleanup done
Event: 5.505 Executing VM operation: Cleanup
Event: 5.505 Executing VM operation: Cleanup done
Event: 6.505 Executing VM operation: Cleanup
Event: 6.506 Executing VM operation: Cleanup done
Event: 7.506 Executing VM operation: Cleanup
Event: 7.506 Executing VM operation: Cleanup done
Event: 8.507 Executing VM operation: Cleanup
Event: 8.507 Executing VM operation: Cleanup done
Event: 10.508 Executing VM operation: Cleanup
Event: 10.508 Executing VM operation: Cleanup done
Event: 11.509 Executing VM operation: Cleanup
Event: 11.509 Executing VM operation: Cleanup done
Event: 12.509 Executing VM operation: Cleanup
Event: 12.509 Executing VM operation: Cleanup done
Event: 14.509 Executing VM operation: Cleanup
Event: 14.509 Executing VM operation: Cleanup done

Events (20 events):
Event: 13.497 loading class jdk/internal/reflect/ByteVectorFactory
Event: 13.497 loading class jdk/internal/reflect/ByteVectorFactory done
Event: 13.497 loading class jdk/internal/reflect/ByteVectorImpl
Event: 13.497 loading class jdk/internal/reflect/ByteVector
Event: 13.497 loading class jdk/internal/reflect/ByteVector done
Event: 13.497 loading class jdk/internal/reflect/ByteVectorImpl done
Event: 13.497 loading class jdk/internal/reflect/ClassFileAssembler
Event: 13.497 loading class jdk/internal/reflect/ClassFileAssembler done
Event: 13.497 loading class jdk/internal/reflect/UTF8
Event: 13.497 loading class jdk/internal/reflect/UTF8 done
Event: 13.498 loading class jdk/internal/reflect/Label
Event: 13.498 loading class jdk/internal/reflect/Label done
Event: 13.498 loading class jdk/internal/reflect/Label$PatchInfo
Event: 13.498 loading class jdk/internal/reflect/Label$PatchInfo done
Event: 13.499 loading class jdk/internal/reflect/MethodAccessorGenerator$1
Event: 13.499 loading class jdk/internal/reflect/MethodAccessorGenerator$1 done
Event: 13.499 loading class jdk/internal/reflect/ClassDefiner
Event: 13.499 loading class jdk/internal/reflect/ClassDefiner done
Event: 13.499 loading class jdk/internal/reflect/ClassDefiner$1
Event: 13.499 loading class jdk/internal/reflect/ClassDefiner$1 done


Dynamic libraries:
0x00007ff76fb20000 - 0x00007ff76fb2e000 	C:\Users\Ribeiro\.jdks\temurin-17.0.4.1\bin\java.exe
0x00007ffb88e90000 - 0x00007ffb890a4000 	C:\WINDOWS\SYSTEM32\ntdll.dll
0x00007ffb86f00000 - 0x00007ffb86fc2000 	C:\WINDOWS\System32\KERNEL32.DLL
0x00007ffb866b0000 - 0x00007ffb86a53000 	C:\WINDOWS\System32\KERNELBASE.dll
0x00007ffb86b50000 - 0x00007ffb86c61000 	C:\WINDOWS\System32\ucrtbase.dll
0x00007ffb55ee0000 - 0x00007ffb55ef8000 	C:\Users\Ribeiro\.jdks\temurin-17.0.4.1\bin\jli.dll
0x00007ffb53c00000 - 0x00007ffb53c19000 	C:\Users\Ribeiro\.jdks\temurin-17.0.4.1\bin\VCRUNTIME140.dll
0x00007ffb86fd0000 - 0x00007ffb8717b000 	C:\WINDOWS\System32\USER32.dll
0x00007ffb67330000 - 0x00007ffb675be000 	C:\WINDOWS\WinSxS\amd64_microsoft.windows.common-controls_6595b64144ccf1df_6.0.22621.1635_none_270f70857386168e\COMCTL32.dll
0x00007ffb86560000 - 0x00007ffb86586000 	C:\WINDOWS\System32\win32u.dll
0x00007ffb86c70000 - 0x00007ffb86d17000 	C:\WINDOWS\System32\msvcrt.dll
0x00007ffb86d90000 - 0x00007ffb86db9000 	C:\WINDOWS\System32\GDI32.dll
0x00007ffb86590000 - 0x00007ffb866a9000 	C:\WINDOWS\System32\gdi32full.dll
0x00007ffb864c0000 - 0x00007ffb8655a000 	C:\WINDOWS\System32\msvcp_win.dll
0x00007ffb88e10000 - 0x00007ffb88e41000 	C:\WINDOWS\System32\IMM32.DLL
0x00007ffb65400000 - 0x00007ffb6540c000 	C:\Users\Ribeiro\.jdks\temurin-17.0.4.1\bin\vcruntime140_1.dll
0x00007ffb3dec0000 - 0x00007ffb3df51000 	C:\Users\Ribeiro\.jdks\temurin-17.0.4.1\bin\msvcp140.dll
0x00007ffada5d0000 - 0x00007ffadb216000 	C:\Users\Ribeiro\.jdks\temurin-17.0.4.1\bin\server\jvm.dll
0x00007ffb878c0000 - 0x00007ffb8796e000 	C:\WINDOWS\System32\ADVAPI32.dll
0x00007ffb86e50000 - 0x00007ffb86ef4000 	C:\WINDOWS\System32\sechost.dll
0x00007ffb88cf0000 - 0x00007ffb88e07000 	C:\WINDOWS\System32\RPCRT4.dll
0x00007ffb86e40000 - 0x00007ffb86e48000 	C:\WINDOWS\System32\PSAPI.DLL
0x00007ffb5f510000 - 0x00007ffb5f519000 	C:\WINDOWS\SYSTEM32\WSOCK32.dll
0x00007ffb87290000 - 0x00007ffb87301000 	C:\WINDOWS\System32\WS2_32.dll
0x00007ffb7b530000 - 0x00007ffb7b564000 	C:\WINDOWS\SYSTEM32\WINMM.dll
0x00007ffb68090000 - 0x00007ffb6809a000 	C:\WINDOWS\SYSTEM32\VERSION.dll
0x00007ffb852a0000 - 0x00007ffb852b8000 	C:\WINDOWS\SYSTEM32\kernel.appcore.dll
0x00007ffb64a60000 - 0x00007ffb64a6a000 	C:\Users\Ribeiro\.jdks\temurin-17.0.4.1\bin\jimage.dll
0x00007ffb71b50000 - 0x00007ffb71d7e000 	C:\WINDOWS\SYSTEM32\DBGHELP.DLL
0x00007ffb87d40000 - 0x00007ffb880c9000 	C:\WINDOWS\System32\combase.dll
0x00007ffb889d0000 - 0x00007ffb88aa7000 	C:\WINDOWS\System32\OLEAUT32.dll
0x00007ffb5f230000 - 0x00007ffb5f262000 	C:\WINDOWS\SYSTEM32\dbgcore.DLL
0x00007ffb86ad0000 - 0x00007ffb86b4b000 	C:\WINDOWS\System32\bcryptPrimitives.dll
0x00007ffb81500000 - 0x00007ffb8150e000 	C:\Users\Ribeiro\.jdks\temurin-17.0.4.1\bin\instrument.dll
0x00007ffb53950000 - 0x00007ffb53975000 	C:\Users\Ribeiro\.jdks\temurin-17.0.4.1\bin\java.dll
0x00007ffb3b3b0000 - 0x00007ffb3b486000 	C:\Users\Ribeiro\.jdks\temurin-17.0.4.1\bin\jsvml.dll
0x00007ffb881d0000 - 0x00007ffb889ca000 	C:\WINDOWS\System32\SHELL32.dll
0x00007ffb84240000 - 0x00007ffb84b0e000 	C:\WINDOWS\SYSTEM32\windows.storage.dll
0x00007ffb84100000 - 0x00007ffb8423e000 	C:\WINDOWS\SYSTEM32\wintypes.dll
0x00007ffb87190000 - 0x00007ffb87281000 	C:\WINDOWS\System32\SHCORE.dll
0x00007ffb86d30000 - 0x00007ffb86d8e000 	C:\WINDOWS\System32\shlwapi.dll
0x00007ffb861c0000 - 0x00007ffb861e1000 	C:\WINDOWS\SYSTEM32\profapi.dll
0x00007ffb53520000 - 0x00007ffb53538000 	C:\Users\Ribeiro\.jdks\temurin-17.0.4.1\bin\zip.dll
0x00007ffb53930000 - 0x00007ffb53949000 	C:\Users\Ribeiro\.jdks\temurin-17.0.4.1\bin\net.dll
0x00007ffb7e410000 - 0x00007ffb7e547000 	C:\WINDOWS\SYSTEM32\WINHTTP.dll
0x00007ffb85700000 - 0x00007ffb85769000 	C:\WINDOWS\system32\mswsock.dll
0x00007ffb53910000 - 0x00007ffb53925000 	C:\Users\Ribeiro\.jdks\temurin-17.0.4.1\bin\nio.dll
0x00007ffb7cdb0000 - 0x00007ffb7cdca000 	C:\Program Files\JetBrains\IntelliJ IDEA Community Edition 2022.2.1\bin\breakgen64.dll
0x0000000065580000 - 0x0000000065616000 	C:\Users\Ribeiro\AppData\Local\Temp\libgdxRibeiro\12dfaa03\gdx64.dll
0x00007ffb85a20000 - 0x00007ffb85a3b000 	C:\WINDOWS\SYSTEM32\CRYPTSP.dll
0x00007ffb85210000 - 0x00007ffb85245000 	C:\WINDOWS\system32\rsaenh.dll
0x00007ffb857a0000 - 0x00007ffb857c8000 	C:\WINDOWS\SYSTEM32\USERENV.dll
0x00007ffb85be0000 - 0x00007ffb85c08000 	C:\WINDOWS\SYSTEM32\bcrypt.dll
0x00007ffb85a00000 - 0x00007ffb85a0c000 	C:\WINDOWS\SYSTEM32\CRYPTBASE.dll
0x00007ffb84d70000 - 0x00007ffb84d9d000 	C:\WINDOWS\SYSTEM32\IPHLPAPI.DLL
0x00007ffb87180000 - 0x00007ffb87189000 	C:\WINDOWS\System32\NSI.dll
0x00007ffb7d7f0000 - 0x00007ffb7d809000 	C:\WINDOWS\SYSTEM32\dhcpcsvc6.DLL
0x00007ffb7d640000 - 0x00007ffb7d65f000 	C:\WINDOWS\SYSTEM32\dhcpcsvc.DLL
0x00007ffb84de0000 - 0x00007ffb84ed3000 	C:\WINDOWS\SYSTEM32\DNSAPI.dll
0x00007ffb814a0000 - 0x00007ffb814b0000 	C:\Users\Ribeiro\.jdks\temurin-17.0.4.1\bin\verify.dll
0x0000000180000000 - 0x0000000180053000 	C:\Users\Ribeiro\AppData\Local\Temp\libgdxRibeiro\dc0f0009\lwjgl64.dll
0x00007ffb411a0000 - 0x00007ffb412a0000 	C:\WINDOWS\SYSTEM32\OPENGL32.dll
0x00007ffb59e60000 - 0x00007ffb59e8d000 	C:\WINDOWS\SYSTEM32\GLU32.dll
0x00007ffb835d0000 - 0x00007ffb83608000 	C:\WINDOWS\SYSTEM32\dxcore.dll
0x00000270fe550000 - 0x00000270fe5b4000 	C:\Users\Ribeiro\AppData\Local\Temp\libgdxRibeiro\dc0f0009\OpenAL64.dll
0x00007ffb87b30000 - 0x00007ffb87ccc000 	C:\WINDOWS\System32\ole32.dll
0x00007ffb834e0000 - 0x00007ffb8358b000 	C:\WINDOWS\system32\uxtheme.dll
0x00007ffb87810000 - 0x00007ffb878c0000 	C:\WINDOWS\System32\clbcatq.dll
0x00007ffb4b6c0000 - 0x00007ffb4b762000 	C:\WINDOWS\SYSTEM32\dsound.dll
0x00007ffb5f4e0000 - 0x00007ffb5f509000 	C:\WINDOWS\SYSTEM32\winmmbase.dll
0x00007ffb4b600000 - 0x00007ffb4b6b1000 	C:\WINDOWS\SYSTEM32\ResampleDmo.DLL
0x00007ffb85f00000 - 0x00007ffb85f4d000 	C:\WINDOWS\SYSTEM32\powrprof.dll
0x00007ffb62eb0000 - 0x00007ffb62ebb000 	C:\WINDOWS\SYSTEM32\msdmo.dll
0x00007ffb85ee0000 - 0x00007ffb85ef3000 	C:\WINDOWS\SYSTEM32\UMPDC.dll
0x00007ffb717e0000 - 0x00007ffb7187d000 	C:\WINDOWS\System32\MMDevApi.dll
0x00007ffb85f50000 - 0x00007ffb85f7c000 	C:\WINDOWS\System32\DEVOBJ.dll
0x00007ffb85f80000 - 0x00007ffb85fce000 	C:\WINDOWS\SYSTEM32\cfgmgr32.dll
0x00007ffb71280000 - 0x00007ffb7146c000 	C:\WINDOWS\SYSTEM32\AUDIOSES.DLL
0x00007ffb83d10000 - 0x00007ffb83d25000 	C:\WINDOWS\SYSTEM32\resourcepolicyclient.dll
0x00007ffb7d720000 - 0x00007ffb7d7dc000 	C:\WINDOWS\SYSTEM32\mscms.dll
0x00007ffb7c640000 - 0x00007ffb7c68e000 	C:\Windows\System32\Windows.Internal.Graphics.Display.DisplayColorManagement.dll
0x00007ffb87a00000 - 0x00007ffb87b27000 	C:\WINDOWS\System32\MSCTF.dll
0x00007ffb80430000 - 0x00007ffb80478000 	C:\WINDOWS\SYSTEM32\directxdatabasehelper.dll
0x00007ffb7c740000 - 0x00007ffb7c874000 	C:\Windows\System32\AppXDeploymentClient.dll
0x00007ffad95b0000 - 0x00007ffada5ca000 	C:\WINDOWS\System32\DriverStore\FileRepository\iigd_dch.inf_amd64_e396b69e113d1cc5\ig9icd64.dll
0x00007ffb83820000 - 0x00007ffb8384b000 	C:\WINDOWS\system32\dwmapi.dll
0x00007ffb83710000 - 0x00007ffb83806000 	C:\WINDOWS\system32\dxgi.dll
0x00007ffb39010000 - 0x00007ffb392fe000 	C:\WINDOWS\System32\DriverStore\FileRepository\iigd_dch.inf_amd64_e396b69e113d1cc5\igdml64.dll
0x00007ffb7b160000 - 0x00007ffb7b528000 	C:\WINDOWS\System32\DriverStore\FileRepository\iigd_dch.inf_amd64_e396b69e113d1cc5\igdgmm64.dll
0x00007ffb77b70000 - 0x00007ffb7b156000 	C:\WINDOWS\System32\DriverStore\FileRepository\iigd_dch.inf_amd64_e396b69e113d1cc5\igc64.dll
0x00007ffb76bc0000 - 0x00007ffb76ced000 	C:\WINDOWS\SYSTEM32\textinputframework.dll
0x00007ffb83020000 - 0x00007ffb83153000 	C:\WINDOWS\SYSTEM32\CoreMessaging.dll
0x00007ffb7f980000 - 0x00007ffb7fcec000 	C:\WINDOWS\SYSTEM32\CoreUIComponents.dll
0x00007ffb48060000 - 0x00007ffb480c9000 	C:\WINDOWS\system32\Oleacc.dll
0x00007ffb7ca90000 - 0x00007ffb7cad9000 	C:\WINDOWS\SYSTEM32\icm32.dll
0x0000000066bc0000 - 0x0000000066c7b000 	C:\Users\Ribeiro\AppData\Local\Temp\libgdxRibeiro\54593449\gdx-box2d64.dll
0x000000006a740000 - 0x000000006a7f1000 	C:\Users\Ribeiro\AppData\Local\Temp\libgdxRibeiro\a04a55a\gdx-freetype64.dll
0x0000000068900000 - 0x0000000068a54000 	C:\Users\Ribeiro\AppData\Local\Temp\libgdxRibeiro\db0e5263\gdx-controllers-desktop64.dll
0x00007ffb59120000 - 0x00007ffb59166000 	C:\WINDOWS\SYSTEM32\DINPUT8.dll
0x00007ffb759e0000 - 0x00007ffb75be1000 	C:\WINDOWS\SYSTEM32\inputhost.dll
0x00007ffb84b10000 - 0x00007ffb84b1e000 	C:\WINDOWS\SYSTEM32\HID.DLL
0x00007ffb87310000 - 0x00007ffb87784000 	C:\WINDOWS\System32\SETUPAPI.DLL
0x00007ffb86a60000 - 0x00007ffb86acb000 	C:\WINDOWS\System32\WINTRUST.dll
0x00007ffb86290000 - 0x00007ffb863f7000 	C:\WINDOWS\System32\CRYPT32.dll
0x00007ffb85a70000 - 0x00007ffb85a82000 	C:\WINDOWS\SYSTEM32\MSASN1.dll

dbghelp: loaded successfully - version: 4.0.5 - missing functions: none
symbol engine: initialized successfully - sym options: 0x614 - pdb path: .;C:\Users\Ribeiro\.jdks\temurin-17.0.4.1\bin;C:\WINDOWS\SYSTEM32;C:\WINDOWS\WinSxS\amd64_microsoft.windows.common-controls_6595b64144ccf1df_6.0.22621.1635_none_270f70857386168e;C:\Users\Ribeiro\.jdks\temurin-17.0.4.1\bin\server;C:\Program Files\JetBrains\IntelliJ IDEA Community Edition 2022.2.1\bin;C:\Users\Ribeiro\AppData\Local\Temp\libgdxRibeiro\12dfaa03;C:\Users\Ribeiro\AppData\Local\Temp\libgdxRibeiro\dc0f0009;C:\WINDOWS\System32\DriverStore\FileRepository\iigd_dch.inf_amd64_e396b69e113d1cc5;C:\Users\Ribeiro\AppData\Local\Temp\libgdxRibeiro\54593449;C:\Users\Ribeiro\AppData\Local\Temp\libgdxRibeiro\a04a55a;C:\Users\Ribeiro\AppData\Local\Temp\libgdxRibeiro\db0e5263

VM Arguments:
jvm_args: -javaagent:C:\Program Files\JetBrains\IntelliJ IDEA Community Edition 2022.2.1\lib\idea_rt.jar=44122:C:\Program Files\JetBrains\IntelliJ IDEA Community Edition 2022.2.1\bin -Dfile.encoding=UTF-8 
java_command: Test
java_class_path (initial): C:\Users\Ribeiro\IdeaProjects\gdx2d-helloDesktop\out\production\BubbleTrouble;C:\Users\Ribeiro\IdeaProjects\gdx2d-helloDesktop\libs\gdx2d-desktop-1.2.2.jar;C:\Users\Ribeiro\IdeaProjects\gdx2d-helloDesktop\libs\gdx2d-desktop-1.2.2-sources.jar;C:\Users\Ribeiro\.ivy2\cache\org.scala-lang\scala-library\jars\scala-library-2.13.9.jar;C:\Users\Ribeiro\.ivy2\cache\org.scala-lang\scala-reflect\jars\scala-reflect-2.13.9.jar
Launcher Type: SUN_STANDARD

[Global flags]
     intx CICompilerCount                          = 4                                         {product} {ergonomic}
     uint ConcGCThreads                            = 2                                         {product} {ergonomic}
     uint G1ConcRefinementThreads                  = 8                                         {product} {ergonomic}
   size_t G1HeapRegionSize                         = 2097152                                   {product} {ergonomic}
    uintx GCDrainStackTargetSize                   = 64                                        {product} {ergonomic}
   size_t InitialHeapSize                          = 266338304                                 {product} {ergonomic}
   size_t MarkStackSize                            = 4194304                                   {product} {ergonomic}
   size_t MaxHeapSize                              = 4238344192                                {product} {ergonomic}
   size_t MaxNewSize                               = 2541748224                                {product} {ergonomic}
   size_t MinHeapDeltaBytes                        = 2097152                                   {product} {ergonomic}
   size_t MinHeapSize                              = 8388608                                   {product} {ergonomic}
    uintx NonNMethodCodeHeapSize                   = 5839372                                {pd product} {ergonomic}
    uintx NonProfiledCodeHeapSize                  = 122909434                              {pd product} {ergonomic}
    uintx ProfiledCodeHeapSize                     = 122909434                              {pd product} {ergonomic}
    uintx ReservedCodeCacheSize                    = 251658240                              {pd product} {ergonomic}
     bool SegmentedCodeCache                       = true                                      {product} {ergonomic}
   size_t SoftMaxHeapSize                          = 4238344192                             {manageable} {ergonomic}
     bool UseCompressedClassPointers               = true                           {product lp64_product} {ergonomic}
     bool UseCompressedOops                        = true                           {product lp64_product} {ergonomic}
     bool UseG1GC                                  = true                                      {product} {ergonomic}
     bool UseLargePagesIndividualAllocation        = false                                  {pd product} {ergonomic}

Logging:
Log output configuration:
 #0: stdout all=warning uptime,level,tags
 #1: stderr all=off uptime,level,tags

Environment Variables:
PATH=C:\Program Files (x86)\VMware\VMware Player\bin\;C:\Program Files (x86)\Common Files\Oracle\Java\javapath;C:\WINDOWS\system32;C:\WINDOWS;C:\WINDOWS\System32\Wbem;C:\WINDOWS\System32\WindowsPowerShell\v1.0\;C:\WINDOWS\System32\OpenSSH\;C:\Program Files (x86)\Pulse Secure\VC142.CRT\X64\;C:\Program Files (x86)\Pulse Secure\VC142.CRT\X86\;C:\Program Files (x86)\Common Files\Pulse Secure\TNC Client Plugin\;C:\Program Files\dotnet\;C:\Program Files\Common Files\Autodesk Shared\;C:\Program Files\Microsoft SQL Server\120\Tools\Binn\;C:\Program Files\Git\cmd;C:\Program Files (x86)\PowerShell\7\;C:\Program Files\Docker\Docker\resources\bin;C:\Program Files\WireGuard\;C:\Program Files\MySQL\MySQL Shell 8.0\bin\;C:\Users\Ribeiro\AppData\Local\Microsoft\WindowsApps;C:\Users\Ribeiro\AppData\Local\GitHubDesktop\bin;C:\eda\MentorGraphics\ModelSim\win32;C:\Users\Ribeiro\AppData\Local\Programs\Microsoft VS Code\bin;C:\Users\Ribeiro\AppData\Local\Programs\Python\Python39;C:\Program Files (x86)\Nmap
USERNAME=Ribeiro
OS=Windows_NT
PROCESSOR_IDENTIFIER=Intel64 Family 6 Model 142 Stepping 12, GenuineIntel
TMP=C:\Users\Ribeiro\AppData\Local\Temp
TEMP=C:\Users\Ribeiro\AppData\Local\Temp



---------------  S Y S T E M  ---------------

OS:
 Windows 11 , 64 bit Build 22621 (10.0.22621.1778)
OS uptime: 0 days 18:32 hours
Hyper-V role detected

CPU: total 8 (initial active 8) (4 cores per cpu, 2 threads per core) family 6 model 142 stepping 12 microcode 0xea, cx8, cmov, fxsr, ht, mmx, 3dnowpref, sse, sse2, sse3, ssse3, sse4.1, sse4.2, popcnt, lzcnt, tsc, tscinvbit, avx, avx2, aes, erms, clmul, bmi1, bmi2, adx, fma, vzeroupper, clflush, clflushopt, hv

Memory: 4k page, system-wide physical 16166M (3515M free)
TotalPageFile size 25382M (AvailPageFile size 8650M)
current process WorkingSet (physical memory assigned to process): 937M, peak: 949M
current process commit charge ("private bytes"): 1092M, peak: 1104M

vm_info: OpenJDK 64-Bit Server VM (17.0.4.1+1) for windows-amd64 JRE (17.0.4.1+1), built on Aug 17 2022 07:42:43 by "temurin" with MS VC++ 16.7 (VS2019)

END.
