#
# A fatal error has been detected by the Java Runtime Environment:
#
#  EXCEPTION_ACCESS_VIOLATION (0xc0000005) at pc=0x0000000066bcbd0d, pid=17532, tid=23616
#
# JRE version: OpenJDK Runtime Environment Temurin-17.0.4.1+1 (17.0.4.1+1) (build 17.0.4.1+1)
# Java VM: OpenJDK 64-Bit Server VM Temurin-17.0.4.1+1 (17.0.4.1+1, mixed mode, sharing, tiered, compressed oops, compressed class ptrs, g1 gc, windows-amd64)
# Problematic frame:
# C  [gdx-box2d64.dll+0xbd0d]
#
# No core dump will be written. Minidumps are not enabled by default on client versions of Windows
#
# If you would like to submit a bug report, please visit:
#   https://github.com/adoptium/adoptium-support/issues
# The crash happened outside the Java Virtual Machine in native code.
# See problematic frame for where to report the bug.
#

---------------  S U M M A R Y ------------

Command Line: -javaagent:C:\Program Files\JetBrains\IntelliJ IDEA Community Edition 2022.2.1\lib\idea_rt.jar=61212:C:\Program Files\JetBrains\IntelliJ IDEA Community Edition 2022.2.1\bin -Dfile.encoding=UTF-8 Test

Host: Intel(R) Core(TM) i7-10510U CPU @ 1.80GHz, 8 cores, 15G,  Windows 11 , 64 bit Build 22621 (10.0.22621.1778)
Time: Wed Jun  7 18:10:14 2023 Paris, Madrid (heure duild 22621 (10.0.22621.1778) elapsed time: 21.078289 seconds (0d 0h 0m 21s)

---------------  T H R E A D  ---------------

Current thread (0x000001b000d33650):  JavaThread "LWJGL Application" [_thread_in_native, id=23616, stack(0x0000005a66e00000,0x0000005a66f00000)]

Stack: [0x0000005a66e00000,0x0000005a66f00000],  sp=0x0000005a66efe840,  free space=1018k
Native frames: (J=compiled Java code, j=interpreted, Vv=VM code, C=native code)
C  [gdx-box2d64.dll+0xbd0d]

Java frames: (J=compiled Java code, j=interpreted, Vv=VM code)
j  com.badlogic.gdx.physics.box2d.World.jniCreateBody(JIFFFFFFFFZZZZZF)J+0
j  com.badlogic.gdx.physics.box2d.World.createBody(Lcom/badlogic/gdx/physics/box2d/BodyDef;)Lcom/badlogic/gdx/physics/box2d/Body;+80
j  ch.hevs.gdx2d.lib.physics.AbstractPhysicsObject.createObject(Lcom/badlogic/gdx/physics/box2d/Shape$Type;Ljava/lang/String;Lcom/badlogic/gdx/math/Vector2;FFFFFFZ)V+139
j  ch.hevs.gdx2d.lib.physics.AbstractPhysicsObject.<init>(Lcom/badlogic/gdx/physics/box2d/Shape$Type;Ljava/lang/String;Lcom/badlogic/gdx/math/Vector2;FFFFFZ)V+39
j  ch.hevs.gdx2d.components.physics.primitives.PhysicsStaticBox.<init>(Ljava/lang/String;Lcom/badlogic/gdx/math/Vector2;FF)V+16
j  ch.hevs.gdx2d.components.physics.utils.PhysicsScreenBoundaries.<init>(FF)V+69
j  Graphics.initializeGameState()V+14
j  Graphics.resetGame()V+24
j  Graphics.onKeyDown(I)V+269
j  ch.hevs.gdx2d.desktop.GdxInputProcessor.keyDown(I)Z+5
j  com.badlogic.gdx.InputMultiplexer.keyDown(I)Z+27
J 1428 c1 com.badlogic.gdx.backends.lwjgl.LwjglInput.processEvents()V (478 bytes) @ 0x000001b064a6097c [0x000001b064a60300+0x000000000000067c]
j  com.badlogic.gdx.backends.lwjgl.LwjglApplication.mainLoop()V+600
j  com.badlogic.gdx.backends.lwjgl.LwjglApplication$1.run()V+27
v  ~StubRoutines::call_stub

siginfo: EXCEPTION_ACCESS_VIOLATION (0xc0000005), reading address 0x0000002600000002


Register to memory mapping:

RIP=0x0000000066bcbd0d gdx-box2d64.dll
RAX=0x0000002600000002 is an unknown value
RBX=0x000001b001a79e50 points into unknown readable memory: 0x0000000000000000 | 00 00 00 00 00 00 00 00
RCX=0x000001b001a79e20 points into unknown readable memory: 0x000001b001a931b0 | b0 31 a9 01 b0 01 00 00
RDX=0x00000000000000b8 is an unknown value
RSP=0x0000005a66efe840 is pointing into the stack for thread: 0x000001b000d33650
RBP=0x0000000000000006 is an unknown value
RSI=0x000001b001a79e20 points into unknown readable memory: 0x000001b001a931b0 | b0 31 a9 01 b0 01 00 00
RDI=0x0000005a66efe900 is pointing into the stack for thread: 0x000001b000d33650
R8 =0x000001b001a79e20 points into unknown readable memory: 0x000001b001a931b0 | b0 31 a9 01 b0 01 00 00
R9 =0x0 is NULL
R10=0x0 is NULL
R11=0x0000000000000001 is an unknown value
R12=0x0 is NULL
R13={method} {0x000001b000668790} 'jniCreateBody' '(JIFFFFFFFFZZZZZF)J' in 'com/badlogic/gdx/physics/box2d/World'
R14=0x0000005a66efeaf0 is pointing into the stack for thread: 0x000001b000d33650
R15=0x000001b000d33650 is a thread


Registers:
RAX=0x0000002600000002, RBX=0x000001b001a79e50, RCX=0x000001b001a79e20, RDX=0x00000000000000b8
RSP=0x0000005a66efe840, RBP=0x0000000000000006, RSI=0x000001b001a79e20, RDI=0x0000005a66efe900
R8 =0x000001b001a79e20, R9 =0x0000000000000000, R10=0x0000000000000000, R11=0x0000000000000001
R12=0x0000000000000000, R13=0x000001b000668788, R14=0x0000005a66efeaf0, R15=0x000001b000d33650
RIP=0x0000000066bcbd0d, EFLAGS=0x0000000000010202

Top of Stack: (sp=0x0000005a66efe840)
0x0000005a66efe840:   000001b000668788 000001b000d33650
0x0000005a66efe850:   00007ffd461b25f8 000001b00670a3a0
0x0000005a66efe860:   000001b00000000b 000001b001a79e20
0x0000005a66efe870:   0000000000000110 0000005a66efe900
0x0000005a66efe880:   0000005a66efea48 0000000000000000
0x0000005a66efe890:   000001b000668788 0000000066be2483
0x0000005a66efe8a0:   0000005a66efe940 0000005a66efe940
0x0000005a66efe8b0:   0000005a00000003 000001b000668788
0x0000005a66efe8c0:   0000000000000001 0000000000000110
0x0000005a66efe8d0:   00000000000005ea 0000000066be8616
0x0000005a66efe8e0:   000001b000d33650 0000005a66efeaf0
0x0000005a66efe8f0:   0000005a66efea48 000001b064258f0b
0x0000005a66efe900:   41cccccd00000000 0000000040e11111
0x0000005a66efe910:   0000000000000000 0000000000000000
0x0000005a66efe920:   0000010100000000 0000005a66efea01
0x0000005a66efe930:   0000000000000000 000000003f800000 

Instructions: (pc=0x0000000066bcbd0d)
0x0000000066bcbc0d:   22 83 fe 0d 7e dd 48 8d 15 26 9f 04 00 48 8d 0d
0x0000000066bcbc1d:   86 9f 04 00 41 b8 49 00 00 00 e8 54 84 02 00 eb
0x0000000066bcbc2d:   c2 66 90 c6 05 09 a4 05 00 01 48 83 c4 28 5b 5e
0x0000000066bcbc3d:   5f 5d c3 48 8d 7b 11 c6 43 10 00 b2 6f 40 f6 c7
0x0000000066bcbc4d:   02 0f 84 41 ff ff ff 31 c9 48 83 c7 02 83 ea 02
0x0000000066bcbc5d:   66 89 4f fe 40 f6 c7 04 0f 84 34 ff ff ff c7 07
0x0000000066bcbc6d:   00 00 00 00 83 ea 04 48 83 c7 04 e9 22 ff ff ff
0x0000000066bcbc7d:   90 66 90 57 56 53 48 83 ec 20 8b 41 08 31 f6 31
0x0000000066bcbc8d:   db 48 89 cf 85 c0 7e 19 48 8b 07 83 c3 01 48 8b
0x0000000066bcbc9d:   4c 30 08 48 83 c6 10 e8 47 09 00 00 39 5f 08 7f
0x0000000066bcbcad:   e7 48 8b 0f 48 83 c4 20 5b 5e 5f e9 33 09 00 00
0x0000000066bcbcbd:   90 66 90 41 55 41 54 55 57 56 53 48 83 ec 28 48
0x0000000066bcbccd:   63 da 48 89 ce 83 fb 00 0f 84 46 01 00 00 0f 8e
0x0000000066bcbcdd:   22 01 00 00 81 fb 80 02 00 00 0f 8f 03 01 00 00
0x0000000066bcbced:   48 8d 05 6c a3 05 00 0f b6 1c 18 80 fb 0d 0f b6
0x0000000066bcbcfd:   eb 77 21 48 8d 1c de 48 8b 43 10 48 85 c0 74 3a
0x0000000066bcbd0d:   48 8b 10 48 89 53 10 48 83 c4 28 5b 5e 5f 5d 41
0x0000000066bcbd1d:   5c 41 5d c3 48 8d 15 18 9e 04 00 48 8d 0d 99 9e
0x0000000066bcbd2d:   04 00 48 8d 1c de 41 b8 70 00 00 00 e8 42 83 02
0x0000000066bcbd3d:   00 48 8b 43 10 48 85 c0 75 c6 8b 46 08 3b 46 0c
0x0000000066bcbd4d:   48 63 f8 0f 84 fc 00 00 00 48 c1 e7 04 48 03 3e
0x0000000066bcbd5d:   b9 00 40 00 00 e8 79 08 00 00 49 89 c0 48 89 47
0x0000000066bcbd6d:   08 48 8d 05 8b 72 03 00 8b 2c a8 b8 00 40 00 00
0x0000000066bcbd7d:   99 f7 fd 89 2f 41 89 c4 41 89 c5 4c 89 c0 44 0f
0x0000000066bcbd8d:   af e5 41 81 fc 00 40 00 00 0f 8f 94 00 00 00 41
0x0000000066bcbd9d:   8d 4d ff 31 d2 4c 63 d5 49 89 c0 85 c9 7f 07 eb
0x0000000066bcbdad:   13 66 90 4d 89 c8 83 c2 01 4f 8d 0c 10 39 ca 4d
0x0000000066bcbdbd:   89 08 75 ef 41 29 ec 4d 63 e4 4a c7 04 20 00 00
0x0000000066bcbdcd:   00 00 48 8b 10 48 89 53 10 83 46 08 01 48 83 c4
0x0000000066bcbddd:   28 5b 5e 5f 5d 41 5c 41 5d c3 66 0f 1f 84 00 00
0x0000000066bcbded:   00 00 00 89 d9 48 83 c4 28 5b 5e 5f 5d 41 5c 41
0x0000000066bcbdfd:   5d e9 dd 07 00 00 48 8d 15 36 9d 04 00 48 8d 0d 


Stack slot to memory mapping:
stack at sp + 0 slots: {method} {0x000001b000668790} 'jniCreateBody' '(JIFFFFFFFFZZZZZF)J' in 'com/badlogic/gdx/physics/box2d/World'
stack at sp + 1 slots: 0x000001b000d33650 is a thread
stack at sp + 2 slots: 0x00007ffd461b25f8 jvm.dll
stack at sp + 3 slots: 0x000001b00670a3a0 points into unknown readable memory: 0x4a28001380db0001 | 01 00 db 80 13 00 28 4a
stack at sp + 4 slots: 0x000001b00000000b is pointing into metadata
stack at sp + 5 slots: 0x000001b001a79e20 points into unknown readable memory: 0x000001b001a931b0 | b0 31 a9 01 b0 01 00 00
stack at sp + 6 slots: 0x0000000000000110 is an unknown value
stack at sp + 7 slots: 0x0000005a66efe900 is pointing into the stack for thread: 0x000001b000d33650


---------------  P R O C E S S  ---------------

Threads class SMR info:
_java_thread_list=0x000001b0066fa2a0, length=16, elements={
0x000001b07f5fdbe0, 0x000001b07f6067a0, 0x000001b07f6189b0, 0x000001b07f619560,
0x000001b07f61bf20, 0x000001b07f61e8e0, 0x000001b07f61f670, 0x000001b07f624a20,
0x000001b000950060, 0x000001b07f5e7ef0, 0x000001b000b18420, 0x000001b000b1a900,
0x000001b000d33650, 0x000001b05c7700a0, 0x000001b006a16ac0, 0x000001b006a16120
}

Java Threads: ( => current thread )
  0x000001b07f5fdbe0 JavaThread "Reference Handler" daemon [_thread_blocked, id=23840, stack(0x0000005a65f00000,0x0000005a66000000)]
  0x000001b07f6067a0 JavaThread "Finalizer" daemon [_thread_blocked, id=41628, stack(0x0000005a66000000,0x0000005a66100000)]
  0x000001b07f6189b0 JavaThread "Signal Dispatcher" daemon [_thread_blocked, id=34296, stack(0x0000005a66100000,0x0000005a66200000)]
  0x000001b07f619560 JavaThread "Attach Listener" daemon [_thread_blocked, id=32800, stack(0x0000005a66200000,0x0000005a66300000)]
  0x000001b07f61bf20 JavaThread "Service Thread" daemon [_thread_blocked, id=12264, stack(0x0000005a66300000,0x0000005a66400000)]
  0x000001b07f61e8e0 JavaThread "Monitor Deflation Thread" daemon [_thread_blocked, id=18024, stack(0x0000005a66400000,0x0000005a66500000)]
  0x000001b07f61f670 JavaThread "C2 CompilerThread0" daemon [_thread_blocked, id=16304, stack(0x0000005a66500000,0x0000005a66600000)]
  0x000001b07f624a20 JavaThread "C1 CompilerThread0" daemon [_thread_blocked, id=16984, stack(0x0000005a66600000,0x0000005a66700000)]
  0x000001b000950060 JavaThread "Sweeper thread" daemon [_thread_blocked, id=15316, stack(0x0000005a66700000,0x0000005a66800000)]
  0x000001b07f5e7ef0 JavaThread "Common-Cleaner" daemon [_thread_blocked, id=396, stack(0x0000005a66800000,0x0000005a66900000)]
  0x000001b000b18420 JavaThread "Monitor Ctrl-Break" daemon [_thread_in_native, id=15720, stack(0x0000005a66900000,0x0000005a66a00000)]
  0x000001b000b1a900 JavaThread "Notification Thread" daemon [_thread_blocked, id=39928, stack(0x0000005a66a00000,0x0000005a66b00000)]
=>0x000001b000d33650 JavaThread "LWJGL Application" [_thread_in_native, id=23616, stack(0x0000005a66e00000,0x0000005a66f00000)]
  0x000001b05c7700a0 JavaThread "DestroyJavaVM" [_thread_blocked, id=26296, stack(0x0000005a65800000,0x0000005a65900000)]
  0x000001b006a16ac0 JavaThread "LWJGL Timer" daemon [_thread_blocked, id=8936, stack(0x0000005a67500000,0x0000005a67600000)]
  0x000001b006a16120 JavaThread "Timer" daemon [_thread_blocked, id=37512, stack(0x0000005a67600000,0x0000005a67700000)]

Other Threads:
  0x000001b07f5fa150 VMThread "VM Thread" [stack: 0x0000005a65e00000,0x0000005a65f00000] [id=14612]
  0x000001b05c770e20 WatcherThread [stack: 0x0000005a66b00000,0x0000005a66c00000] [id=11116]
  0x000001b05c7d9fa0 GCTaskThread "GC Thread#0" [stack: 0x0000005a65900000,0x0000005a65a00000] [id=15464]
  0x000001b0068c2e90 GCTaskThread "GC Thread#1" [stack: 0x0000005a67700000,0x0000005a67800000] [id=30000]
  0x000001b0068c3c00 GCTaskThread "GC Thread#2" [stack: 0x0000005a67800000,0x0000005a67900000] [id=23568]
  0x000001b0068c3140 GCTaskThread "GC Thread#3" [stack: 0x0000005a67900000,0x0000005a67a00000] [id=27932]
  0x000001b0068c4160 GCTaskThread "GC Thread#4" [stack: 0x0000005a67a00000,0x0000005a67b00000] [id=6176]
  0x000001b0068c33f0 GCTaskThread "GC Thread#5" [stack: 0x0000005a67b00000,0x0000005a67c00000] [id=32600]
  0x000001b0068c2be0 GCTaskThread "GC Thread#6" [stack: 0x0000005a67c00000,0x0000005a67d00000] [id=12508]
  0x000001b0068c36a0 GCTaskThread "GC Thread#7" [stack: 0x0000005a67d00000,0x0000005a67e00000] [id=15440]
  0x000001b05c7eacd0 ConcurrentGCThread "G1 Main Marker" [stack: 0x0000005a65a00000,0x0000005a65b00000] [id=36584]
  0x000001b05c7ec6f0 ConcurrentGCThread "G1 Conc#0" [stack: 0x0000005a65b00000,0x0000005a65c00000] [id=35676]
  0x000001b05c83d050 ConcurrentGCThread "G1 Refine#0" [stack: 0x0000005a65c00000,0x0000005a65d00000] [id=42636]
  0x000001b05c83e920 ConcurrentGCThread "G1 Service" [stack: 0x0000005a65d00000,0x0000005a65e00000] [id=15460]

Threads with active compile tasks:

VM state: not at safepoint (normal execution)

VM Mutex/Monitor currently owned by a thread: None

Heap address: 0x0000000703600000, size: 4042 MB, Compressed Oops mode: Zero based, Oop shift amount: 3

CDS archive(s) mapped at: [0x0000000800000000-0x0000000800bc0000-0x0000000800bc0000), size 12320768, SharedBaseAddress: 0x0000000800000000, ArchiveRelocationMode: 0.
Compressed class space mapped at: 0x0000000800c00000-0x0000000840c00000, reserved size: 1073741824
Narrow klass base: 0x0000000800000000, Narrow klass shift: 0, Narrow klass range: 0x100000000

GC Precious Log:
 CPUs: 8 total, 8 available
 Memory: 16166M
 Large Page Support: Disabled
 NUMA Support: Disabled
 Compressed Oops: Enabled (Zero based)
 Heap Region Size: 2M
 Heap Min Capacity: 8M
 Heap Initial Capacity: 254M
 Heap Max Capacity: 4042M
 Pre-touch: Disabled
 Parallel Workers: 8
 Concurrent Workers: 2
 Concurrent Refinement Workers: 8
 Periodic GC: Disabled

Heap:
 garbage-first heap   total 260096K, used 12341K [0x0000000703600000, 0x0000000800000000)
  region size 2048K, 7 young (14336K), 2 survivors (4096K)
 Metaspace       used 9131K, committed 9344K, reserved 1064960K
  class space    used 854K, committed 960K, reserved 1048576K

Heap Regions: E=young(eden), S=young(survivor), O=old, HS=humongous(starts), HC=humongous(continues), CS=collection set, F=free, OA=open archive, CA=closed archive, TAMS=top-at-mark-start (previous, next)
|   0|0x0000000703600000, 0x000000070360d600, 0x0000000703800000|  2%| O|  |TAMS 0x0000000703600000, 0x0000000703600000| Untracked 
|   1|0x0000000703800000, 0x0000000703800000, 0x0000000703a00000|  0%| F|  |TAMS 0x0000000703800000, 0x0000000703800000| Untracked 
|   2|0x0000000703a00000, 0x0000000703a00000, 0x0000000703c00000|  0%| F|  |TAMS 0x0000000703a00000, 0x0000000703a00000| Untracked 
|   3|0x0000000703c00000, 0x0000000703c00000, 0x0000000703e00000|  0%| F|  |TAMS 0x0000000703c00000, 0x0000000703c00000| Untracked 
|   4|0x0000000703e00000, 0x0000000703e00000, 0x0000000704000000|  0%| F|  |TAMS 0x0000000703e00000, 0x0000000703e00000| Untracked 
|   5|0x0000000704000000, 0x0000000704000000, 0x0000000704200000|  0%| F|  |TAMS 0x0000000704000000, 0x0000000704000000| Untracked 
|   6|0x0000000704200000, 0x0000000704200000, 0x0000000704400000|  0%| F|  |TAMS 0x0000000704200000, 0x0000000704200000| Untracked 
|   7|0x0000000704400000, 0x0000000704400000, 0x0000000704600000|  0%| F|  |TAMS 0x0000000704400000, 0x0000000704400000| Untracked 
|   8|0x0000000704600000, 0x0000000704600000, 0x0000000704800000|  0%| F|  |TAMS 0x0000000704600000, 0x0000000704600000| Untracked 
|   9|0x0000000704800000, 0x0000000704800000, 0x0000000704a00000|  0%| F|  |TAMS 0x0000000704800000, 0x0000000704800000| Untracked 
|  10|0x0000000704a00000, 0x0000000704a00000, 0x0000000704c00000|  0%| F|  |TAMS 0x0000000704a00000, 0x0000000704a00000| Untracked 
|  11|0x0000000704c00000, 0x0000000704c00000, 0x0000000704e00000|  0%| F|  |TAMS 0x0000000704c00000, 0x0000000704c00000| Untracked 
|  12|0x0000000704e00000, 0x0000000704e00000, 0x0000000705000000|  0%| F|  |TAMS 0x0000000704e00000, 0x0000000704e00000| Untracked 
|  13|0x0000000705000000, 0x0000000705000000, 0x0000000705200000|  0%| F|  |TAMS 0x0000000705000000, 0x0000000705000000| Untracked 
|  14|0x0000000705200000, 0x0000000705200000, 0x0000000705400000|  0%| F|  |TAMS 0x0000000705200000, 0x0000000705200000| Untracked 
|  15|0x0000000705400000, 0x0000000705400000, 0x0000000705600000|  0%| F|  |TAMS 0x0000000705400000, 0x0000000705400000| Untracked 
|  16|0x0000000705600000, 0x0000000705600000, 0x0000000705800000|  0%| F|  |TAMS 0x0000000705600000, 0x0000000705600000| Untracked 
|  17|0x0000000705800000, 0x0000000705800000, 0x0000000705a00000|  0%| F|  |TAMS 0x0000000705800000, 0x0000000705800000| Untracked 
|  18|0x0000000705a00000, 0x0000000705a00000, 0x0000000705c00000|  0%| F|  |TAMS 0x0000000705a00000, 0x0000000705a00000| Untracked 
|  19|0x0000000705c00000, 0x0000000705c00000, 0x0000000705e00000|  0%| F|  |TAMS 0x0000000705c00000, 0x0000000705c00000| Untracked 
|  20|0x0000000705e00000, 0x0000000705e00000, 0x0000000706000000|  0%| F|  |TAMS 0x0000000705e00000, 0x0000000705e00000| Untracked 
|  21|0x0000000706000000, 0x0000000706000000, 0x0000000706200000|  0%| F|  |TAMS 0x0000000706000000, 0x0000000706000000| Untracked 
|  22|0x0000000706200000, 0x0000000706200000, 0x0000000706400000|  0%| F|  |TAMS 0x0000000706200000, 0x0000000706200000| Untracked 
|  23|0x0000000706400000, 0x0000000706400000, 0x0000000706600000|  0%| F|  |TAMS 0x0000000706400000, 0x0000000706400000| Untracked 
|  24|0x0000000706600000, 0x0000000706600000, 0x0000000706800000|  0%| F|  |TAMS 0x0000000706600000, 0x0000000706600000| Untracked 
|  25|0x0000000706800000, 0x0000000706800000, 0x0000000706a00000|  0%| F|  |TAMS 0x0000000706800000, 0x0000000706800000| Untracked 
|  26|0x0000000706a00000, 0x0000000706a00000, 0x0000000706c00000|  0%| F|  |TAMS 0x0000000706a00000, 0x0000000706a00000| Untracked 
|  27|0x0000000706c00000, 0x0000000706c00000, 0x0000000706e00000|  0%| F|  |TAMS 0x0000000706c00000, 0x0000000706c00000| Untracked 
|  28|0x0000000706e00000, 0x0000000706e00000, 0x0000000707000000|  0%| F|  |TAMS 0x0000000706e00000, 0x0000000706e00000| Untracked 
|  29|0x0000000707000000, 0x0000000707000000, 0x0000000707200000|  0%| F|  |TAMS 0x0000000707000000, 0x0000000707000000| Untracked 
|  30|0x0000000707200000, 0x0000000707200000, 0x0000000707400000|  0%| F|  |TAMS 0x0000000707200000, 0x0000000707200000| Untracked 
|  31|0x0000000707400000, 0x0000000707400000, 0x0000000707600000|  0%| F|  |TAMS 0x0000000707400000, 0x0000000707400000| Untracked 
|  32|0x0000000707600000, 0x0000000707600000, 0x0000000707800000|  0%| F|  |TAMS 0x0000000707600000, 0x0000000707600000| Untracked 
|  33|0x0000000707800000, 0x0000000707800000, 0x0000000707a00000|  0%| F|  |TAMS 0x0000000707800000, 0x0000000707800000| Untracked 
|  34|0x0000000707a00000, 0x0000000707a00000, 0x0000000707c00000|  0%| F|  |TAMS 0x0000000707a00000, 0x0000000707a00000| Untracked 
|  35|0x0000000707c00000, 0x0000000707c00000, 0x0000000707e00000|  0%| F|  |TAMS 0x0000000707c00000, 0x0000000707c00000| Untracked 
|  36|0x0000000707e00000, 0x0000000707e00000, 0x0000000708000000|  0%| F|  |TAMS 0x0000000707e00000, 0x0000000707e00000| Untracked 
|  37|0x0000000708000000, 0x0000000708000000, 0x0000000708200000|  0%| F|  |TAMS 0x0000000708000000, 0x0000000708000000| Untracked 
|  38|0x0000000708200000, 0x0000000708200000, 0x0000000708400000|  0%| F|  |TAMS 0x0000000708200000, 0x0000000708200000| Untracked 
|  39|0x0000000708400000, 0x0000000708400000, 0x0000000708600000|  0%| F|  |TAMS 0x0000000708400000, 0x0000000708400000| Untracked 
|  40|0x0000000708600000, 0x0000000708600000, 0x0000000708800000|  0%| F|  |TAMS 0x0000000708600000, 0x0000000708600000| Untracked 
|  41|0x0000000708800000, 0x0000000708800000, 0x0000000708a00000|  0%| F|  |TAMS 0x0000000708800000, 0x0000000708800000| Untracked 
|  42|0x0000000708a00000, 0x0000000708a00000, 0x0000000708c00000|  0%| F|  |TAMS 0x0000000708a00000, 0x0000000708a00000| Untracked 
|  43|0x0000000708c00000, 0x0000000708c00000, 0x0000000708e00000|  0%| F|  |TAMS 0x0000000708c00000, 0x0000000708c00000| Untracked 
|  44|0x0000000708e00000, 0x0000000708e00000, 0x0000000709000000|  0%| F|  |TAMS 0x0000000708e00000, 0x0000000708e00000| Untracked 
|  45|0x0000000709000000, 0x0000000709000000, 0x0000000709200000|  0%| F|  |TAMS 0x0000000709000000, 0x0000000709000000| Untracked 
|  46|0x0000000709200000, 0x0000000709200000, 0x0000000709400000|  0%| F|  |TAMS 0x0000000709200000, 0x0000000709200000| Untracked 
|  47|0x0000000709400000, 0x0000000709400000, 0x0000000709600000|  0%| F|  |TAMS 0x0000000709400000, 0x0000000709400000| Untracked 
|  48|0x0000000709600000, 0x0000000709600000, 0x0000000709800000|  0%| F|  |TAMS 0x0000000709600000, 0x0000000709600000| Untracked 
|  49|0x0000000709800000, 0x0000000709800000, 0x0000000709a00000|  0%| F|  |TAMS 0x0000000709800000, 0x0000000709800000| Untracked 
|  50|0x0000000709a00000, 0x0000000709a00000, 0x0000000709c00000|  0%| F|  |TAMS 0x0000000709a00000, 0x0000000709a00000| Untracked 
|  51|0x0000000709c00000, 0x0000000709c00000, 0x0000000709e00000|  0%| F|  |TAMS 0x0000000709c00000, 0x0000000709c00000| Untracked 
|  52|0x0000000709e00000, 0x0000000709e00000, 0x000000070a000000|  0%| F|  |TAMS 0x0000000709e00000, 0x0000000709e00000| Untracked 
|  53|0x000000070a000000, 0x000000070a000000, 0x000000070a200000|  0%| F|  |TAMS 0x000000070a000000, 0x000000070a000000| Untracked 
|  54|0x000000070a200000, 0x000000070a200000, 0x000000070a400000|  0%| F|  |TAMS 0x000000070a200000, 0x000000070a200000| Untracked 
|  55|0x000000070a400000, 0x000000070a400000, 0x000000070a600000|  0%| F|  |TAMS 0x000000070a400000, 0x000000070a400000| Untracked 
|  56|0x000000070a600000, 0x000000070a600000, 0x000000070a800000|  0%| F|  |TAMS 0x000000070a600000, 0x000000070a600000| Untracked 
|  57|0x000000070a800000, 0x000000070a800000, 0x000000070aa00000|  0%| F|  |TAMS 0x000000070a800000, 0x000000070a800000| Untracked 
|  58|0x000000070aa00000, 0x000000070aa00000, 0x000000070ac00000|  0%| F|  |TAMS 0x000000070aa00000, 0x000000070aa00000| Untracked 
|  59|0x000000070ac00000, 0x000000070ac00000, 0x000000070ae00000|  0%| F|  |TAMS 0x000000070ac00000, 0x000000070ac00000| Untracked 
|  60|0x000000070ae00000, 0x000000070ae00000, 0x000000070b000000|  0%| F|  |TAMS 0x000000070ae00000, 0x000000070ae00000| Untracked 
|  61|0x000000070b000000, 0x000000070b000000, 0x000000070b200000|  0%| F|  |TAMS 0x000000070b000000, 0x000000070b000000| Untracked 
|  62|0x000000070b200000, 0x000000070b200000, 0x000000070b400000|  0%| F|  |TAMS 0x000000070b200000, 0x000000070b200000| Untracked 
|  63|0x000000070b400000, 0x000000070b400000, 0x000000070b600000|  0%| F|  |TAMS 0x000000070b400000, 0x000000070b400000| Untracked 
|  64|0x000000070b600000, 0x000000070b600000, 0x000000070b800000|  0%| F|  |TAMS 0x000000070b600000, 0x000000070b600000| Untracked 
|  65|0x000000070b800000, 0x000000070b800000, 0x000000070ba00000|  0%| F|  |TAMS 0x000000070b800000, 0x000000070b800000| Untracked 
|  66|0x000000070ba00000, 0x000000070ba00000, 0x000000070bc00000|  0%| F|  |TAMS 0x000000070ba00000, 0x000000070ba00000| Untracked 
|  67|0x000000070bc00000, 0x000000070bc00000, 0x000000070be00000|  0%| F|  |TAMS 0x000000070bc00000, 0x000000070bc00000| Untracked 
|  68|0x000000070be00000, 0x000000070be00000, 0x000000070c000000|  0%| F|  |TAMS 0x000000070be00000, 0x000000070be00000| Untracked 
|  69|0x000000070c000000, 0x000000070c000000, 0x000000070c200000|  0%| F|  |TAMS 0x000000070c000000, 0x000000070c000000| Untracked 
|  70|0x000000070c200000, 0x000000070c200000, 0x000000070c400000|  0%| F|  |TAMS 0x000000070c200000, 0x000000070c200000| Untracked 
|  71|0x000000070c400000, 0x000000070c400000, 0x000000070c600000|  0%| F|  |TAMS 0x000000070c400000, 0x000000070c400000| Untracked 
|  72|0x000000070c600000, 0x000000070c600000, 0x000000070c800000|  0%| F|  |TAMS 0x000000070c600000, 0x000000070c600000| Untracked 
|  73|0x000000070c800000, 0x000000070c800000, 0x000000070ca00000|  0%| F|  |TAMS 0x000000070c800000, 0x000000070c800000| Untracked 
|  74|0x000000070ca00000, 0x000000070ca00000, 0x000000070cc00000|  0%| F|  |TAMS 0x000000070ca00000, 0x000000070ca00000| Untracked 
|  75|0x000000070cc00000, 0x000000070cc00000, 0x000000070ce00000|  0%| F|  |TAMS 0x000000070cc00000, 0x000000070cc00000| Untracked 
|  76|0x000000070ce00000, 0x000000070ce00000, 0x000000070d000000|  0%| F|  |TAMS 0x000000070ce00000, 0x000000070ce00000| Untracked 
|  77|0x000000070d000000, 0x000000070d000000, 0x000000070d200000|  0%| F|  |TAMS 0x000000070d000000, 0x000000070d000000| Untracked 
|  78|0x000000070d200000, 0x000000070d200000, 0x000000070d400000|  0%| F|  |TAMS 0x000000070d200000, 0x000000070d200000| Untracked 
|  79|0x000000070d400000, 0x000000070d400000, 0x000000070d600000|  0%| F|  |TAMS 0x000000070d400000, 0x000000070d400000| Untracked 
|  80|0x000000070d600000, 0x000000070d600000, 0x000000070d800000|  0%| F|  |TAMS 0x000000070d600000, 0x000000070d600000| Untracked 
|  81|0x000000070d800000, 0x000000070d800000, 0x000000070da00000|  0%| F|  |TAMS 0x000000070d800000, 0x000000070d800000| Untracked 
|  82|0x000000070da00000, 0x000000070da00000, 0x000000070dc00000|  0%| F|  |TAMS 0x000000070da00000, 0x000000070da00000| Untracked 
|  83|0x000000070dc00000, 0x000000070dc00000, 0x000000070de00000|  0%| F|  |TAMS 0x000000070dc00000, 0x000000070dc00000| Untracked 
|  84|0x000000070de00000, 0x000000070de00000, 0x000000070e000000|  0%| F|  |TAMS 0x000000070de00000, 0x000000070de00000| Untracked 
|  85|0x000000070e000000, 0x000000070e000000, 0x000000070e200000|  0%| F|  |TAMS 0x000000070e000000, 0x000000070e000000| Untracked 
|  86|0x000000070e200000, 0x000000070e200000, 0x000000070e400000|  0%| F|  |TAMS 0x000000070e200000, 0x000000070e200000| Untracked 
|  87|0x000000070e400000, 0x000000070e400000, 0x000000070e600000|  0%| F|  |TAMS 0x000000070e400000, 0x000000070e400000| Untracked 
|  88|0x000000070e600000, 0x000000070e600000, 0x000000070e800000|  0%| F|  |TAMS 0x000000070e600000, 0x000000070e600000| Untracked 
|  89|0x000000070e800000, 0x000000070e800000, 0x000000070ea00000|  0%| F|  |TAMS 0x000000070e800000, 0x000000070e800000| Untracked 
|  90|0x000000070ea00000, 0x000000070ea00000, 0x000000070ec00000|  0%| F|  |TAMS 0x000000070ea00000, 0x000000070ea00000| Untracked 
|  91|0x000000070ec00000, 0x000000070ec00000, 0x000000070ee00000|  0%| F|  |TAMS 0x000000070ec00000, 0x000000070ec00000| Untracked 
|  92|0x000000070ee00000, 0x000000070ee00000, 0x000000070f000000|  0%| F|  |TAMS 0x000000070ee00000, 0x000000070ee00000| Untracked 
|  93|0x000000070f000000, 0x000000070f000000, 0x000000070f200000|  0%| F|  |TAMS 0x000000070f000000, 0x000000070f000000| Untracked 
|  94|0x000000070f200000, 0x000000070f200000, 0x000000070f400000|  0%| F|  |TAMS 0x000000070f200000, 0x000000070f200000| Untracked 
|  95|0x000000070f400000, 0x000000070f400000, 0x000000070f600000|  0%| F|  |TAMS 0x000000070f400000, 0x000000070f400000| Untracked 
|  96|0x000000070f600000, 0x000000070f600000, 0x000000070f800000|  0%| F|  |TAMS 0x000000070f600000, 0x000000070f600000| Untracked 
|  97|0x000000070f800000, 0x000000070f800000, 0x000000070fa00000|  0%| F|  |TAMS 0x000000070f800000, 0x000000070f800000| Untracked 
|  98|0x000000070fa00000, 0x000000070fa00000, 0x000000070fc00000|  0%| F|  |TAMS 0x000000070fa00000, 0x000000070fa00000| Untracked 
|  99|0x000000070fc00000, 0x000000070fc00000, 0x000000070fe00000|  0%| F|  |TAMS 0x000000070fc00000, 0x000000070fc00000| Untracked 
| 100|0x000000070fe00000, 0x000000070fe00000, 0x0000000710000000|  0%| F|  |TAMS 0x000000070fe00000, 0x000000070fe00000| Untracked 
| 101|0x0000000710000000, 0x0000000710000000, 0x0000000710200000|  0%| F|  |TAMS 0x0000000710000000, 0x0000000710000000| Untracked 
| 102|0x0000000710200000, 0x0000000710200000, 0x0000000710400000|  0%| F|  |TAMS 0x0000000710200000, 0x0000000710200000| Untracked 
| 103|0x0000000710400000, 0x0000000710400000, 0x0000000710600000|  0%| F|  |TAMS 0x0000000710400000, 0x0000000710400000| Untracked 
| 104|0x0000000710600000, 0x0000000710600000, 0x0000000710800000|  0%| F|  |TAMS 0x0000000710600000, 0x0000000710600000| Untracked 
| 105|0x0000000710800000, 0x0000000710800000, 0x0000000710a00000|  0%| F|  |TAMS 0x0000000710800000, 0x0000000710800000| Untracked 
| 106|0x0000000710a00000, 0x0000000710a00000, 0x0000000710c00000|  0%| F|  |TAMS 0x0000000710a00000, 0x0000000710a00000| Untracked 
| 107|0x0000000710c00000, 0x0000000710c00000, 0x0000000710e00000|  0%| F|  |TAMS 0x0000000710c00000, 0x0000000710c00000| Untracked 
| 108|0x0000000710e00000, 0x0000000710e00000, 0x0000000711000000|  0%| F|  |TAMS 0x0000000710e00000, 0x0000000710e00000| Untracked 
| 109|0x0000000711000000, 0x0000000711000000, 0x0000000711200000|  0%| F|  |TAMS 0x0000000711000000, 0x0000000711000000| Untracked 
| 110|0x0000000711200000, 0x0000000711200000, 0x0000000711400000|  0%| F|  |TAMS 0x0000000711200000, 0x0000000711200000| Untracked 
| 111|0x0000000711400000, 0x0000000711400000, 0x0000000711600000|  0%| F|  |TAMS 0x0000000711400000, 0x0000000711400000| Untracked 
| 112|0x0000000711600000, 0x0000000711600000, 0x0000000711800000|  0%| F|  |TAMS 0x0000000711600000, 0x0000000711600000| Untracked 
| 113|0x0000000711800000, 0x0000000711800000, 0x0000000711a00000|  0%| F|  |TAMS 0x0000000711800000, 0x0000000711800000| Untracked 
| 114|0x0000000711a00000, 0x0000000711c00000, 0x0000000711c00000|100%| S|CS|TAMS 0x0000000711a00000, 0x0000000711a00000| Complete 
| 115|0x0000000711c00000, 0x0000000711e00000, 0x0000000711e00000|100%| S|CS|TAMS 0x0000000711c00000, 0x0000000711c00000| Complete 
| 116|0x0000000711e00000, 0x0000000711e00000, 0x0000000712000000|  0%| F|  |TAMS 0x0000000711e00000, 0x0000000711e00000| Untracked 
| 117|0x0000000712000000, 0x0000000712000000, 0x0000000712200000|  0%| F|  |TAMS 0x0000000712000000, 0x0000000712000000| Untracked 
| 118|0x0000000712200000, 0x0000000712200000, 0x0000000712400000|  0%| F|  |TAMS 0x0000000712200000, 0x0000000712200000| Untracked 
| 119|0x0000000712400000, 0x0000000712400000, 0x0000000712600000|  0%| F|  |TAMS 0x0000000712400000, 0x0000000712400000| Untracked 
| 120|0x0000000712600000, 0x0000000712600000, 0x0000000712800000|  0%| F|  |TAMS 0x0000000712600000, 0x0000000712600000| Untracked 
| 121|0x0000000712800000, 0x0000000712800000, 0x0000000712a00000|  0%| F|  |TAMS 0x0000000712800000, 0x0000000712800000| Untracked 
| 122|0x0000000712a00000, 0x0000000712a57e80, 0x0000000712c00000| 17%| E|  |TAMS 0x0000000712a00000, 0x0000000712a00000| Complete 
| 123|0x0000000712c00000, 0x0000000712e00000, 0x0000000712e00000|100%| E|CS|TAMS 0x0000000712c00000, 0x0000000712c00000| Complete 
| 124|0x0000000712e00000, 0x0000000713000000, 0x0000000713000000|100%| E|CS|TAMS 0x0000000712e00000, 0x0000000712e00000| Complete 
| 125|0x0000000713000000, 0x0000000713200000, 0x0000000713200000|100%| E|CS|TAMS 0x0000000713000000, 0x0000000713000000| Complete 
| 126|0x0000000713200000, 0x0000000713400000, 0x0000000713400000|100%| E|CS|TAMS 0x0000000713200000, 0x0000000713200000| Complete 

Card table byte_map: [0x000001b073d70000,0x000001b074560000] _byte_map_base: 0x000001b070555000

Marking Bits (Prev, Next): (CMBitMap*) 0x000001b05c7da5b0, (CMBitMap*) 0x000001b05c7da5f0
 Prev Bits: [0x000001b074d50000, 0x000001b078c78000)
 Next Bits: [0x000001b078c80000, 0x000001b07cba8000)

Polling page: 0x000001b05a700000

Metaspace:

Usage:
  Non-class:      8.08 MB used.
      Class:    854.41 KB used.
       Both:      8.92 MB used.

Virtual space:
  Non-class space:       16.00 MB reserved,       8.19 MB ( 51%) committed,  2 nodes.
      Class space:        1.00 GB reserved,     960.00 KB ( <1%) committed,  1 nodes.
             Both:        1.02 GB reserved,       9.12 MB ( <1%) committed. 

Chunk freelists:
   Non-Class:  2.35 MB
       Class:  3.11 MB
        Both:  5.46 MB

MaxMetaspaceSize: unlimited
CompressedClassSpaceSize: 1.00 GB
Initial GC threshold: 21.00 MB
Current GC threshold: 21.00 MB
CDS: on
MetaspaceReclaimPolicy: balanced
 - commit_granule_bytes: 65536.
 - commit_granule_words: 8192.
 - virtual_space_node_default_size: 1048576.
 - enlarge_chunks_in_place: 1.
 - new_chunks_are_fully_committed: 0.
 - uncommit_free_chunks: 1.
 - use_allocation_guard: 0.
 - handle_deallocations: 1.


Internal statistics:

num_allocs_failed_limit: 0.
num_arena_births: 26.
num_arena_deaths: 0.
num_vsnodes_births: 3.
num_vsnodes_deaths: 0.
num_space_committed: 144.
num_space_uncommitted: 0.
num_chunks_returned_to_freelist: 0.
num_chunks_taken_from_freelist: 261.
num_chunk_merges: 0.
num_chunk_splits: 212.
num_chunks_enlarged: 187.
num_purges: 0.
num_inconsistent_stats: 0.

CodeHeap 'non-profiled nmethods': size=120000Kb used=632Kb max_used=632Kb free=119367Kb
 bounds [0x000001b06bd20000, 0x000001b06bf90000, 0x000001b073250000]
CodeHeap 'profiled nmethods': size=120000Kb used=2736Kb max_used=2736Kb free=117263Kb
 bounds [0x000001b0647f0000, 0x000001b064aa0000, 0x000001b06bd20000]
CodeHeap 'non-nmethods': size=5760Kb used=1315Kb max_used=1376Kb free=4445Kb
 bounds [0x000001b064250000, 0x000001b0644c0000, 0x000001b0647f0000]
 total_blobs=2217 nmethods=1561 adapters=569
 compilation: enabled
              stopped_count=0, restarted_count=0
 full_count=0

Compilation events (20 events):
Event: 18.024 Thread 0x000001b07f61f670 nmethod 1547 0x000001b06bdb0a90 code [0x000001b06bdb0c00, 0x000001b06bdb0cf8]
Event: 18.040 Thread 0x000001b07f61f670 1548       4       com.badlogic.gdx.utils.Array::add (48 bytes)
Event: 18.045 Thread 0x000001b07f61f670 nmethod 1548 0x000001b06bdb0e10 code [0x000001b06bdb0fc0, 0x000001b06bdb1228]
Event: 18.222 Thread 0x000001b07f61f670 1549   !   4       java.nio.DirectIntBufferU::put (37 bytes)
Event: 18.225 Thread 0x000001b07f61f670 nmethod 1549 0x000001b06bdb1390 code [0x000001b06bdb1500, 0x000001b06bdb15f8]
Event: 18.755 Thread 0x000001b07f61f670 1552       4       com.badlogic.gdx.graphics.g2d.freetype.FreeTypeFontGenerator$FreeTypeBitmapFontData::getGlyph (271 bytes)
Event: 18.759 Thread 0x000001b07f61f670 nmethod 1552 0x000001b06bdb1f10 code [0x000001b06bdb20a0, 0x000001b06bdb21f8]
Event: 18.759 Thread 0x000001b07f61f670 1553       4       com.badlogic.gdx.utils.FloatArray::get (54 bytes)
Event: 18.760 Thread 0x000001b07f61f670 nmethod 1553 0x000001b06bdb2390 code [0x000001b06bdb2500, 0x000001b06bdb25d8]
Event: 19.139 Thread 0x000001b07f624a20 1554       3       java.lang.reflect.AccessibleObject::<init> (5 bytes)
Event: 19.140 Thread 0x000001b07f624a20 nmethod 1554 0x000001b064a98590 code [0x000001b064a98720, 0x000001b064a98878]
Event: 19.140 Thread 0x000001b07f61f670 1555       4       scala.collection.mutable.ArrayBuffer::iterator (5 bytes)
Event: 19.156 Thread 0x000001b07f61f670 nmethod 1555 0x000001b06bdb2690 code [0x000001b06bdb2840, 0x000001b06bdb2c38]
Event: 19.505 Thread 0x000001b07f61f670 1556       4       scala.collection.IterableOnceOps::foreach (36 bytes)
Event: 19.538 Thread 0x000001b07f61f670 nmethod 1556 0x000001b06bdb2f10 code [0x000001b06bdb3100, 0x000001b06bdb3898]
Event: 20.891 Thread 0x000001b07f61f670 1557       4       com.badlogic.gdx.graphics.Mesh::render (257 bytes)
Event: 20.892 Thread 0x000001b07f624a20 1559       3       java.io.WinNTFileSystem::normalize (224 bytes)
Event: 20.897 Thread 0x000001b07f624a20 nmethod 1559 0x000001b064a98910 code [0x000001b064a98d00, 0x000001b064a9a898]
Event: 20.897 Thread 0x000001b07f624a20 1560       3       java.io.File::getName (42 bytes)
Event: 20.898 Thread 0x000001b07f624a20 nmethod 1560 0x000001b064a9b310 code [0x000001b064a9b560, 0x000001b064a9bdb8]

GC Heap History (2 events):
Event: 2.861 GC heap before
{Heap before GC invocations=0 (full 0):
 garbage-first heap   total 260096K, used 22528K [0x0000000703600000, 0x0000000800000000)
  region size 2048K, 11 young (22528K), 0 survivors (0K)
 Metaspace       used 8049K, committed 8192K, reserved 1064960K
  class space    used 728K, committed 832K, reserved 1048576K
}
Event: 2.867 GC heap after
{Heap after GC invocations=1 (full 0):
 garbage-first heap   total 260096K, used 4149K [0x0000000703600000, 0x0000000800000000)
  region size 2048K, 2 young (4096K), 2 survivors (4096K)
 Metaspace       used 8049K, committed 8192K, reserved 1064960K
  class space    used 728K, committed 832K, reserved 1048576K
}

Deoptimization events (20 events):
Event: 6.424 Thread 0x000001b000d33650 Uncommon trap: trap_request=0xffffff45 fr.pc=0x000001b06bd7922c relative=0x000000000000044c
Event: 6.424 Thread 0x000001b000d33650 Uncommon trap: reason=unstable_if action=reinterpret pc=0x000001b06bd7922c method=com.badlogic.gdx.graphics.glutils.ShapeRenderer.check(Lcom/badlogic/gdx/graphics/glutils/ShapeRenderer$ShapeType;Lcom/badlogic/gdx/graphics/glutils/ShapeRenderer$ShapeType;I
Event: 6.424 Thread 0x000001b000d33650 DEOPT PACKING pc=0x000001b06bd7922c sp=0x0000005a66efec80
Event: 6.424 Thread 0x000001b000d33650 DEOPT UNPACKING pc=0x000001b0642a23a3 sp=0x0000005a66efeb20 mode 2
Event: 6.424 Thread 0x000001b000d33650 Uncommon trap: trap_request=0xffffff45 fr.pc=0x000001b06bd77e60 relative=0x0000000000000580
Event: 6.424 Thread 0x000001b000d33650 Uncommon trap: reason=unstable_if action=reinterpret pc=0x000001b06bd77e60 method=com.badlogic.gdx.graphics.glutils.ShapeRenderer.check(Lcom/badlogic/gdx/graphics/glutils/ShapeRenderer$ShapeType;Lcom/badlogic/gdx/graphics/glutils/ShapeRenderer$ShapeType;I
Event: 6.425 Thread 0x000001b000d33650 DEOPT PACKING pc=0x000001b06bd77e60 sp=0x0000005a66efebd0
Event: 6.425 Thread 0x000001b000d33650 DEOPT UNPACKING pc=0x000001b0642a23a3 sp=0x0000005a66efeb20 mode 2
Event: 13.077 Thread 0x000001b000d33650 Uncommon trap: trap_request=0xffffff45 fr.pc=0x000001b06bd8fb38 relative=0x0000000000002898
Event: 13.077 Thread 0x000001b000d33650 Uncommon trap: reason=unstable_if action=reinterpret pc=0x000001b06bd8fb38 method=com.badlogic.gdx.graphics.g2d.SpriteBatch.flush()V @ 102 c2
Event: 13.077 Thread 0x000001b000d33650 DEOPT PACKING pc=0x000001b06bd8fb38 sp=0x0000005a66efee00
Event: 13.077 Thread 0x000001b000d33650 DEOPT UNPACKING pc=0x000001b0642a23a3 sp=0x0000005a66efedd8 mode 2
Event: 13.610 Thread 0x000001b000d33650 Uncommon trap: trap_request=0xffffff45 fr.pc=0x000001b06bd7c1d0 relative=0x00000000000001b0
Event: 13.610 Thread 0x000001b000d33650 Uncommon trap: reason=unstable_if action=reinterpret pc=0x000001b06bd7c1d0 method=com.badlogic.gdx.utils.Array.add(Ljava/lang/Object;)V @ 11 c2
Event: 13.610 Thread 0x000001b000d33650 DEOPT PACKING pc=0x000001b06bd7c1d0 sp=0x0000005a66efec40
Event: 13.610 Thread 0x000001b000d33650 DEOPT UNPACKING pc=0x000001b0642a23a3 sp=0x0000005a66efec00 mode 2
Event: 15.039 Thread 0x000001b000d33650 Uncommon trap: trap_request=0xffffff45 fr.pc=0x000001b06bd8bde4 relative=0x0000000000000424
Event: 15.039 Thread 0x000001b000d33650 Uncommon trap: reason=unstable_if action=reinterpret pc=0x000001b06bd8bde4 method=com.badlogic.gdx.physics.box2d.Fixture.getShape()Lcom/badlogic/gdx/physics/box2d/Shape; @ 38 c2
Event: 15.039 Thread 0x000001b000d33650 DEOPT PACKING pc=0x000001b06bd8bde4 sp=0x0000005a66efeb30
Event: 15.039 Thread 0x000001b000d33650 DEOPT UNPACKING pc=0x000001b0642a23a3 sp=0x0000005a66efeaf0 mode 2

Classes unloaded (0 events):
No events

Classes redefined (0 events):
No events

Internal exceptions (7 events):
Event: 0.179 Thread 0x000001b000b18420 Exception <a 'java/lang/NoSuchMethodError'{0x00000007131988f0}: 'java.lang.Object java.lang.invoke.DirectMethodHandle$Holder.invokeStaticInit(java.lang.Object)'> (0x00000007131988f0) 
thrown [s\src\hotspot\share\interpreter\linkResolver.cpp, line 759]
Event: 0.192 Thread 0x000001b000b18420 Exception <a 'java/lang/NoSuchMethodError'{0x00000007131a66a0}: 'void java.lang.invoke.DirectMethodHandle$Holder.invokeStatic(java.lang.Object, java.lang.Object)'> (0x00000007131a66a0) 
thrown [s\src\hotspot\share\interpreter\linkResolver.cpp, line 759]
Event: 0.329 Thread 0x000001b05c7700a0 Exception <a 'java/lang/NoSuchMethodError'{0x0000000712c74870}: 'java.lang.Object java.lang.invoke.DirectMethodHandle$Holder.invokeStaticInit(java.lang.Object, int, int, int, int)'> (0x0000000712c74870) 
thrown [s\src\hotspot\share\interpreter\linkResolver.cpp, line 759]
Event: 0.421 Thread 0x000001b05c7700a0 Exception <a 'java/lang/NoSuchMethodError'{0x0000000712ce0d58}: 'java.lang.Object java.lang.invoke.DirectMethodHandle$Holder.invokeStaticInit(java.lang.Object, java.lang.Object, int, int, int, int)'> (0x0000000712ce0d58) 
thrown [s\src\hotspot\share\interpreter\linkResolver.cpp, line 759]
Event: 0.474 Thread 0x000001b05c7700a0 Exception <a 'java/lang/NoSuchMethodError'{0x0000000712d638f0}: 'java.lang.Object java.lang.invoke.DirectMethodHandle$Holder.invokeInterface(java.lang.Object, java.lang.Object)'> (0x0000000712d638f0) 
thrown [s\src\hotspot\share\interpreter\linkResolver.cpp, line 759]
Event: 0.474 Thread 0x000001b05c7700a0 Exception <a 'java/lang/IncompatibleClassChangeError'{0x0000000712d67210}: Found class java.lang.Object, but interface was expected> (0x0000000712d67210) 
thrown [s\src\hotspot\share\interpreter\linkResolver.cpp, line 826]
Event: 1.963 Thread 0x000001b000d33650 Exception <a 'java/lang/NoSuchMethodError'{0x00000007121eda60}: 'java.lang.Object java.lang.invoke.Invokers$Holder.invokeExact_MT(java.lang.Object, java.lang.Object, java.lang.Object, java.lang.Object, java.lang.Object, java.lang.Object)'> (0x00000007121eda60) 
thrown [s\src\hotspot\share\interpreter\linkResolver.cpp, line 759]

VM Operations (20 events):
Event: 7.869 Executing VM operation: Cleanup
Event: 7.869 Executing VM operation: Cleanup done
Event: 8.869 Executing VM operation: Cleanup
Event: 8.869 Executing VM operation: Cleanup done
Event: 9.870 Executing VM operation: Cleanup
Event: 9.870 Executing VM operation: Cleanup done
Event: 11.870 Executing VM operation: Cleanup
Event: 11.871 Executing VM operation: Cleanup done
Event: 12.871 Executing VM operation: Cleanup
Event: 12.871 Executing VM operation: Cleanup done
Event: 14.872 Executing VM operation: Cleanup
Event: 14.872 Executing VM operation: Cleanup done
Event: 15.873 Executing VM operation: Cleanup
Event: 15.873 Executing VM operation: Cleanup done
Event: 17.873 Executing VM operation: Cleanup
Event: 17.873 Executing VM operation: Cleanup done
Event: 18.874 Executing VM operation: Cleanup
Event: 18.874 Executing VM operation: Cleanup done
Event: 19.874 Executing VM operation: Cleanup
Event: 19.874 Executing VM operation: Cleanup done

Events (20 events):
Event: 14.113 loading class jdk/internal/reflect/ByteVectorFactory
Event: 14.113 loading class jdk/internal/reflect/ByteVectorFactory done
Event: 14.113 loading class jdk/internal/reflect/ByteVectorImpl
Event: 14.113 loading class jdk/internal/reflect/ByteVector
Event: 14.113 loading class jdk/internal/reflect/ByteVector done
Event: 14.113 loading class jdk/internal/reflect/ByteVectorImpl done
Event: 14.113 loading class jdk/internal/reflect/ClassFileAssembler
Event: 14.113 loading class jdk/internal/reflect/ClassFileAssembler done
Event: 14.114 loading class jdk/internal/reflect/UTF8
Event: 14.114 loading class jdk/internal/reflect/UTF8 done
Event: 14.115 loading class jdk/internal/reflect/Label
Event: 14.115 loading class jdk/internal/reflect/Label done
Event: 14.115 loading class jdk/internal/reflect/Label$PatchInfo
Event: 14.115 loading class jdk/internal/reflect/Label$PatchInfo done
Event: 14.115 loading class jdk/internal/reflect/MethodAccessorGenerator$1
Event: 14.116 loading class jdk/internal/reflect/MethodAccessorGenerator$1 done
Event: 14.116 loading class jdk/internal/reflect/ClassDefiner
Event: 14.116 loading class jdk/internal/reflect/ClassDefiner done
Event: 14.116 loading class jdk/internal/reflect/ClassDefiner$1
Event: 14.116 loading class jdk/internal/reflect/ClassDefiner$1 done


Dynamic libraries:
0x00007ff6d6b00000 - 0x00007ff6d6b0e000 	C:\Users\Ribeiro\.jdks\temurin-17.0.4.1\bin\java.exe
0x00007ffdb10f0000 - 0x00007ffdb1304000 	C:\WINDOWS\SYSTEM32\ntdll.dll
0x00007ffdaff70000 - 0x00007ffdb0032000 	C:\WINDOWS\System32\KERNEL32.DLL
0x00007ffdaeb20000 - 0x00007ffdaeec3000 	C:\WINDOWS\System32\KERNELBASE.dll
0x00007ffdae7c0000 - 0x00007ffdae8d1000 	C:\WINDOWS\System32\ucrtbase.dll
0x00007ffd95c70000 - 0x00007ffd95c89000 	C:\Users\Ribeiro\.jdks\temurin-17.0.4.1\bin\VCRUNTIME140.dll
0x00007ffd96330000 - 0x00007ffd96348000 	C:\Users\Ribeiro\.jdks\temurin-17.0.4.1\bin\jli.dll
0x00007ffd8cba0000 - 0x00007ffd8ce2e000 	C:\WINDOWS\WinSxS\amd64_microsoft.windows.common-controls_6595b64144ccf1df_6.0.22621.1635_none_270f70857386168e\COMCTL32.dll
0x00007ffdb0190000 - 0x00007ffdb033b000 	C:\WINDOWS\System32\USER32.dll
0x00007ffdaeed0000 - 0x00007ffdaef77000 	C:\WINDOWS\System32\msvcrt.dll
0x00007ffdaeaf0000 - 0x00007ffdaeb16000 	C:\WINDOWS\System32\win32u.dll
0x00007ffdb0590000 - 0x00007ffdb05b9000 	C:\WINDOWS\System32\GDI32.dll
0x00007ffdae8e0000 - 0x00007ffdae9f9000 	C:\WINDOWS\System32\gdi32full.dll
0x00007ffdae5b0000 - 0x00007ffdae64a000 	C:\WINDOWS\System32\msvcp_win.dll
0x00007ffdb0fc0000 - 0x00007ffdb0ff1000 	C:\WINDOWS\System32\IMM32.DLL
0x00007ffda8700000 - 0x00007ffda870c000 	C:\Users\Ribeiro\.jdks\temurin-17.0.4.1\bin\vcruntime140_1.dll
0x00007ffd7f420000 - 0x00007ffd7f4b1000 	C:\Users\Ribeiro\.jdks\temurin-17.0.4.1\bin\msvcp140.dll
0x00007ffd45850000 - 0x00007ffd46496000 	C:\Users\Ribeiro\.jdks\temurin-17.0.4.1\bin\server\jvm.dll
0x00007ffdb1000000 - 0x00007ffdb10ae000 	C:\WINDOWS\System32\ADVAPI32.dll
0x00007ffdaf6c0000 - 0x00007ffdaf764000 	C:\WINDOWS\System32\sechost.dll
0x00007ffdb0d30000 - 0x00007ffdb0e47000 	C:\WINDOWS\System32\RPCRT4.dll
0x00007ffdb0180000 - 0x00007ffdb0188000 	C:\WINDOWS\System32\PSAPI.DLL
0x00007ffd8ee50000 - 0x00007ffd8ee59000 	C:\WINDOWS\SYSTEM32\WSOCK32.dll
0x00007ffda48c0000 - 0x00007ffda48f4000 	C:\WINDOWS\SYSTEM32\WINMM.dll
0x00007ffda1b10000 - 0x00007ffda1b1a000 	C:\WINDOWS\SYSTEM32\VERSION.dll
0x00007ffdb0510000 - 0x00007ffdb0581000 	C:\WINDOWS\System32\WS2_32.dll
0x00007ffdad500000 - 0x00007ffdad518000 	C:\WINDOWS\SYSTEM32\kernel.appcore.dll
0x00007ffda4520000 - 0x00007ffda452a000 	C:\Users\Ribeiro\.jdks\temurin-17.0.4.1\bin\jimage.dll
0x00007ffda4690000 - 0x00007ffda48be000 	C:\WINDOWS\SYSTEM32\DBGHELP.DLL
0x00007ffdb0800000 - 0x00007ffdb0b89000 	C:\WINDOWS\System32\combase.dll
0x00007ffdaf160000 - 0x00007ffdaf237000 	C:\WINDOWS\System32\OLEAUT32.dll
0x00007ffda2da0000 - 0x00007ffda2dd2000 	C:\WINDOWS\SYSTEM32\dbgcore.DLL
0x00007ffdaea00000 - 0x00007ffdaea7b000 	C:\WINDOWS\System32\bcryptPrimitives.dll
0x00007ffda4430000 - 0x00007ffda443e000 	C:\Users\Ribeiro\.jdks\temurin-17.0.4.1\bin\instrument.dll
0x00007ffda24d0000 - 0x00007ffda24f5000 	C:\Users\Ribeiro\.jdks\temurin-17.0.4.1\bin\java.dll
0x00007ffd82630000 - 0x00007ffd82706000 	C:\Users\Ribeiro\.jdks\temurin-17.0.4.1\bin\jsvml.dll
0x00007ffdaf770000 - 0x00007ffdaff6a000 	C:\WINDOWS\System32\SHELL32.dll
0x00007ffdac4a0000 - 0x00007ffdacd6e000 	C:\WINDOWS\SYSTEM32\windows.storage.dll
0x00007ffdac360000 - 0x00007ffdac49e000 	C:\WINDOWS\SYSTEM32\wintypes.dll
0x00007ffdb0ec0000 - 0x00007ffdb0fb1000 	C:\WINDOWS\System32\SHCORE.dll
0x00007ffdaf0b0000 - 0x00007ffdaf10e000 	C:\WINDOWS\System32\shlwapi.dll
0x00007ffdae420000 - 0x00007ffdae441000 	C:\WINDOWS\SYSTEM32\profapi.dll
0x00007ffd95c50000 - 0x00007ffd95c68000 	C:\Users\Ribeiro\.jdks\temurin-17.0.4.1\bin\zip.dll
0x00007ffda21c0000 - 0x00007ffda21d9000 	C:\Users\Ribeiro\.jdks\temurin-17.0.4.1\bin\net.dll
0x00007ffda8b20000 - 0x00007ffda8c57000 	C:\WINDOWS\SYSTEM32\WINHTTP.dll
0x00007ffdad960000 - 0x00007ffdad9c9000 	C:\WINDOWS\system32\mswsock.dll
0x00007ffda1b30000 - 0x00007ffda1b45000 	C:\Users\Ribeiro\.jdks\temurin-17.0.4.1\bin\nio.dll
0x00007ffd9c3c0000 - 0x00007ffd9c3da000 	C:\Program Files\JetBrains\IntelliJ IDEA Community Edition 2022.2.1\bin\breakgen64.dll
0x0000000065580000 - 0x0000000065616000 	C:\Users\Ribeiro\AppData\Local\Temp\libgdxRibeiro\12dfaa03\gdx64.dll
0x00007ffdadc80000 - 0x00007ffdadc9b000 	C:\WINDOWS\SYSTEM32\CRYPTSP.dll
0x00007ffdad470000 - 0x00007ffdad4a5000 	C:\WINDOWS\system32\rsaenh.dll
0x00007ffdada00000 - 0x00007ffdada28000 	C:\WINDOWS\SYSTEM32\USERENV.dll
0x00007ffdade40000 - 0x00007ffdade68000 	C:\WINDOWS\SYSTEM32\bcrypt.dll
0x00007ffdadc60000 - 0x00007ffdadc6c000 	C:\WINDOWS\SYSTEM32\CRYPTBASE.dll
0x00007ffdad010000 - 0x00007ffdad03d000 	C:\WINDOWS\SYSTEM32\IPHLPAPI.DLL
0x00007ffdb0340000 - 0x00007ffdb0349000 	C:\WINDOWS\System32\NSI.dll
0x00007ffda89e0000 - 0x00007ffda89f9000 	C:\WINDOWS\SYSTEM32\dhcpcsvc6.DLL
0x00007ffda89c0000 - 0x00007ffda89df000 	C:\WINDOWS\SYSTEM32\dhcpcsvc.DLL
0x00007ffdad040000 - 0x00007ffdad133000 	C:\WINDOWS\SYSTEM32\DNSAPI.dll
0x00007ffda4420000 - 0x00007ffda4430000 	C:\Users\Ribeiro\.jdks\temurin-17.0.4.1\bin\verify.dll
0x0000000180000000 - 0x0000000180053000 	C:\Users\Ribeiro\AppData\Local\Temp\libgdxRibeiro\dc0f0009\lwjgl64.dll
0x00007ffd329b0000 - 0x00007ffd32ab0000 	C:\WINDOWS\SYSTEM32\OPENGL32.dll
0x00007ffd55bf0000 - 0x00007ffd55c1d000 	C:\WINDOWS\SYSTEM32\GLU32.dll
0x00007ffdab850000 - 0x00007ffdab888000 	C:\WINDOWS\SYSTEM32\dxcore.dll
0x000001b0018d0000 - 0x000001b001934000 	C:\Users\Ribeiro\AppData\Local\Temp\libgdxRibeiro\dc0f0009\OpenAL64.dll
0x00007ffdb0b90000 - 0x00007ffdb0d2c000 	C:\WINDOWS\System32\ole32.dll
0x00007ffdab770000 - 0x00007ffdab81b000 	C:\WINDOWS\system32\uxtheme.dll
0x00007ffdaefe0000 - 0x00007ffdaf090000 	C:\WINDOWS\System32\clbcatq.dll
0x00007ffd834c0000 - 0x00007ffd83562000 	C:\WINDOWS\SYSTEM32\dsound.dll
0x00007ffd904d0000 - 0x00007ffd904f9000 	C:\WINDOWS\SYSTEM32\winmmbase.dll
0x00007ffd7f360000 - 0x00007ffd7f411000 	C:\WINDOWS\SYSTEM32\ResampleDmo.DLL
0x00007ffd8f1c0000 - 0x00007ffd8f1cb000 	C:\WINDOWS\SYSTEM32\msdmo.dll
0x00007ffdae210000 - 0x00007ffdae25d000 	C:\WINDOWS\SYSTEM32\powrprof.dll
0x00007ffdae1f0000 - 0x00007ffdae203000 	C:\WINDOWS\SYSTEM32\UMPDC.dll
0x00007ffda2800000 - 0x00007ffda289d000 	C:\WINDOWS\System32\MMDevApi.dll
0x00007ffdae140000 - 0x00007ffdae16c000 	C:\WINDOWS\System32\DEVOBJ.dll
0x00007ffdae170000 - 0x00007ffdae1be000 	C:\WINDOWS\SYSTEM32\cfgmgr32.dll
0x00007ffd89030000 - 0x00007ffd8921c000 	C:\WINDOWS\SYSTEM32\AUDIOSES.DLL
0x00007ffdabce0000 - 0x00007ffdabcf5000 	C:\WINDOWS\SYSTEM32\resourcepolicyclient.dll
0x00007ffda8720000 - 0x00007ffda87dc000 	C:\WINDOWS\SYSTEM32\mscms.dll
0x00007ffd95a00000 - 0x00007ffd95a4e000 	C:\Windows\System32\Windows.Internal.Graphics.Display.DisplayColorManagement.dll
0x00007ffdb0040000 - 0x00007ffdb0167000 	C:\WINDOWS\System32\MSCTF.dll
0x00007ffda0f60000 - 0x00007ffda0fa8000 	C:\WINDOWS\SYSTEM32\directxdatabasehelper.dll
0x00007ffda2bb0000 - 0x00007ffda2ce4000 	C:\Windows\System32\AppXDeploymentClient.dll
0x00007ffd65c10000 - 0x00007ffd66c2a000 	C:\WINDOWS\System32\DriverStore\FileRepository\iigd_dch.inf_amd64_e396b69e113d1cc5\ig9icd64.dll
0x00007ffdab9a0000 - 0x00007ffdab9cb000 	C:\WINDOWS\system32\dwmapi.dll
0x00007ffdab890000 - 0x00007ffdab986000 	C:\WINDOWS\system32\dxgi.dll
0x00007ffd65800000 - 0x00007ffd65aee000 	C:\WINDOWS\System32\DriverStore\FileRepository\iigd_dch.inf_amd64_e396b69e113d1cc5\igdml64.dll
0x00007ffd99c70000 - 0x00007ffd9a038000 	C:\WINDOWS\System32\DriverStore\FileRepository\iigd_dch.inf_amd64_e396b69e113d1cc5\igdgmm64.dll
0x00007ffd96680000 - 0x00007ffd99c66000 	C:\WINDOWS\System32\DriverStore\FileRepository\iigd_dch.inf_amd64_e396b69e113d1cc5\igc64.dll
0x00007ffd956c0000 - 0x00007ffd957ed000 	C:\WINDOWS\SYSTEM32\textinputframework.dll
0x00007ffdab3b0000 - 0x00007ffdab4e3000 	C:\WINDOWS\SYSTEM32\CoreMessaging.dll
0x00007ffd9d510000 - 0x00007ffd9d87c000 	C:\WINDOWS\SYSTEM32\CoreUIComponents.dll
0x00007ffd72b20000 - 0x00007ffd72b89000 	C:\WINDOWS\system32\Oleacc.dll
0x00007ffda4440000 - 0x00007ffda4489000 	C:\WINDOWS\SYSTEM32\icm32.dll
0x0000000066bc0000 - 0x0000000066c7b000 	C:\Users\Ribeiro\AppData\Local\Temp\libgdxRibeiro\54593449\gdx-box2d64.dll
0x000000006a740000 - 0x000000006a7f1000 	C:\Users\Ribeiro\AppData\Local\Temp\libgdxRibeiro\a04a55a\gdx-freetype64.dll
0x0000000068900000 - 0x0000000068a54000 	C:\Users\Ribeiro\AppData\Local\Temp\libgdxRibeiro\db0e5263\gdx-controllers-desktop64.dll
0x00007ffd8d010000 - 0x00007ffd8d056000 	C:\WINDOWS\SYSTEM32\DINPUT8.dll
0x00007ffd9de80000 - 0x00007ffd9e081000 	C:\WINDOWS\SYSTEM32\inputhost.dll
0x00007ffdacd70000 - 0x00007ffdacd7e000 	C:\WINDOWS\SYSTEM32\HID.DLL
0x00007ffdaf240000 - 0x00007ffdaf6b4000 	C:\WINDOWS\System32\SETUPAPI.DLL
0x00007ffdaea80000 - 0x00007ffdaeaeb000 	C:\WINDOWS\System32\WINTRUST.dll
0x00007ffdae650000 - 0x00007ffdae7b7000 	C:\WINDOWS\System32\CRYPT32.dll
0x00007ffdadcd0000 - 0x00007ffdadce2000 	C:\WINDOWS\SYSTEM32\MSASN1.dll

dbghelp: loaded successfully - version: 4.0.5 - missing functions: none
symbol engine: initialized successfully - sym options: 0x614 - pdb path: .;C:\Users\Ribeiro\.jdks\temurin-17.0.4.1\bin;C:\WINDOWS\SYSTEM32;C:\WINDOWS\WinSxS\amd64_microsoft.windows.common-controls_6595b64144ccf1df_6.0.22621.1635_none_270f70857386168e;C:\Users\Ribeiro\.jdks\temurin-17.0.4.1\bin\server;C:\Program Files\JetBrains\IntelliJ IDEA Community Edition 2022.2.1\bin;C:\Users\Ribeiro\AppData\Local\Temp\libgdxRibeiro\12dfaa03;C:\Users\Ribeiro\AppData\Local\Temp\libgdxRibeiro\dc0f0009;C:\WINDOWS\System32\DriverStore\FileRepository\iigd_dch.inf_amd64_e396b69e113d1cc5;C:\Users\Ribeiro\AppData\Local\Temp\libgdxRibeiro\54593449;C:\Users\Ribeiro\AppData\Local\Temp\libgdxRibeiro\a04a55a;C:\Users\Ribeiro\AppData\Local\Temp\libgdxRibeiro\db0e5263

VM Arguments:
jvm_args: -javaagent:C:\Program Files\JetBrains\IntelliJ IDEA Community Edition 2022.2.1\lib\idea_rt.jar=61212:C:\Program Files\JetBrains\IntelliJ IDEA Community Edition 2022.2.1\bin -Dfile.encoding=UTF-8 
java_command: Test
java_class_path (initial): C:\Users\Ribeiro\IdeaProjects\gdx2d-helloDesktop\out\production\BubbleTrouble;C:\Users\Ribeiro\IdeaProjects\gdx2d-helloDesktop\libs\gdx2d-desktop-1.2.2.jar;C:\Users\Ribeiro\IdeaProjects\gdx2d-helloDesktop\libs\gdx2d-desktop-1.2.2-sources.jar;C:\Users\Ribeiro\.ivy2\cache\org.scala-lang\scala-library\jars\scala-library-2.13.9.jar;C:\Users\Ribeiro\.ivy2\cache\org.scala-lang\scala-reflect\jars\scala-reflect-2.13.9.jar
Launcher Type: SUN_STANDARD

[Global flags]
     intx CICompilerCount                          = 4                                         {product} {ergonomic}
     uint ConcGCThreads                            = 2                                         {product} {ergonomic}
     uint G1ConcRefinementThreads                  = 8                                         {product} {ergonomic}
   size_t G1HeapRegionSize                         = 2097152                                   {product} {ergonomic}
    uintx GCDrainStackTargetSize                   = 64                                        {product} {ergonomic}
   size_t InitialHeapSize                          = 266338304                                 {product} {ergonomic}
   size_t MarkStackSize                            = 4194304                                   {product} {ergonomic}
   size_t MaxHeapSize                              = 4238344192                                {product} {ergonomic}
   size_t MaxNewSize                               = 2541748224                                {product} {ergonomic}
   size_t MinHeapDeltaBytes                        = 2097152                                   {product} {ergonomic}
   size_t MinHeapSize                              = 8388608                                   {product} {ergonomic}
    uintx NonNMethodCodeHeapSize                   = 5839372                                {pd product} {ergonomic}
    uintx NonProfiledCodeHeapSize                  = 122909434                              {pd product} {ergonomic}
    uintx ProfiledCodeHeapSize                     = 122909434                              {pd product} {ergonomic}
    uintx ReservedCodeCacheSize                    = 251658240                              {pd product} {ergonomic}
     bool SegmentedCodeCache                       = true                                      {product} {ergonomic}
   size_t SoftMaxHeapSize                          = 4238344192                             {manageable} {ergonomic}
     bool UseCompressedClassPointers               = true                           {product lp64_product} {ergonomic}
     bool UseCompressedOops                        = true                           {product lp64_product} {ergonomic}
     bool UseG1GC                                  = true                                      {product} {ergonomic}
     bool UseLargePagesIndividualAllocation        = false                                  {pd product} {ergonomic}

Logging:
Log output configuration:
 #0: stdout all=warning uptime,level,tags
 #1: stderr all=off uptime,level,tags

Environment Variables:
PATH=C:\Program Files (x86)\VMware\VMware Player\bin\;C:\Program Files (x86)\Common Files\Oracle\Java\javapath;C:\WINDOWS\system32;C:\WINDOWS;C:\WINDOWS\System32\Wbem;C:\WINDOWS\System32\WindowsPowerShell\v1.0\;C:\WINDOWS\System32\OpenSSH\;C:\Program Files (x86)\Pulse Secure\VC142.CRT\X64\;C:\Program Files (x86)\Pulse Secure\VC142.CRT\X86\;C:\Program Files (x86)\Common Files\Pulse Secure\TNC Client Plugin\;C:\Program Files\dotnet\;C:\Program Files\Common Files\Autodesk Shared\;C:\Program Files\Microsoft SQL Server\120\Tools\Binn\;C:\Program Files\Git\cmd;C:\Program Files (x86)\PowerShell\7\;C:\Program Files\Docker\Docker\resources\bin;C:\Program Files\WireGuard\;C:\Program Files\MySQL\MySQL Shell 8.0\bin\;C:\Users\Ribeiro\AppData\Local\Microsoft\WindowsApps;C:\Users\Ribeiro\AppData\Local\GitHubDesktop\bin;C:\eda\MentorGraphics\ModelSim\win32;C:\Users\Ribeiro\AppData\Local\Programs\Microsoft VS Code\bin;C:\Users\Ribeiro\AppData\Local\Programs\Python\Python39;
USERNAME=Ribeiro
OS=Windows_NT
PROCESSOR_IDENTIFIER=Intel64 Family 6 Model 142 Stepping 12, GenuineIntel
TMP=C:\Users\Ribeiro\AppData\Local\Temp
TEMP=C:\Users\Ribeiro\AppData\Local\Temp



---------------  S Y S T E M  ---------------

OS:
 Windows 11 , 64 bit Build 22621 (10.0.22621.1778)
OS uptime: 12 days 2:55 hours
Hyper-V role detected

CPU: total 8 (initial active 8) (4 cores per cpu, 2 threads per core) family 6 model 142 stepping 12 microcode 0xea, cx8, cmov, fxsr, ht, mmx, 3dnowpref, sse, sse2, sse3, ssse3, sse4.1, sse4.2, popcnt, lzcnt, tsc, tscinvbit, avx, avx2, aes, erms, clmul, bmi1, bmi2, adx, fma, vzeroupper, clflush, clflushopt, hv

Memory: 4k page, system-wide physical 16166M (3574M free)
TotalPageFile size 24870M (AvailPageFile size 5105M)
current process WorkingSet (physical memory assigned to process): 949M, peak: 950M
current process commit charge ("private bytes"): 1111M, peak: 1117M

vm_info: OpenJDK 64-Bit Server VM (17.0.4.1+1) for windows-amd64 JRE (17.0.4.1+1), built on Aug 17 2022 07:42:43 by "temurin" with MS VC++ 16.7 (VS2019)

END.
